2023-10-03T17:41:44.027838Z [info     ] Performing full refresh, ignoring state left behind by any previous runs.
2023-10-03T17:41:44.676516Z [info     ] 2023-10-03 10:41:44,676 | WARNING  | tap-github           | The stream 'stargazers' might conflict with previous implementation. Looking for the older version? Use 'stargazers_rest'. cmd_type=elb consumer=False name=tap-github producer=True stdio=stderr string_id=tap-github
2023-10-03T17:41:44.676798Z [info     ] 2023-10-03 10:41:44,676 | WARNING  | tap-github           | The stream 'stargazers_rest' is deprecated. Please use the Graphql version instead: 'stargazers'. cmd_type=elb consumer=False name=tap-github producer=True stdio=stderr string_id=tap-github
2023-10-03T17:41:44.676982Z [info     ] 2023-10-03 10:41:44,676 | INFO     | tap-github           | Added 'anonymous_contributors' as child stream to 'repositories' cmd_type=elb consumer=False name=tap-github producer=True stdio=stderr string_id=tap-github
2023-10-03T17:41:44.677154Z [info     ] 2023-10-03 10:41:44,676 | INFO     | tap-github           | Added 'assignees' as child stream to 'repositories' cmd_type=elb consumer=False name=tap-github producer=True stdio=stderr string_id=tap-github
2023-10-03T17:41:44.677294Z [info     ] 2023-10-03 10:41:44,677 | INFO     | tap-github           | Added 'collaborators' as child stream to 'repositories' cmd_type=elb consumer=False name=tap-github producer=True stdio=stderr string_id=tap-github
2023-10-03T17:41:44.677411Z [info     ] 2023-10-03 10:41:44,677 | INFO     | tap-github           | Added 'commit_comments' as child stream to 'repositories' cmd_type=elb consumer=False name=tap-github producer=True stdio=stderr string_id=tap-github
2023-10-03T17:41:44.677525Z [info     ] 2023-10-03 10:41:44,677 | INFO     | tap-github           | Added 'commits' as child stream to 'repositories' cmd_type=elb consumer=False name=tap-github producer=True stdio=stderr string_id=tap-github
2023-10-03T17:41:44.677689Z [info     ] 2023-10-03 10:41:44,677 | INFO     | tap-github           | Added 'community_profile' as child stream to 'repositories' cmd_type=elb consumer=False name=tap-github producer=True stdio=stderr string_id=tap-github
2023-10-03T17:41:44.677810Z [info     ] 2023-10-03 10:41:44,677 | INFO     | tap-github           | Added 'contributors' as child stream to 'repositories' cmd_type=elb consumer=False name=tap-github producer=True stdio=stderr string_id=tap-github
2023-10-03T17:41:44.677923Z [info     ] 2023-10-03 10:41:44,677 | INFO     | tap-github           | Added 'dependencies' as child stream to 'repositories' cmd_type=elb consumer=False name=tap-github producer=True stdio=stderr string_id=tap-github
2023-10-03T17:41:44.678033Z [info     ] 2023-10-03 10:41:44,677 | INFO     | tap-github           | Added 'dependents' as child stream to 'repositories' cmd_type=elb consumer=False name=tap-github producer=True stdio=stderr string_id=tap-github
2023-10-03T17:41:44.678142Z [info     ] 2023-10-03 10:41:44,677 | INFO     | tap-github           | Added 'events' as child stream to 'repositories' cmd_type=elb consumer=False name=tap-github producer=True stdio=stderr string_id=tap-github
2023-10-03T17:41:44.678282Z [info     ] 2023-10-03 10:41:44,677 | INFO     | tap-github           | Added 'issue_comments' as child stream to 'repositories' cmd_type=elb consumer=False name=tap-github producer=True stdio=stderr string_id=tap-github
2023-10-03T17:41:44.678445Z [info     ] 2023-10-03 10:41:44,677 | INFO     | tap-github           | Added 'issue_events' as child stream to 'repositories' cmd_type=elb consumer=False name=tap-github producer=True stdio=stderr string_id=tap-github
2023-10-03T17:41:44.678621Z [info     ] 2023-10-03 10:41:44,677 | INFO     | tap-github           | Added 'issues' as child stream to 'repositories' cmd_type=elb consumer=False name=tap-github producer=True stdio=stderr string_id=tap-github
2023-10-03T17:41:44.678797Z [info     ] 2023-10-03 10:41:44,677 | INFO     | tap-github           | Added 'labels' as child stream to 'repositories' cmd_type=elb consumer=False name=tap-github producer=True stdio=stderr string_id=tap-github
2023-10-03T17:41:44.678993Z [info     ] 2023-10-03 10:41:44,677 | INFO     | tap-github           | Added 'languages' as child stream to 'repositories' cmd_type=elb consumer=False name=tap-github producer=True stdio=stderr string_id=tap-github
2023-10-03T17:41:44.679185Z [info     ] 2023-10-03 10:41:44,677 | INFO     | tap-github           | Added 'milestones' as child stream to 'repositories' cmd_type=elb consumer=False name=tap-github producer=True stdio=stderr string_id=tap-github
2023-10-03T17:41:44.679366Z [info     ] 2023-10-03 10:41:44,677 | INFO     | tap-github           | Added 'project_cards' as child stream to 'project_columns' cmd_type=elb consumer=False name=tap-github producer=True stdio=stderr string_id=tap-github
2023-10-03T17:41:44.679575Z [info     ] 2023-10-03 10:41:44,677 | INFO     | tap-github           | Added 'project_columns' as child stream to 'projects' cmd_type=elb consumer=False name=tap-github producer=True stdio=stderr string_id=tap-github
2023-10-03T17:41:44.679860Z [info     ] 2023-10-03 10:41:44,677 | INFO     | tap-github           | Added 'projects' as child stream to 'repositories' cmd_type=elb consumer=False name=tap-github producer=True stdio=stderr string_id=tap-github
2023-10-03T17:41:44.680051Z [info     ] 2023-10-03 10:41:44,677 | INFO     | tap-github           | Added 'pull_request_commits' as child stream to 'pull_requests' cmd_type=elb consumer=False name=tap-github producer=True stdio=stderr string_id=tap-github
2023-10-03T17:41:44.680193Z [info     ] 2023-10-03 10:41:44,677 | INFO     | tap-github           | Added 'pull_requests' as child stream to 'repositories' cmd_type=elb consumer=False name=tap-github producer=True stdio=stderr string_id=tap-github
2023-10-03T17:41:44.680310Z [info     ] 2023-10-03 10:41:44,677 | INFO     | tap-github           | Added 'readme_html' as child stream to 'repositories' cmd_type=elb consumer=False name=tap-github producer=True stdio=stderr string_id=tap-github
2023-10-03T17:41:44.680424Z [info     ] 2023-10-03 10:41:44,677 | INFO     | tap-github           | Added 'readme' as child stream to 'repositories' cmd_type=elb consumer=False name=tap-github producer=True stdio=stderr string_id=tap-github
2023-10-03T17:41:44.680554Z [info     ] 2023-10-03 10:41:44,677 | INFO     | tap-github           | Added 'releases' as child stream to 'repositories' cmd_type=elb consumer=False name=tap-github producer=True stdio=stderr string_id=tap-github
2023-10-03T17:41:44.680692Z [info     ] 2023-10-03 10:41:44,677 | INFO     | tap-github           | Added 'extra_metrics' as child stream to 'repositories' cmd_type=elb consumer=False name=tap-github producer=True stdio=stderr string_id=tap-github
2023-10-03T17:41:44.680803Z [info     ] 2023-10-03 10:41:44,677 | INFO     | tap-github           | Added 'review_comments' as child stream to 'repositories' cmd_type=elb consumer=False name=tap-github producer=True stdio=stderr string_id=tap-github
2023-10-03T17:41:44.680922Z [info     ] 2023-10-03 10:41:44,677 | INFO     | tap-github           | Added 'reviews' as child stream to 'pull_requests' cmd_type=elb consumer=False name=tap-github producer=True stdio=stderr string_id=tap-github
2023-10-03T17:41:44.681038Z [info     ] 2023-10-03 10:41:44,678 | INFO     | tap-github           | Added 'stargazers' as child stream to 'repositories' cmd_type=elb consumer=False name=tap-github producer=True stdio=stderr string_id=tap-github
2023-10-03T17:41:44.681152Z [info     ] 2023-10-03 10:41:44,678 | INFO     | tap-github           | Added 'stargazers_rest' as child stream to 'repositories' cmd_type=elb consumer=False name=tap-github producer=True stdio=stderr string_id=tap-github
2023-10-03T17:41:44.681261Z [info     ] 2023-10-03 10:41:44,678 | INFO     | tap-github           | Added 'stats_contributors' as child stream to 'repositories' cmd_type=elb consumer=False name=tap-github producer=True stdio=stderr string_id=tap-github
2023-10-03T17:41:44.681369Z [info     ] 2023-10-03 10:41:44,678 | INFO     | tap-github           | Added 'traffic_clones' as child stream to 'repositories' cmd_type=elb consumer=False name=tap-github producer=True stdio=stderr string_id=tap-github
2023-10-03T17:41:44.681488Z [info     ] 2023-10-03 10:41:44,678 | INFO     | tap-github           | Added 'traffic_pageviews' as child stream to 'repositories' cmd_type=elb consumer=False name=tap-github producer=True stdio=stderr string_id=tap-github
2023-10-03T17:41:44.681599Z [info     ] 2023-10-03 10:41:44,678 | INFO     | tap-github           | Added 'traffic_referral_paths' as child stream to 'repositories' cmd_type=elb consumer=False name=tap-github producer=True stdio=stderr string_id=tap-github
2023-10-03T17:41:44.681707Z [info     ] 2023-10-03 10:41:44,678 | INFO     | tap-github           | Added 'traffic_referrers' as child stream to 'repositories' cmd_type=elb consumer=False name=tap-github producer=True stdio=stderr string_id=tap-github
2023-10-03T17:41:44.681822Z [info     ] 2023-10-03 10:41:44,678 | INFO     | tap-github           | Added 'workflow_run_jobs' as child stream to 'workflow_runs' cmd_type=elb consumer=False name=tap-github producer=True stdio=stderr string_id=tap-github
2023-10-03T17:41:44.681951Z [info     ] 2023-10-03 10:41:44,678 | INFO     | tap-github           | Added 'workflow_runs' as child stream to 'repositories' cmd_type=elb consumer=False name=tap-github producer=True stdio=stderr string_id=tap-github
2023-10-03T17:41:44.682079Z [info     ] 2023-10-03 10:41:44,678 | INFO     | tap-github           | Added 'workflows' as child stream to 'repositories' cmd_type=elb consumer=False name=tap-github producer=True stdio=stderr string_id=tap-github
2023-10-03T17:41:44.682210Z [info     ] 2023-10-03 10:41:44,679 | WARNING  | tap-github           | Stream descendent 'commits' is selected and its parent 'repositories' does not use inclusive replication keys. Forcing full table replication for 'repositories'. cmd_type=elb consumer=False name=tap-github producer=True stdio=stderr string_id=tap-github
2023-10-03T17:41:44.682477Z [info     ] 2023-10-03 10:41:44,681 | INFO     | tap-github           | Skipping deselected stream 'anonymous_contributors'. cmd_type=elb consumer=False name=tap-github producer=True stdio=stderr string_id=tap-github
2023-10-03T17:41:44.682619Z [info     ] 2023-10-03 10:41:44,682 | INFO     | tap-github           | Skipping deselected stream 'assignees'. cmd_type=elb consumer=False name=tap-github producer=True stdio=stderr string_id=tap-github
2023-10-03T17:41:44.682757Z [info     ] 2023-10-03 10:41:44,682 | INFO     | tap-github           | Skipping deselected stream 'collaborators'. cmd_type=elb consumer=False name=tap-github producer=True stdio=stderr string_id=tap-github
2023-10-03T17:41:44.682926Z [info     ] 2023-10-03 10:41:44,682 | INFO     | tap-github           | Skipping deselected stream 'commit_comments'. cmd_type=elb consumer=False name=tap-github producer=True stdio=stderr string_id=tap-github
2023-10-03T17:41:44.683044Z [info     ] 2023-10-03 10:41:44,682 | INFO     | tap-github           | Skipping deselected stream 'community_profile'. cmd_type=elb consumer=False name=tap-github producer=True stdio=stderr string_id=tap-github
2023-10-03T17:41:44.683204Z [info     ] 2023-10-03 10:41:44,682 | INFO     | tap-github           | Skipping deselected stream 'contributors'. cmd_type=elb consumer=False name=tap-github producer=True stdio=stderr string_id=tap-github
2023-10-03T17:41:44.683325Z [info     ] 2023-10-03 10:41:44,682 | INFO     | tap-github           | Skipping deselected stream 'dependencies'. cmd_type=elb consumer=False name=tap-github producer=True stdio=stderr string_id=tap-github
2023-10-03T17:41:44.683435Z [info     ] 2023-10-03 10:41:44,682 | INFO     | tap-github           | Skipping deselected stream 'dependents'. cmd_type=elb consumer=False name=tap-github producer=True stdio=stderr string_id=tap-github
2023-10-03T17:41:44.683578Z [info     ] 2023-10-03 10:41:44,682 | INFO     | tap-github           | Skipping deselected stream 'events'. cmd_type=elb consumer=False name=tap-github producer=True stdio=stderr string_id=tap-github
2023-10-03T17:41:44.683755Z [info     ] 2023-10-03 10:41:44,682 | INFO     | tap-github           | Skipping deselected stream 'extra_metrics'. cmd_type=elb consumer=False name=tap-github producer=True stdio=stderr string_id=tap-github
2023-10-03T17:41:44.683883Z [info     ] 2023-10-03 10:41:44,682 | INFO     | tap-github           | Skipping deselected stream 'issue_comments'. cmd_type=elb consumer=False name=tap-github producer=True stdio=stderr string_id=tap-github
2023-10-03T17:41:44.684042Z [info     ] 2023-10-03 10:41:44,682 | INFO     | tap-github           | Skipping deselected stream 'issue_events'. cmd_type=elb consumer=False name=tap-github producer=True stdio=stderr string_id=tap-github
2023-10-03T17:41:44.684193Z [info     ] 2023-10-03 10:41:44,682 | INFO     | tap-github           | Skipping deselected stream 'issues'. cmd_type=elb consumer=False name=tap-github producer=True stdio=stderr string_id=tap-github
2023-10-03T17:41:44.684312Z [info     ] 2023-10-03 10:41:44,682 | INFO     | tap-github           | Skipping deselected stream 'labels'. cmd_type=elb consumer=False name=tap-github producer=True stdio=stderr string_id=tap-github
2023-10-03T17:41:44.684423Z [info     ] 2023-10-03 10:41:44,682 | INFO     | tap-github           | Skipping deselected stream 'languages'. cmd_type=elb consumer=False name=tap-github producer=True stdio=stderr string_id=tap-github
2023-10-03T17:41:44.684534Z [info     ] 2023-10-03 10:41:44,682 | INFO     | tap-github           | Skipping deselected stream 'milestones'. cmd_type=elb consumer=False name=tap-github producer=True stdio=stderr string_id=tap-github
2023-10-03T17:41:44.684644Z [info     ] 2023-10-03 10:41:44,682 | INFO     | tap-github           | Skipping deselected stream 'project_cards'. cmd_type=elb consumer=False name=tap-github producer=True stdio=stderr string_id=tap-github
2023-10-03T17:41:44.684755Z [info     ] 2023-10-03 10:41:44,682 | INFO     | tap-github           | Skipping deselected stream 'project_columns'. cmd_type=elb consumer=False name=tap-github producer=True stdio=stderr string_id=tap-github
2023-10-03T17:41:44.684866Z [info     ] 2023-10-03 10:41:44,683 | INFO     | tap-github           | Skipping deselected stream 'projects'. cmd_type=elb consumer=False name=tap-github producer=True stdio=stderr string_id=tap-github
2023-10-03T17:41:44.684976Z [info     ] 2023-10-03 10:41:44,683 | INFO     | tap-github           | Skipping deselected stream 'pull_request_commits'. cmd_type=elb consumer=False name=tap-github producer=True stdio=stderr string_id=tap-github
2023-10-03T17:41:44.685085Z [info     ] 2023-10-03 10:41:44,683 | INFO     | tap-github           | Skipping deselected stream 'pull_requests'. cmd_type=elb consumer=False name=tap-github producer=True stdio=stderr string_id=tap-github
2023-10-03T17:41:44.685262Z [info     ] 2023-10-03 10:41:44,683 | INFO     | tap-github           | Skipping deselected stream 'readme'. cmd_type=elb consumer=False name=tap-github producer=True stdio=stderr string_id=tap-github
2023-10-03T17:41:44.685383Z [info     ] 2023-10-03 10:41:44,683 | INFO     | tap-github           | Skipping deselected stream 'readme_html'. cmd_type=elb consumer=False name=tap-github producer=True stdio=stderr string_id=tap-github
2023-10-03T17:41:44.685495Z [info     ] 2023-10-03 10:41:44,683 | INFO     | tap-github           | Skipping deselected stream 'releases'. cmd_type=elb consumer=False name=tap-github producer=True stdio=stderr string_id=tap-github
2023-10-03T17:41:44.685605Z [info     ] 2023-10-03 10:41:44,683 | INFO     | tap-github           | Beginning full_table sync of 'repositories'... cmd_type=elb consumer=False name=tap-github producer=True stdio=stderr string_id=tap-github
2023-10-03T17:41:44.685715Z [info     ] 2023-10-03 10:41:44,683 | INFO     | tap-github           | Filtering repository list of 1 repositories cmd_type=elb consumer=False name=tap-github producer=True stdio=stderr string_id=tap-github
2023-10-03T17:41:44.848723Z [info     ] 2023-10-03 10:41:44,848 | INFO     | target-postgres      | Target 'target-postgres' is listening for input from tap. cmd_type=elb consumer=True name=target-postgres producer=False stdio=stderr string_id=target-postgres
2023-10-03T17:41:45.070724Z [info     ] 2023-10-03 10:41:45,070 | INFO     | tap-github           | Tap will run with 1 auth tokens cmd_type=elb consumer=False name=tap-github producer=True stdio=stderr string_id=tap-github
2023-10-03T17:41:45.753881Z [info     ] 2023-10-03 10:41:45,753 | INFO     | singer_sdk.metrics   | METRIC: {"type": "timer", "metric": "http_request_duration", "value": 0.680252, "tags": {"stream": "tempStream", "endpoint": "", "http_status_code": 200, "status": "succeeded"}} cmd_type=elb consumer=False name=tap-github producer=True stdio=stderr string_id=tap-github
2023-10-03T17:41:45.814597Z [info     ] 2023-10-03 10:41:45,814 | INFO     | singer_sdk.metrics   | METRIC: {"type": "counter", "metric": "http_request_count", "value": 1, "tags": {"stream": "tempStream", "endpoint": "", "context": {}}} cmd_type=elb consumer=False name=tap-github producer=True stdio=stderr string_id=tap-github
2023-10-03T17:41:45.814906Z [info     ] 2023-10-03 10:41:45,814 | INFO     | tap-github           | Running the tap on 1 repositories cmd_type=elb consumer=False name=tap-github producer=True stdio=stderr string_id=tap-github
2023-10-03T17:41:45.815855Z [info     ] 2023-10-03 10:41:45,815 | INFO     | tap-github           | Running the tap on 1 repositories cmd_type=elb consumer=False name=tap-github producer=True stdio=stderr string_id=tap-github
2023-10-03T17:41:46.226957Z [info     ] 2023-10-03 10:41:46,226 | INFO     | tap-github           | Tap will run with 1 auth tokens cmd_type=elb consumer=False name=tap-github producer=True stdio=stderr string_id=tap-github
2023-10-03T17:41:46.717412Z [info     ] 2023-10-03 10:41:46,716 | INFO     | singer_sdk.metrics   | METRIC: {"type": "timer", "metric": "http_request_duration", "value": 0.484771, "tags": {"stream": "repositories", "endpoint": "/repos/{org}/{repo}", "http_status_code": 200, "status": "succeeded", "context": {"org": "CorrelAid", "repo": "correlaid_website", "repo_id": 579987199}}} cmd_type=elb consumer=False name=tap-github producer=True stdio=stderr string_id=tap-github
2023-10-03T17:41:46.718652Z [info     ] 2023-10-03 10:41:46,717 | INFO     | tap-github           | Tap has custom mapper. Using 1 provided map(s). cmd_type=elb consumer=False name=tap-github producer=True stdio=stderr string_id=tap-github
2023-10-03T17:41:46.719425Z [info     ] 2023-10-03 10:41:46,718 | INFO     | tap-github           | Beginning incremental sync of 'commits' with context: {'org': 'CorrelAid', 'repo': 'correlaid_website', 'repo_id': 579987199}... cmd_type=elb consumer=False name=tap-github producer=True stdio=stderr string_id=tap-github
2023-10-03T17:41:46.720465Z [info     ] 2023-10-03 10:41:46,718 | INFO     | tap-github           | Tap has custom mapper. Using 1 provided map(s). cmd_type=elb consumer=False name=tap-github producer=True stdio=stderr string_id=tap-github
2023-10-03T17:41:46.722647Z [info     ] 2023-10-03 10:41:46,722 | INFO     | target-postgres      | Initializing 'target-postgres' target sink... cmd_type=elb consumer=True name=target-postgres producer=False stdio=stderr string_id=target-postgres
2023-10-03T17:41:46.723606Z [info     ] 2023-10-03 10:41:46,723 | INFO     | target-postgres      | Initializing target sink for stream 'commits'... cmd_type=elb consumer=True name=target-postgres producer=False stdio=stderr string_id=target-postgres
2023-10-03T17:41:47.167417Z [info     ] 2023-10-03 10:41:47,166 | INFO     | tap-github           | Tap will run with 1 auth tokens cmd_type=elb consumer=False name=tap-github producer=True stdio=stderr string_id=tap-github
2023-10-03T17:41:48.001952Z [info     ] 2023-10-03 10:41:48,000 | INFO     | singer_sdk.metrics   | METRIC: {"type": "timer", "metric": "http_request_duration", "value": 0.676455, "tags": {"stream": "commits", "endpoint": "/repos/{org}/{repo}/commits", "http_status_code": 200, "status": "succeeded", "context": {"org": "CorrelAid", "repo": "correlaid_website", "repo_id": 579987199}}} cmd_type=elb consumer=False name=tap-github producer=True stdio=stderr string_id=tap-github
2023-10-03T17:41:48.017136Z [info     ] 2023-10-03 10:41:48,016 | WARNING  | tap-github           | Properties ('commit.url', 'commit.comment_count', 'comments_url', 'author.url', 'author.followers_url', 'author.following_url', 'author.gists_url', 'author.starred_url', 'author.subscriptions_url', 'author.organizations_url', 'author.repos_url', 'author.events_url', 'author.received_events_url', 'committer.url', 'committer.followers_url', 'committer.following_url', 'committer.gists_url', 'committer.starred_url', 'committer.subscriptions_url', 'committer.organizations_url', 'committer.repos_url', 'committer.events_url', 'committer.received_events_url', 'parents') were present in the 'commits' stream but not found in catalog schema. Ignoring. cmd_type=elb consumer=False name=tap-github producer=True stdio=stderr string_id=tap-github
2023-10-03T17:41:48.042188Z [info     ] 2023-10-03 10:41:48,041 | WARNING  | tap-github           | Properties ('commit.url', 'commit.comment_count', 'comments_url', 'parents') were present in the 'commits' stream but not found in catalog schema. Ignoring. cmd_type=elb consumer=False name=tap-github producer=True stdio=stderr string_id=tap-github
2023-10-03T17:41:48.632188Z [info     ] 2023-10-03 10:41:48,631 | INFO     | singer_sdk.metrics   | METRIC: {"type": "timer", "metric": "http_request_duration", "value": 0.554947, "tags": {"stream": "commits", "endpoint": "/repos/{org}/{repo}/commits", "http_status_code": 200, "status": "succeeded", "context": {"org": "CorrelAid", "repo": "correlaid_website", "repo_id": 579987199}}} cmd_type=elb consumer=False name=tap-github producer=True stdio=stderr string_id=tap-github
2023-10-03T17:41:49.334520Z [info     ] 2023-10-03 10:41:49,333 | INFO     | singer_sdk.metrics   | METRIC: {"type": "timer", "metric": "http_request_duration", "value": 0.629513, "tags": {"stream": "commits", "endpoint": "/repos/{org}/{repo}/commits", "http_status_code": 200, "status": "succeeded", "context": {"org": "CorrelAid", "repo": "correlaid_website", "repo_id": 579987199}}} cmd_type=elb consumer=False name=tap-github producer=True stdio=stderr string_id=tap-github
2023-10-03T17:41:49.851679Z [info     ] 2023-10-03 10:41:49,850 | INFO     | singer_sdk.metrics   | METRIC: {"type": "timer", "metric": "http_request_duration", "value": 0.45967, "tags": {"stream": "commits", "endpoint": "/repos/{org}/{repo}/commits", "http_status_code": 200, "status": "succeeded", "context": {"org": "CorrelAid", "repo": "correlaid_website", "repo_id": 579987199}}} cmd_type=elb consumer=False name=tap-github producer=True stdio=stderr string_id=tap-github
2023-10-03T17:41:50.406471Z [info     ] 2023-10-03 10:41:50,405 | INFO     | singer_sdk.metrics   | METRIC: {"type": "timer", "metric": "http_request_duration", "value": 0.49022, "tags": {"stream": "commits", "endpoint": "/repos/{org}/{repo}/commits", "http_status_code": 200, "status": "succeeded", "context": {"org": "CorrelAid", "repo": "correlaid_website", "repo_id": 579987199}}} cmd_type=elb consumer=False name=tap-github producer=True stdio=stderr string_id=tap-github
2023-10-03T17:41:50.940253Z [info     ] 2023-10-03 10:41:50,939 | INFO     | singer_sdk.metrics   | METRIC: {"type": "timer", "metric": "http_request_duration", "value": 0.474142, "tags": {"stream": "commits", "endpoint": "/repos/{org}/{repo}/commits", "http_status_code": 200, "status": "succeeded", "context": {"org": "CorrelAid", "repo": "correlaid_website", "repo_id": 579987199}}} cmd_type=elb consumer=False name=tap-github producer=True stdio=stderr string_id=tap-github
2023-10-03T17:41:51.343864Z [info     ] 2023-10-03 10:41:51,342 | INFO     | singer_sdk.metrics   | METRIC: {"type": "timer", "metric": "http_request_duration", "value": 0.332867, "tags": {"stream": "commits", "endpoint": "/repos/{org}/{repo}/commits", "http_status_code": 200, "status": "succeeded", "context": {"org": "CorrelAid", "repo": "correlaid_website", "repo_id": 579987199}}} cmd_type=elb consumer=False name=tap-github producer=True stdio=stderr string_id=tap-github
2023-10-03T17:41:51.662175Z [info     ] 2023-10-03 10:41:51,661 | INFO     | singer_sdk.metrics   | METRIC: {"type": "timer", "metric": "http_request_duration", "value": 0.260466, "tags": {"stream": "commits", "endpoint": "/repos/{org}/{repo}/commits", "http_status_code": 200, "status": "succeeded", "context": {"org": "CorrelAid", "repo": "correlaid_website", "repo_id": 579987199}}} cmd_type=elb consumer=False name=tap-github producer=True stdio=stderr string_id=tap-github
2023-10-03T17:41:51.710402Z [info     ] 2023-10-03 10:41:51,710 | INFO     | singer_sdk.metrics   | METRIC: {"type": "counter", "metric": "http_request_count", "value": 8, "tags": {"stream": "commits", "endpoint": "/repos/{org}/{repo}/commits", "context": {"org": "CorrelAid", "repo": "correlaid_website", "repo_id": 579987199}}} cmd_type=elb consumer=False name=tap-github producer=True stdio=stderr string_id=tap-github
2023-10-03T17:41:51.710753Z [info     ] 2023-10-03 10:41:51,710 | INFO     | singer_sdk.metrics   | METRIC: {"type": "timer", "metric": "sync_duration", "value": 4.988987445831299, "tags": {"stream": "commits", "context": {"org": "CorrelAid", "repo": "correlaid_website", "repo_id": 579987199}, "status": "succeeded"}} cmd_type=elb consumer=False name=tap-github producer=True stdio=stderr string_id=tap-github
2023-10-03T17:41:51.710995Z [info     ] 2023-10-03 10:41:51,710 | INFO     | singer_sdk.metrics   | METRIC: {"type": "counter", "metric": "record_count", "value": 776, "tags": {"stream": "commits", "context": {"org": "CorrelAid", "repo": "correlaid_website", "repo_id": 579987199}}} cmd_type=elb consumer=False name=tap-github producer=True stdio=stderr string_id=tap-github
2023-10-03T17:41:51.711320Z [info     ] 2023-10-03 10:41:51,710 | INFO     | singer_sdk.metrics   | METRIC: {"type": "counter", "metric": "http_request_count", "value": 1, "tags": {"stream": "repositories", "endpoint": "/repos/{org}/{repo}", "context": {"org": "CorrelAid", "repo": "correlaid_website", "repo_id": 579987199}}} cmd_type=elb consumer=False name=tap-github producer=True stdio=stderr string_id=tap-github
2023-10-03T17:41:51.711544Z [info     ] 2023-10-03 10:41:51,710 | INFO     | singer_sdk.metrics   | METRIC: {"type": "timer", "metric": "sync_duration", "value": 5.89516806602478, "tags": {"stream": "repositories", "context": {"org": "CorrelAid", "repo": "correlaid_website", "repo_id": 579987199}, "status": "succeeded"}} cmd_type=elb consumer=False name=tap-github producer=True stdio=stderr string_id=tap-github
2023-10-03T17:41:51.711766Z [info     ] 2023-10-03 10:41:51,710 | INFO     | singer_sdk.metrics   | METRIC: {"type": "counter", "metric": "record_count", "value": 0, "tags": {"stream": "repositories", "context": {"org": "CorrelAid", "repo": "correlaid_website", "repo_id": 579987199}}} cmd_type=elb consumer=False name=tap-github producer=True stdio=stderr string_id=tap-github
2023-10-03T17:41:51.719418Z [info     ] 2023-10-03 10:41:51,719 | INFO     | tap-github           | Filtering repository list of 1 repositories cmd_type=elb consumer=False name=tap-github producer=True stdio=stderr string_id=tap-github
2023-10-03T17:41:52.350582Z [info     ] 2023-10-03 10:41:52,349 | INFO     | tap-github           | Tap will run with 1 auth tokens cmd_type=elb consumer=False name=tap-github producer=True stdio=stderr string_id=tap-github
2023-10-03T17:41:52.853667Z [info     ] 2023-10-03 10:41:52,852 | INFO     | singer_sdk.metrics   | METRIC: {"type": "timer", "metric": "http_request_duration", "value": 0.49737, "tags": {"stream": "tempStream", "endpoint": "", "http_status_code": 200, "status": "succeeded"}} cmd_type=elb consumer=False name=tap-github producer=True stdio=stderr string_id=tap-github
2023-10-03T17:41:52.854674Z [info     ] 2023-10-03 10:41:52,853 | INFO     | singer_sdk.metrics   | METRIC: {"type": "counter", "metric": "http_request_count", "value": 1, "tags": {"stream": "tempStream", "endpoint": "", "context": {}}} cmd_type=elb consumer=False name=tap-github producer=True stdio=stderr string_id=tap-github
2023-10-03T17:41:52.855365Z [info     ] 2023-10-03 10:41:52,854 | INFO     | tap-github           | Running the tap on 1 repositories cmd_type=elb consumer=False name=tap-github producer=True stdio=stderr string_id=tap-github
2023-10-03T17:41:52.858019Z [info     ] 2023-10-03 10:41:52,856 | INFO     | tap-github           | Running the tap on 1 repositories cmd_type=elb consumer=False name=tap-github producer=True stdio=stderr string_id=tap-github
2023-10-03T17:41:52.859795Z [info     ] 2023-10-03 10:41:52,859 | INFO     | tap-github           | Skipping deselected stream 'review_comments'. cmd_type=elb consumer=False name=tap-github producer=True stdio=stderr string_id=tap-github
2023-10-03T17:41:52.860673Z [info     ] 2023-10-03 10:41:52,859 | INFO     | tap-github           | Skipping deselected stream 'reviews'. cmd_type=elb consumer=False name=tap-github producer=True stdio=stderr string_id=tap-github
2023-10-03T17:41:52.861301Z [info     ] 2023-10-03 10:41:52,859 | INFO     | tap-github           | Skipping deselected stream 'stargazers'. cmd_type=elb consumer=False name=tap-github producer=True stdio=stderr string_id=tap-github
2023-10-03T17:41:52.861846Z [info     ] 2023-10-03 10:41:52,860 | INFO     | tap-github           | Skipping deselected stream 'stargazers_rest'. cmd_type=elb consumer=False name=tap-github producer=True stdio=stderr string_id=tap-github
2023-10-03T17:41:52.862362Z [info     ] 2023-10-03 10:41:52,860 | INFO     | tap-github           | Skipping deselected stream 'stats_contributors'. cmd_type=elb consumer=False name=tap-github producer=True stdio=stderr string_id=tap-github
2023-10-03T17:41:52.863055Z [info     ] 2023-10-03 10:41:52,860 | INFO     | tap-github           | Skipping deselected stream 'traffic_clones'. cmd_type=elb consumer=False name=tap-github producer=True stdio=stderr string_id=tap-github
2023-10-03T17:41:52.863629Z [info     ] 2023-10-03 10:41:52,860 | INFO     | tap-github           | Skipping deselected stream 'traffic_pageviews'. cmd_type=elb consumer=False name=tap-github producer=True stdio=stderr string_id=tap-github
2023-10-03T17:41:52.864359Z [info     ] 2023-10-03 10:41:52,860 | INFO     | tap-github           | Skipping deselected stream 'traffic_referral_paths'. cmd_type=elb consumer=False name=tap-github producer=True stdio=stderr string_id=tap-github
2023-10-03T17:41:52.865220Z [info     ] 2023-10-03 10:41:52,861 | INFO     | tap-github           | Skipping deselected stream 'traffic_referrers'. cmd_type=elb consumer=False name=tap-github producer=True stdio=stderr string_id=tap-github
2023-10-03T17:41:52.866080Z [info     ] 2023-10-03 10:41:52,861 | INFO     | tap-github           | Skipping deselected stream 'workflow_run_jobs'. cmd_type=elb consumer=False name=tap-github producer=True stdio=stderr string_id=tap-github
2023-10-03T17:41:52.866917Z [info     ] 2023-10-03 10:41:52,861 | INFO     | tap-github           | Skipping deselected stream 'workflow_runs'. cmd_type=elb consumer=False name=tap-github producer=True stdio=stderr string_id=tap-github
2023-10-03T17:41:52.867470Z [info     ] 2023-10-03 10:41:52,861 | INFO     | tap-github           | Skipping deselected stream 'workflows'. cmd_type=elb consumer=False name=tap-github producer=True stdio=stderr string_id=tap-github
2023-10-03T17:41:52.868037Z [info     ] 2023-10-03 10:41:52,862 | INFO     | tap-github           | Total Sync costs for stream commits: {'rest': 8, 'graphql': 0, 'search': 0} cmd_type=elb consumer=False name=tap-github producer=True stdio=stderr string_id=tap-github
2023-10-03T17:41:52.868555Z [info     ] 2023-10-03 10:41:52,862 | INFO     | tap-github           | Total Sync costs for stream repositories: {'rest': 1, 'graphql': 0, 'search': 0} cmd_type=elb consumer=False name=tap-github producer=True stdio=stderr string_id=tap-github
2023-10-03T17:41:52.989619Z [info     ] 2023-10-03 10:41:52,989 | INFO     | target-postgres      | Target 'target-postgres' completed reading 818 lines of input (1 schemas, 776 records, 0 batch manifests, 41 state messages). cmd_type=elb consumer=True name=target-postgres producer=False stdio=stderr string_id=target-postgres
2023-10-03T17:41:53.160183Z [info     ] 2023-10-03 10:41:53,158 | INFO     | target-postgres      | Inserting with SQL: INSERT INTO f1505149_abcc_4300_94b0_b50ebd5a6b0b (org, repo, repo_id, node_id, url, sha, html_url, commit_timestamp, commit, author, committer, _sdc_extracted_at, _sdc_received_at, _sdc_batched_at, _sdc_deleted_at, _sdc_sequence, _sdc_table_version, _sdc_sync_started_at) VALUES (:org, :repo, :repo_id, :node_id, :url, :sha, :html_url, :commit_timestamp, :commit, :author, :committer, :_sdc_extracted_at, :_sdc_received_at, :_sdc_batched_at, :_sdc_deleted_at, :_sdc_sequence, :_sdc_table_version, :_sdc_sync_started_at) cmd_type=elb consumer=True name=target-postgres producer=False stdio=stderr string_id=target-postgres
2023-10-03T17:41:53.327018Z [info     ] 2023-10-03 10:41:53,326 | INFO     | target-postgres      | Cleaning up commits cmd_type=elb consumer=True name=target-postgres producer=False stdio=stderr string_id=target-postgres
2023-10-03T17:41:53.327369Z [info     ] 2023-10-03 10:41:53,326 | INFO     | target-postgres      | Emitting completed target state {"bookmarks": {"tempStream": {}, "repositories": {"partitions": [{"context": {"org": "CorrelAid", "repo": "correlaid_website", "repo_id": 579987199}}]}, "commits": {"partitions": [{"context": {"org": "CorrelAid", "repo": "correlaid_website"}, "replication_key": "commit_timestamp", "replication_key_value": "2023-09-14T18:35:05Z"}]}, "anonymous_contributors": {}, "assignees": {}, "collaborators": {}, "commit_comments": {}, "community_profile": {}, "contributors": {}, "dependencies": {}, "dependents": {}, "events": {}, "issue_comments": {}, "issue_events": {}, "issues": {}, "labels": {}, "languages": {}, "milestones": {}, "project_cards": {}, "project_columns": {}, "projects": {}, "pull_request_commits": {}, "reviews": {}, "pull_requests": {}, "readme_html": {}, "readme": {}, "releases": {}, "extra_metrics": {}, "review_comments": {}, "stargazers": {}, "stargazers_rest": {}, "stats_contributors": {}, "traffic_clones": {}, "traffic_pageviews": {}, "traffic_referral_paths": {}, "traffic_referrers": {}, "workflow_run_jobs": {}, "workflow_runs": {}, "workflows": {}}} cmd_type=elb consumer=True name=target-postgres producer=False stdio=stderr string_id=target-postgres
2023-10-03T17:41:53.343248Z [info     ] Incremental state has been updated at 2023-10-03 17:41:53.342956.
2023-10-03T17:41:53.426143Z [info     ] Block run completed.           block_type=ExtractLoadBlocks err=None set_number=0 success=True
