2023-10-03T18:33:46.253087Z [info     ] Performing full refresh, ignoring state left behind by any previous runs.
2023-10-03T18:33:46.803023Z [info     ] 2023-10-03 11:33:46,802 | WARNING  | tap-github           | The stream 'stargazers' might conflict with previous implementation. Looking for the older version? Use 'stargazers_rest'. cmd_type=elb consumer=False name=tap-github producer=True stdio=stderr string_id=tap-github
2023-10-03T18:33:46.803502Z [info     ] 2023-10-03 11:33:46,802 | WARNING  | tap-github           | The stream 'stargazers_rest' is deprecated. Please use the Graphql version instead: 'stargazers'. cmd_type=elb consumer=False name=tap-github producer=True stdio=stderr string_id=tap-github
2023-10-03T18:33:46.803782Z [info     ] 2023-10-03 11:33:46,803 | INFO     | tap-github           | Added 'anonymous_contributors' as child stream to 'repositories' cmd_type=elb consumer=False name=tap-github producer=True stdio=stderr string_id=tap-github
2023-10-03T18:33:46.804025Z [info     ] 2023-10-03 11:33:46,803 | INFO     | tap-github           | Added 'assignees' as child stream to 'repositories' cmd_type=elb consumer=False name=tap-github producer=True stdio=stderr string_id=tap-github
2023-10-03T18:33:46.804260Z [info     ] 2023-10-03 11:33:46,803 | INFO     | tap-github           | Added 'collaborators' as child stream to 'repositories' cmd_type=elb consumer=False name=tap-github producer=True stdio=stderr string_id=tap-github
2023-10-03T18:33:46.804403Z [info     ] 2023-10-03 11:33:46,803 | INFO     | tap-github           | Added 'commit_comments' as child stream to 'repositories' cmd_type=elb consumer=False name=tap-github producer=True stdio=stderr string_id=tap-github
2023-10-03T18:33:46.804527Z [info     ] 2023-10-03 11:33:46,803 | INFO     | tap-github           | Added 'commits' as child stream to 'repositories' cmd_type=elb consumer=False name=tap-github producer=True stdio=stderr string_id=tap-github
2023-10-03T18:33:46.804699Z [info     ] 2023-10-03 11:33:46,803 | INFO     | tap-github           | Added 'community_profile' as child stream to 'repositories' cmd_type=elb consumer=False name=tap-github producer=True stdio=stderr string_id=tap-github
2023-10-03T18:33:46.804829Z [info     ] 2023-10-03 11:33:46,803 | INFO     | tap-github           | Added 'contributors' as child stream to 'repositories' cmd_type=elb consumer=False name=tap-github producer=True stdio=stderr string_id=tap-github
2023-10-03T18:33:46.804951Z [info     ] 2023-10-03 11:33:46,803 | INFO     | tap-github           | Added 'dependencies' as child stream to 'repositories' cmd_type=elb consumer=False name=tap-github producer=True stdio=stderr string_id=tap-github
2023-10-03T18:33:46.805071Z [info     ] 2023-10-03 11:33:46,803 | INFO     | tap-github           | Added 'dependents' as child stream to 'repositories' cmd_type=elb consumer=False name=tap-github producer=True stdio=stderr string_id=tap-github
2023-10-03T18:33:46.805190Z [info     ] 2023-10-03 11:33:46,803 | INFO     | tap-github           | Added 'events' as child stream to 'repositories' cmd_type=elb consumer=False name=tap-github producer=True stdio=stderr string_id=tap-github
2023-10-03T18:33:46.805309Z [info     ] 2023-10-03 11:33:46,803 | INFO     | tap-github           | Added 'issue_comments' as child stream to 'repositories' cmd_type=elb consumer=False name=tap-github producer=True stdio=stderr string_id=tap-github
2023-10-03T18:33:46.805427Z [info     ] 2023-10-03 11:33:46,804 | INFO     | tap-github           | Added 'issue_events' as child stream to 'repositories' cmd_type=elb consumer=False name=tap-github producer=True stdio=stderr string_id=tap-github
2023-10-03T18:33:46.805544Z [info     ] 2023-10-03 11:33:46,804 | INFO     | tap-github           | Added 'issues' as child stream to 'repositories' cmd_type=elb consumer=False name=tap-github producer=True stdio=stderr string_id=tap-github
2023-10-03T18:33:46.805661Z [info     ] 2023-10-03 11:33:46,804 | INFO     | tap-github           | Added 'labels' as child stream to 'repositories' cmd_type=elb consumer=False name=tap-github producer=True stdio=stderr string_id=tap-github
2023-10-03T18:33:46.805794Z [info     ] 2023-10-03 11:33:46,804 | INFO     | tap-github           | Added 'languages' as child stream to 'repositories' cmd_type=elb consumer=False name=tap-github producer=True stdio=stderr string_id=tap-github
2023-10-03T18:33:46.805914Z [info     ] 2023-10-03 11:33:46,804 | INFO     | tap-github           | Added 'milestones' as child stream to 'repositories' cmd_type=elb consumer=False name=tap-github producer=True stdio=stderr string_id=tap-github
2023-10-03T18:33:46.806032Z [info     ] 2023-10-03 11:33:46,804 | INFO     | tap-github           | Added 'project_cards' as child stream to 'project_columns' cmd_type=elb consumer=False name=tap-github producer=True stdio=stderr string_id=tap-github
2023-10-03T18:33:46.806149Z [info     ] 2023-10-03 11:33:46,804 | INFO     | tap-github           | Added 'project_columns' as child stream to 'projects' cmd_type=elb consumer=False name=tap-github producer=True stdio=stderr string_id=tap-github
2023-10-03T18:33:46.806295Z [info     ] 2023-10-03 11:33:46,804 | INFO     | tap-github           | Added 'projects' as child stream to 'repositories' cmd_type=elb consumer=False name=tap-github producer=True stdio=stderr string_id=tap-github
2023-10-03T18:33:46.806482Z [info     ] 2023-10-03 11:33:46,804 | INFO     | tap-github           | Added 'pull_request_commits' as child stream to 'pull_requests' cmd_type=elb consumer=False name=tap-github producer=True stdio=stderr string_id=tap-github
2023-10-03T18:33:46.806676Z [info     ] 2023-10-03 11:33:46,804 | INFO     | tap-github           | Added 'pull_requests' as child stream to 'repositories' cmd_type=elb consumer=False name=tap-github producer=True stdio=stderr string_id=tap-github
2023-10-03T18:33:46.806815Z [info     ] 2023-10-03 11:33:46,804 | INFO     | tap-github           | Added 'readme_html' as child stream to 'repositories' cmd_type=elb consumer=False name=tap-github producer=True stdio=stderr string_id=tap-github
2023-10-03T18:33:46.806927Z [info     ] 2023-10-03 11:33:46,804 | INFO     | tap-github           | Added 'readme' as child stream to 'repositories' cmd_type=elb consumer=False name=tap-github producer=True stdio=stderr string_id=tap-github
2023-10-03T18:33:46.807089Z [info     ] 2023-10-03 11:33:46,804 | INFO     | tap-github           | Added 'releases' as child stream to 'repositories' cmd_type=elb consumer=False name=tap-github producer=True stdio=stderr string_id=tap-github
2023-10-03T18:33:46.807206Z [info     ] 2023-10-03 11:33:46,804 | INFO     | tap-github           | Added 'extra_metrics' as child stream to 'repositories' cmd_type=elb consumer=False name=tap-github producer=True stdio=stderr string_id=tap-github
2023-10-03T18:33:46.807317Z [info     ] 2023-10-03 11:33:46,804 | INFO     | tap-github           | Added 'review_comments' as child stream to 'repositories' cmd_type=elb consumer=False name=tap-github producer=True stdio=stderr string_id=tap-github
2023-10-03T18:33:46.807425Z [info     ] 2023-10-03 11:33:46,804 | INFO     | tap-github           | Added 'reviews' as child stream to 'pull_requests' cmd_type=elb consumer=False name=tap-github producer=True stdio=stderr string_id=tap-github
2023-10-03T18:33:46.807533Z [info     ] 2023-10-03 11:33:46,804 | INFO     | tap-github           | Added 'stargazers' as child stream to 'repositories' cmd_type=elb consumer=False name=tap-github producer=True stdio=stderr string_id=tap-github
2023-10-03T18:33:46.807639Z [info     ] 2023-10-03 11:33:46,804 | INFO     | tap-github           | Added 'stargazers_rest' as child stream to 'repositories' cmd_type=elb consumer=False name=tap-github producer=True stdio=stderr string_id=tap-github
2023-10-03T18:33:46.807762Z [info     ] 2023-10-03 11:33:46,804 | INFO     | tap-github           | Added 'stats_contributors' as child stream to 'repositories' cmd_type=elb consumer=False name=tap-github producer=True stdio=stderr string_id=tap-github
2023-10-03T18:33:46.807871Z [info     ] 2023-10-03 11:33:46,805 | INFO     | tap-github           | Added 'traffic_clones' as child stream to 'repositories' cmd_type=elb consumer=False name=tap-github producer=True stdio=stderr string_id=tap-github
2023-10-03T18:33:46.807990Z [info     ] 2023-10-03 11:33:46,805 | INFO     | tap-github           | Added 'traffic_pageviews' as child stream to 'repositories' cmd_type=elb consumer=False name=tap-github producer=True stdio=stderr string_id=tap-github
2023-10-03T18:33:46.808099Z [info     ] 2023-10-03 11:33:46,805 | INFO     | tap-github           | Added 'traffic_referral_paths' as child stream to 'repositories' cmd_type=elb consumer=False name=tap-github producer=True stdio=stderr string_id=tap-github
2023-10-03T18:33:46.808206Z [info     ] 2023-10-03 11:33:46,805 | INFO     | tap-github           | Added 'traffic_referrers' as child stream to 'repositories' cmd_type=elb consumer=False name=tap-github producer=True stdio=stderr string_id=tap-github
2023-10-03T18:33:46.808312Z [info     ] 2023-10-03 11:33:46,805 | INFO     | tap-github           | Added 'workflow_run_jobs' as child stream to 'workflow_runs' cmd_type=elb consumer=False name=tap-github producer=True stdio=stderr string_id=tap-github
2023-10-03T18:33:46.808419Z [info     ] 2023-10-03 11:33:46,805 | INFO     | tap-github           | Added 'workflow_runs' as child stream to 'repositories' cmd_type=elb consumer=False name=tap-github producer=True stdio=stderr string_id=tap-github
2023-10-03T18:33:46.808525Z [info     ] 2023-10-03 11:33:46,805 | INFO     | tap-github           | Added 'workflows' as child stream to 'repositories' cmd_type=elb consumer=False name=tap-github producer=True stdio=stderr string_id=tap-github
2023-10-03T18:33:46.808632Z [info     ] 2023-10-03 11:33:46,806 | WARNING  | tap-github           | Stream descendent 'commits' is selected and its parent 'repositories' does not use inclusive replication keys. Forcing full table replication for 'repositories'. cmd_type=elb consumer=False name=tap-github producer=True stdio=stderr string_id=tap-github
2023-10-03T18:33:46.808824Z [info     ] 2023-10-03 11:33:46,807 | INFO     | tap-github           | Skipping deselected stream 'anonymous_contributors'. cmd_type=elb consumer=False name=tap-github producer=True stdio=stderr string_id=tap-github
2023-10-03T18:33:46.808946Z [info     ] 2023-10-03 11:33:46,808 | INFO     | tap-github           | Skipping deselected stream 'assignees'. cmd_type=elb consumer=False name=tap-github producer=True stdio=stderr string_id=tap-github
2023-10-03T18:33:46.809058Z [info     ] 2023-10-03 11:33:46,808 | INFO     | tap-github           | Skipping deselected stream 'collaborators'. cmd_type=elb consumer=False name=tap-github producer=True stdio=stderr string_id=tap-github
2023-10-03T18:33:46.809168Z [info     ] 2023-10-03 11:33:46,808 | INFO     | tap-github           | Skipping deselected stream 'commit_comments'. cmd_type=elb consumer=False name=tap-github producer=True stdio=stderr string_id=tap-github
2023-10-03T18:33:46.809275Z [info     ] 2023-10-03 11:33:46,808 | INFO     | tap-github           | Skipping deselected stream 'community_profile'. cmd_type=elb consumer=False name=tap-github producer=True stdio=stderr string_id=tap-github
2023-10-03T18:33:46.809382Z [info     ] 2023-10-03 11:33:46,808 | INFO     | tap-github           | Skipping deselected stream 'contributors'. cmd_type=elb consumer=False name=tap-github producer=True stdio=stderr string_id=tap-github
2023-10-03T18:33:46.809489Z [info     ] 2023-10-03 11:33:46,808 | INFO     | tap-github           | Skipping deselected stream 'dependencies'. cmd_type=elb consumer=False name=tap-github producer=True stdio=stderr string_id=tap-github
2023-10-03T18:33:46.809610Z [info     ] 2023-10-03 11:33:46,808 | INFO     | tap-github           | Skipping deselected stream 'dependents'. cmd_type=elb consumer=False name=tap-github producer=True stdio=stderr string_id=tap-github
2023-10-03T18:33:46.809858Z [info     ] 2023-10-03 11:33:46,808 | INFO     | tap-github           | Skipping deselected stream 'events'. cmd_type=elb consumer=False name=tap-github producer=True stdio=stderr string_id=tap-github
2023-10-03T18:33:46.810017Z [info     ] 2023-10-03 11:33:46,808 | INFO     | tap-github           | Skipping deselected stream 'extra_metrics'. cmd_type=elb consumer=False name=tap-github producer=True stdio=stderr string_id=tap-github
2023-10-03T18:33:46.810168Z [info     ] 2023-10-03 11:33:46,808 | INFO     | tap-github           | Skipping deselected stream 'issue_comments'. cmd_type=elb consumer=False name=tap-github producer=True stdio=stderr string_id=tap-github
2023-10-03T18:33:46.810317Z [info     ] 2023-10-03 11:33:46,808 | INFO     | tap-github           | Skipping deselected stream 'issue_events'. cmd_type=elb consumer=False name=tap-github producer=True stdio=stderr string_id=tap-github
2023-10-03T18:33:46.810465Z [info     ] 2023-10-03 11:33:46,808 | INFO     | tap-github           | Skipping deselected stream 'issues'. cmd_type=elb consumer=False name=tap-github producer=True stdio=stderr string_id=tap-github
2023-10-03T18:33:46.810622Z [info     ] 2023-10-03 11:33:46,808 | INFO     | tap-github           | Skipping deselected stream 'labels'. cmd_type=elb consumer=False name=tap-github producer=True stdio=stderr string_id=tap-github
2023-10-03T18:33:46.810868Z [info     ] 2023-10-03 11:33:46,808 | INFO     | tap-github           | Skipping deselected stream 'languages'. cmd_type=elb consumer=False name=tap-github producer=True stdio=stderr string_id=tap-github
2023-10-03T18:33:46.811031Z [info     ] 2023-10-03 11:33:46,808 | INFO     | tap-github           | Skipping deselected stream 'milestones'. cmd_type=elb consumer=False name=tap-github producer=True stdio=stderr string_id=tap-github
2023-10-03T18:33:46.811184Z [info     ] 2023-10-03 11:33:46,808 | INFO     | tap-github           | Skipping deselected stream 'project_cards'. cmd_type=elb consumer=False name=tap-github producer=True stdio=stderr string_id=tap-github
2023-10-03T18:33:46.811355Z [info     ] 2023-10-03 11:33:46,808 | INFO     | tap-github           | Skipping deselected stream 'project_columns'. cmd_type=elb consumer=False name=tap-github producer=True stdio=stderr string_id=tap-github
2023-10-03T18:33:46.811480Z [info     ] 2023-10-03 11:33:46,808 | INFO     | tap-github           | Skipping deselected stream 'projects'. cmd_type=elb consumer=False name=tap-github producer=True stdio=stderr string_id=tap-github
2023-10-03T18:33:46.811601Z [info     ] 2023-10-03 11:33:46,809 | INFO     | tap-github           | Skipping deselected stream 'pull_request_commits'. cmd_type=elb consumer=False name=tap-github producer=True stdio=stderr string_id=tap-github
2023-10-03T18:33:46.811749Z [info     ] 2023-10-03 11:33:46,809 | INFO     | tap-github           | Skipping deselected stream 'pull_requests'. cmd_type=elb consumer=False name=tap-github producer=True stdio=stderr string_id=tap-github
2023-10-03T18:33:46.811873Z [info     ] 2023-10-03 11:33:46,809 | INFO     | tap-github           | Skipping deselected stream 'readme'. cmd_type=elb consumer=False name=tap-github producer=True stdio=stderr string_id=tap-github
2023-10-03T18:33:46.811992Z [info     ] 2023-10-03 11:33:46,809 | INFO     | tap-github           | Skipping deselected stream 'readme_html'. cmd_type=elb consumer=False name=tap-github producer=True stdio=stderr string_id=tap-github
2023-10-03T18:33:46.812110Z [info     ] 2023-10-03 11:33:46,809 | INFO     | tap-github           | Skipping deselected stream 'releases'. cmd_type=elb consumer=False name=tap-github producer=True stdio=stderr string_id=tap-github
2023-10-03T18:33:46.812227Z [info     ] 2023-10-03 11:33:46,809 | INFO     | tap-github           | Beginning full_table sync of 'repositories'... cmd_type=elb consumer=False name=tap-github producer=True stdio=stderr string_id=tap-github
2023-10-03T18:33:46.812345Z [info     ] 2023-10-03 11:33:46,809 | INFO     | tap-github           | Filtering repository list of 1 repositories cmd_type=elb consumer=False name=tap-github producer=True stdio=stderr string_id=tap-github
2023-10-03T18:33:46.906535Z [info     ] 2023-10-03 11:33:46,906 | INFO     | target-postgres      | Target 'target-postgres' is listening for input from tap. cmd_type=elb consumer=True name=target-postgres producer=False stdio=stderr string_id=target-postgres
2023-10-03T18:33:47.221737Z [info     ] 2023-10-03 11:33:47,221 | INFO     | tap-github           | Tap will run with 1 auth tokens cmd_type=elb consumer=False name=tap-github producer=True stdio=stderr string_id=tap-github
2023-10-03T18:33:47.745245Z [info     ] 2023-10-03 11:33:47,744 | INFO     | singer_sdk.metrics   | METRIC: {"type": "timer", "metric": "http_request_duration", "value": 0.518449, "tags": {"stream": "tempStream", "endpoint": "", "http_status_code": 200, "status": "succeeded"}} cmd_type=elb consumer=False name=tap-github producer=True stdio=stderr string_id=tap-github
2023-10-03T18:33:47.785010Z [info     ] 2023-10-03 11:33:47,784 | INFO     | singer_sdk.metrics   | METRIC: {"type": "counter", "metric": "http_request_count", "value": 1, "tags": {"stream": "tempStream", "endpoint": "", "context": {}}} cmd_type=elb consumer=False name=tap-github producer=True stdio=stderr string_id=tap-github
2023-10-03T18:33:47.785230Z [info     ] 2023-10-03 11:33:47,784 | INFO     | tap-github           | Running the tap on 1 repositories cmd_type=elb consumer=False name=tap-github producer=True stdio=stderr string_id=tap-github
2023-10-03T18:33:47.785916Z [info     ] 2023-10-03 11:33:47,785 | INFO     | tap-github           | Running the tap on 1 repositories cmd_type=elb consumer=False name=tap-github producer=True stdio=stderr string_id=tap-github
2023-10-03T18:33:48.239562Z [info     ] 2023-10-03 11:33:48,239 | INFO     | tap-github           | Tap will run with 1 auth tokens cmd_type=elb consumer=False name=tap-github producer=True stdio=stderr string_id=tap-github
2023-10-03T18:33:48.881782Z [info     ] 2023-10-03 11:33:48,881 | INFO     | singer_sdk.metrics   | METRIC: {"type": "timer", "metric": "http_request_duration", "value": 0.640069, "tags": {"stream": "repositories", "endpoint": "/repos/{org}/{repo}", "http_status_code": 200, "status": "succeeded", "context": {"org": "CorrelAid", "repo": "correlaid_website", "repo_id": 579987199}}} cmd_type=elb consumer=False name=tap-github producer=True stdio=stderr string_id=tap-github
2023-10-03T18:33:48.882122Z [info     ] 2023-10-03 11:33:48,881 | INFO     | tap-github           | Tap has custom mapper. Using 1 provided map(s). cmd_type=elb consumer=False name=tap-github producer=True stdio=stderr string_id=tap-github
2023-10-03T18:33:48.882282Z [info     ] 2023-10-03 11:33:48,881 | INFO     | tap-github           | Beginning incremental sync of 'commits' with context: {'org': 'CorrelAid', 'repo': 'correlaid_website', 'repo_id': 579987199}... cmd_type=elb consumer=False name=tap-github producer=True stdio=stderr string_id=tap-github
2023-10-03T18:33:48.882442Z [info     ] 2023-10-03 11:33:48,881 | INFO     | tap-github           | Tap has custom mapper. Using 1 provided map(s). cmd_type=elb consumer=False name=tap-github producer=True stdio=stderr string_id=tap-github
2023-10-03T18:33:48.884107Z [info     ] 2023-10-03 11:33:48,883 | INFO     | target-postgres      | Initializing 'target-postgres' target sink... cmd_type=elb consumer=True name=target-postgres producer=False stdio=stderr string_id=target-postgres
2023-10-03T18:33:48.884447Z [info     ] 2023-10-03 11:33:48,884 | INFO     | target-postgres      | Initializing target sink for stream 'commits'... cmd_type=elb consumer=True name=target-postgres producer=False stdio=stderr string_id=target-postgres
2023-10-03T18:33:49.589027Z [info     ] 2023-10-03 11:33:49,588 | INFO     | tap-github           | Tap will run with 1 auth tokens cmd_type=elb consumer=False name=tap-github producer=True stdio=stderr string_id=tap-github
2023-10-03T18:33:50.552858Z [info     ] 2023-10-03 11:33:50,552 | INFO     | singer_sdk.metrics   | METRIC: {"type": "timer", "metric": "http_request_duration", "value": 0.730975, "tags": {"stream": "commits", "endpoint": "/repos/{org}/{repo}/commits", "http_status_code": 200, "status": "succeeded", "context": {"org": "CorrelAid", "repo": "correlaid_website", "repo_id": 579987199}}} cmd_type=elb consumer=False name=tap-github producer=True stdio=stderr string_id=tap-github
2023-10-03T18:33:50.556153Z [info     ] 2023-10-03 11:33:50,555 | WARNING  | tap-github           | Properties ('commit.url', 'commit.comment_count', 'comments_url', 'author.url', 'author.followers_url', 'author.following_url', 'author.gists_url', 'author.starred_url', 'author.subscriptions_url', 'author.organizations_url', 'author.repos_url', 'author.events_url', 'author.received_events_url', 'committer.url', 'committer.followers_url', 'committer.following_url', 'committer.gists_url', 'committer.starred_url', 'committer.subscriptions_url', 'committer.organizations_url', 'committer.repos_url', 'committer.events_url', 'committer.received_events_url', 'parents') were present in the 'commits' stream but not found in catalog schema. Ignoring. cmd_type=elb consumer=False name=tap-github producer=True stdio=stderr string_id=tap-github
2023-10-03T18:33:50.566543Z [info     ] 2023-10-03 11:33:50,566 | WARNING  | tap-github           | Properties ('commit.url', 'commit.comment_count', 'comments_url', 'parents') were present in the 'commits' stream but not found in catalog schema. Ignoring. cmd_type=elb consumer=False name=tap-github producer=True stdio=stderr string_id=tap-github
2023-10-03T18:33:50.875216Z [info     ] 2023-10-03 11:33:50,874 | INFO     | singer_sdk.metrics   | METRIC: {"type": "timer", "metric": "http_request_duration", "value": 0.26865, "tags": {"stream": "commits", "endpoint": "/repos/{org}/{repo}/commits", "http_status_code": 200, "status": "succeeded", "context": {"org": "CorrelAid", "repo": "correlaid_website", "repo_id": 579987199}}} cmd_type=elb consumer=False name=tap-github producer=True stdio=stderr string_id=tap-github
2023-10-03T18:33:51.330806Z [info     ] 2023-10-03 11:33:51,330 | INFO     | singer_sdk.metrics   | METRIC: {"type": "timer", "metric": "http_request_duration", "value": 0.419145, "tags": {"stream": "commits", "endpoint": "/repos/{org}/{repo}/commits", "http_status_code": 200, "status": "succeeded", "context": {"org": "CorrelAid", "repo": "correlaid_website", "repo_id": 579987199}}} cmd_type=elb consumer=False name=tap-github producer=True stdio=stderr string_id=tap-github
2023-10-03T18:33:51.712976Z [info     ] 2023-10-03 11:33:51,712 | INFO     | singer_sdk.metrics   | METRIC: {"type": "timer", "metric": "http_request_duration", "value": 0.340695, "tags": {"stream": "commits", "endpoint": "/repos/{org}/{repo}/commits", "http_status_code": 200, "status": "succeeded", "context": {"org": "CorrelAid", "repo": "correlaid_website", "repo_id": 579987199}}} cmd_type=elb consumer=False name=tap-github producer=True stdio=stderr string_id=tap-github
2023-10-03T18:33:52.059690Z [info     ] 2023-10-03 11:33:52,059 | INFO     | singer_sdk.metrics   | METRIC: {"type": "timer", "metric": "http_request_duration", "value": 0.264919, "tags": {"stream": "commits", "endpoint": "/repos/{org}/{repo}/commits", "http_status_code": 200, "status": "succeeded", "context": {"org": "CorrelAid", "repo": "correlaid_website", "repo_id": 579987199}}} cmd_type=elb consumer=False name=tap-github producer=True stdio=stderr string_id=tap-github
2023-10-03T18:33:52.389378Z [info     ] 2023-10-03 11:33:52,388 | INFO     | singer_sdk.metrics   | METRIC: {"type": "timer", "metric": "http_request_duration", "value": 0.293398, "tags": {"stream": "commits", "endpoint": "/repos/{org}/{repo}/commits", "http_status_code": 200, "status": "succeeded", "context": {"org": "CorrelAid", "repo": "correlaid_website", "repo_id": 579987199}}} cmd_type=elb consumer=False name=tap-github producer=True stdio=stderr string_id=tap-github
2023-10-03T18:33:52.725519Z [info     ] 2023-10-03 11:33:52,724 | INFO     | singer_sdk.metrics   | METRIC: {"type": "timer", "metric": "http_request_duration", "value": 0.269976, "tags": {"stream": "commits", "endpoint": "/repos/{org}/{repo}/commits", "http_status_code": 200, "status": "succeeded", "context": {"org": "CorrelAid", "repo": "correlaid_website", "repo_id": 579987199}}} cmd_type=elb consumer=False name=tap-github producer=True stdio=stderr string_id=tap-github
2023-10-03T18:33:53.046584Z [info     ] 2023-10-03 11:33:53,045 | INFO     | singer_sdk.metrics   | METRIC: {"type": "timer", "metric": "http_request_duration", "value": 0.262448, "tags": {"stream": "commits", "endpoint": "/repos/{org}/{repo}/commits", "http_status_code": 200, "status": "succeeded", "context": {"org": "CorrelAid", "repo": "correlaid_website", "repo_id": 579987199}}} cmd_type=elb consumer=False name=tap-github producer=True stdio=stderr string_id=tap-github
2023-10-03T18:33:53.093314Z [info     ] 2023-10-03 11:33:53,093 | INFO     | singer_sdk.metrics   | METRIC: {"type": "counter", "metric": "http_request_count", "value": 8, "tags": {"stream": "commits", "endpoint": "/repos/{org}/{repo}/commits", "context": {"org": "CorrelAid", "repo": "correlaid_website", "repo_id": 579987199}}} cmd_type=elb consumer=False name=tap-github producer=True stdio=stderr string_id=tap-github
2023-10-03T18:33:53.093619Z [info     ] 2023-10-03 11:33:53,093 | INFO     | singer_sdk.metrics   | METRIC: {"type": "timer", "metric": "sync_duration", "value": 4.209862470626831, "tags": {"stream": "commits", "context": {"org": "CorrelAid", "repo": "correlaid_website", "repo_id": 579987199}, "status": "succeeded"}} cmd_type=elb consumer=False name=tap-github producer=True stdio=stderr string_id=tap-github
2023-10-03T18:33:53.093780Z [info     ] 2023-10-03 11:33:53,093 | INFO     | singer_sdk.metrics   | METRIC: {"type": "counter", "metric": "record_count", "value": 776, "tags": {"stream": "commits", "context": {"org": "CorrelAid", "repo": "correlaid_website", "repo_id": 579987199}}} cmd_type=elb consumer=False name=tap-github producer=True stdio=stderr string_id=tap-github
2023-10-03T18:33:53.093977Z [info     ] 2023-10-03 11:33:53,093 | INFO     | singer_sdk.metrics   | METRIC: {"type": "counter", "metric": "http_request_count", "value": 1, "tags": {"stream": "repositories", "endpoint": "/repos/{org}/{repo}", "context": {"org": "CorrelAid", "repo": "correlaid_website", "repo_id": 579987199}}} cmd_type=elb consumer=False name=tap-github producer=True stdio=stderr string_id=tap-github
2023-10-03T18:33:53.094120Z [info     ] 2023-10-03 11:33:53,093 | INFO     | singer_sdk.metrics   | METRIC: {"type": "timer", "metric": "sync_duration", "value": 5.307976961135864, "tags": {"stream": "repositories", "context": {"org": "CorrelAid", "repo": "correlaid_website", "repo_id": 579987199}, "status": "succeeded"}} cmd_type=elb consumer=False name=tap-github producer=True stdio=stderr string_id=tap-github
2023-10-03T18:33:53.094252Z [info     ] 2023-10-03 11:33:53,093 | INFO     | singer_sdk.metrics   | METRIC: {"type": "counter", "metric": "record_count", "value": 0, "tags": {"stream": "repositories", "context": {"org": "CorrelAid", "repo": "correlaid_website", "repo_id": 579987199}}} cmd_type=elb consumer=False name=tap-github producer=True stdio=stderr string_id=tap-github
2023-10-03T18:33:53.102173Z [info     ] 2023-10-03 11:33:53,102 | INFO     | tap-github           | Filtering repository list of 1 repositories cmd_type=elb consumer=False name=tap-github producer=True stdio=stderr string_id=tap-github
2023-10-03T18:33:53.620753Z [info     ] 2023-10-03 11:33:53,620 | INFO     | tap-github           | Tap will run with 1 auth tokens cmd_type=elb consumer=False name=tap-github producer=True stdio=stderr string_id=tap-github
2023-10-03T18:33:54.130242Z [info     ] 2023-10-03 11:33:54,129 | INFO     | singer_sdk.metrics   | METRIC: {"type": "timer", "metric": "http_request_duration", "value": 0.505552, "tags": {"stream": "tempStream", "endpoint": "", "http_status_code": 200, "status": "succeeded"}} cmd_type=elb consumer=False name=tap-github producer=True stdio=stderr string_id=tap-github
2023-10-03T18:33:54.131805Z [info     ] 2023-10-03 11:33:54,130 | INFO     | singer_sdk.metrics   | METRIC: {"type": "counter", "metric": "http_request_count", "value": 1, "tags": {"stream": "tempStream", "endpoint": "", "context": {}}} cmd_type=elb consumer=False name=tap-github producer=True stdio=stderr string_id=tap-github
2023-10-03T18:33:54.132943Z [info     ] 2023-10-03 11:33:54,131 | INFO     | tap-github           | Running the tap on 1 repositories cmd_type=elb consumer=False name=tap-github producer=True stdio=stderr string_id=tap-github
2023-10-03T18:33:54.136109Z [info     ] 2023-10-03 11:33:54,134 | INFO     | tap-github           | Running the tap on 1 repositories cmd_type=elb consumer=False name=tap-github producer=True stdio=stderr string_id=tap-github
2023-10-03T18:33:54.138644Z [info     ] 2023-10-03 11:33:54,138 | INFO     | tap-github           | Skipping deselected stream 'review_comments'. cmd_type=elb consumer=False name=tap-github producer=True stdio=stderr string_id=tap-github
2023-10-03T18:33:54.139948Z [info     ] 2023-10-03 11:33:54,138 | INFO     | tap-github           | Skipping deselected stream 'reviews'. cmd_type=elb consumer=False name=tap-github producer=True stdio=stderr string_id=tap-github
2023-10-03T18:33:54.140858Z [info     ] 2023-10-03 11:33:54,138 | INFO     | tap-github           | Skipping deselected stream 'stargazers'. cmd_type=elb consumer=False name=tap-github producer=True stdio=stderr string_id=tap-github
2023-10-03T18:33:54.141744Z [info     ] 2023-10-03 11:33:54,139 | INFO     | tap-github           | Skipping deselected stream 'stargazers_rest'. cmd_type=elb consumer=False name=tap-github producer=True stdio=stderr string_id=tap-github
2023-10-03T18:33:54.142979Z [info     ] 2023-10-03 11:33:54,139 | INFO     | tap-github           | Skipping deselected stream 'stats_contributors'. cmd_type=elb consumer=False name=tap-github producer=True stdio=stderr string_id=tap-github
2023-10-03T18:33:54.143950Z [info     ] 2023-10-03 11:33:54,140 | INFO     | tap-github           | Skipping deselected stream 'traffic_clones'. cmd_type=elb consumer=False name=tap-github producer=True stdio=stderr string_id=tap-github
2023-10-03T18:33:54.144919Z [info     ] 2023-10-03 11:33:54,140 | INFO     | tap-github           | Skipping deselected stream 'traffic_pageviews'. cmd_type=elb consumer=False name=tap-github producer=True stdio=stderr string_id=tap-github
2023-10-03T18:33:54.145728Z [info     ] 2023-10-03 11:33:54,140 | INFO     | tap-github           | Skipping deselected stream 'traffic_referral_paths'. cmd_type=elb consumer=False name=tap-github producer=True stdio=stderr string_id=tap-github
2023-10-03T18:33:54.146520Z [info     ] 2023-10-03 11:33:54,141 | INFO     | tap-github           | Skipping deselected stream 'traffic_referrers'. cmd_type=elb consumer=False name=tap-github producer=True stdio=stderr string_id=tap-github
2023-10-03T18:33:54.147340Z [info     ] 2023-10-03 11:33:54,141 | INFO     | tap-github           | Skipping deselected stream 'workflow_run_jobs'. cmd_type=elb consumer=False name=tap-github producer=True stdio=stderr string_id=tap-github
2023-10-03T18:33:54.148236Z [info     ] 2023-10-03 11:33:54,141 | INFO     | tap-github           | Skipping deselected stream 'workflow_runs'. cmd_type=elb consumer=False name=tap-github producer=True stdio=stderr string_id=tap-github
2023-10-03T18:33:54.149127Z [info     ] 2023-10-03 11:33:54,142 | INFO     | tap-github           | Skipping deselected stream 'workflows'. cmd_type=elb consumer=False name=tap-github producer=True stdio=stderr string_id=tap-github
2023-10-03T18:33:54.150130Z [info     ] 2023-10-03 11:33:54,142 | INFO     | tap-github           | Total Sync costs for stream commits: {'rest': 8, 'graphql': 0, 'search': 0} cmd_type=elb consumer=False name=tap-github producer=True stdio=stderr string_id=tap-github
2023-10-03T18:33:54.151301Z [info     ] 2023-10-03 11:33:54,142 | INFO     | tap-github           | Total Sync costs for stream repositories: {'rest': 1, 'graphql': 0, 'search': 0} cmd_type=elb consumer=False name=tap-github producer=True stdio=stderr string_id=tap-github
2023-10-03T18:33:54.267896Z [info     ] 2023-10-03 11:33:54,267 | INFO     | target-postgres      | Target 'target-postgres' completed reading 818 lines of input (1 schemas, 776 records, 0 batch manifests, 41 state messages). cmd_type=elb consumer=True name=target-postgres producer=False stdio=stderr string_id=target-postgres
2023-10-03T18:33:54.444468Z [info     ] 2023-10-03 11:33:54,443 | INFO     | target-postgres      | Inserting with SQL: INSERT INTO "0dc5114b_def3_47dd_804a_96f5dd039e85" (org, repo, repo_id, node_id, url, sha, html_url, commit_timestamp, commit, author, committer, _sdc_extracted_at, _sdc_received_at, _sdc_batched_at, _sdc_deleted_at, _sdc_sequence, _sdc_table_version, _sdc_sync_started_at) VALUES (:org, :repo, :repo_id, :node_id, :url, :sha, :html_url, :commit_timestamp, :commit, :author, :committer, :_sdc_extracted_at, :_sdc_received_at, :_sdc_batched_at, :_sdc_deleted_at, :_sdc_sequence, :_sdc_table_version, :_sdc_sync_started_at) cmd_type=elb consumer=True name=target-postgres producer=False stdio=stderr string_id=target-postgres
2023-10-03T18:33:54.607362Z [info     ] 2023-10-03 11:33:54,607 | INFO     | target-postgres      | Cleaning up commits cmd_type=elb consumer=True name=target-postgres producer=False stdio=stderr string_id=target-postgres
2023-10-03T18:33:54.607821Z [info     ] 2023-10-03 11:33:54,607 | INFO     | target-postgres      | Emitting completed target state {"bookmarks": {"tempStream": {}, "repositories": {"partitions": [{"context": {"org": "CorrelAid", "repo": "correlaid_website", "repo_id": 579987199}}]}, "commits": {"partitions": [{"context": {"org": "CorrelAid", "repo": "correlaid_website"}, "replication_key": "commit_timestamp", "replication_key_value": "2023-09-14T18:35:05Z"}]}, "anonymous_contributors": {}, "assignees": {}, "collaborators": {}, "commit_comments": {}, "community_profile": {}, "contributors": {}, "dependencies": {}, "dependents": {}, "events": {}, "issue_comments": {}, "issue_events": {}, "issues": {}, "labels": {}, "languages": {}, "milestones": {}, "project_cards": {}, "project_columns": {}, "projects": {}, "pull_request_commits": {}, "reviews": {}, "pull_requests": {}, "readme_html": {}, "readme": {}, "releases": {}, "extra_metrics": {}, "review_comments": {}, "stargazers": {}, "stargazers_rest": {}, "stats_contributors": {}, "traffic_clones": {}, "traffic_pageviews": {}, "traffic_referral_paths": {}, "traffic_referrers": {}, "workflow_run_jobs": {}, "workflow_runs": {}, "workflows": {}}} cmd_type=elb consumer=True name=target-postgres producer=False stdio=stderr string_id=target-postgres
2023-10-03T18:33:54.624318Z [info     ] Incremental state has been updated at 2023-10-03 18:33:54.624101.
2023-10-03T18:33:54.710384Z [info     ] Block run completed.           block_type=ExtractLoadBlocks err=None set_number=0 success=True
2023-10-03T18:33:54.893386Z [info     ] Extension executing `dbt clean`... cmd_type=command name=dbt-postgres stdio=stderr
2023-10-03T18:33:56.407723Z [info     ] [0m18:33:56  Running with dbt=1.5.7 cmd_type=command name=dbt-postgres stdio=stderr
2023-10-03T18:33:56.417441Z [info     ] [0m18:33:56  [[33mWARNING[0m]: Deprecated functionality cmd_type=command name=dbt-postgres stdio=stderr
2023-10-03T18:33:56.417838Z [info     ] The `target-path` config in `dbt_project.yml` has been deprecated, and will no cmd_type=command name=dbt-postgres stdio=stderr
2023-10-03T18:33:56.418003Z [info     ] longer be supported in a future version of dbt-core. If you wish to write dbt cmd_type=command name=dbt-postgres stdio=stderr
2023-10-03T18:33:56.418205Z [info     ] artifacts to a custom directory, please use the --target-path CLI flag or cmd_type=command name=dbt-postgres stdio=stderr
2023-10-03T18:33:56.418404Z [info     ] DBT_TARGET_PATH env var instead. cmd_type=command name=dbt-postgres stdio=stderr
2023-10-03T18:33:56.441933Z [info     ] [0m18:33:56  Checking ../.meltano/transformers/dbt/target/* cmd_type=command name=dbt-postgres stdio=stderr
2023-10-03T18:33:56.442266Z [info     ] [0m18:33:56  ERROR: not cleaning ../.meltano/transformers/dbt/target/* because it is protected cmd_type=command name=dbt-postgres stdio=stderr
2023-10-03T18:33:56.442772Z [info     ] [0m18:33:56  Checking dbt_packages/* cmd_type=command name=dbt-postgres stdio=stderr
2023-10-03T18:33:56.443647Z [info     ] [0m18:33:56  Cleaned dbt_packages/* cmd_type=command name=dbt-postgres stdio=stderr
2023-10-03T18:33:56.444475Z [info     ] [0m18:33:56  Checking logs/*  cmd_type=command name=dbt-postgres stdio=stderr
2023-10-03T18:33:56.445347Z [info     ] [0m18:33:56  Cleaned logs/*   cmd_type=command name=dbt-postgres stdio=stderr
2023-10-03T18:33:56.445920Z [info     ] [0m18:33:56  Finished cleaning all paths. cmd_type=command name=dbt-postgres stdio=stderr
2023-10-03T18:33:56.585022Z [info     ]                                cmd_type=command name=dbt-postgres stdio=stderr
2023-10-03T18:33:56.585317Z [info     ]                                cmd_type=command name=dbt-postgres stdio=stderr
2023-10-03T18:33:56.585535Z [info     ] Extension executing `dbt deps`... cmd_type=command name=dbt-postgres stdio=stderr
2023-10-03T18:33:58.074526Z [info     ] [0m18:33:58  Running with dbt=1.5.7 cmd_type=command name=dbt-postgres stdio=stderr
2023-10-03T18:33:58.082334Z [info     ] [0m18:33:58  [[33mWARNING[0m]: Deprecated functionality cmd_type=command name=dbt-postgres stdio=stderr
2023-10-03T18:33:58.082634Z [info     ] The `target-path` config in `dbt_project.yml` has been deprecated, and will no cmd_type=command name=dbt-postgres stdio=stderr
2023-10-03T18:33:58.082804Z [info     ] longer be supported in a future version of dbt-core. If you wish to write dbt cmd_type=command name=dbt-postgres stdio=stderr
2023-10-03T18:33:58.082965Z [info     ] artifacts to a custom directory, please use the --target-path CLI flag or cmd_type=command name=dbt-postgres stdio=stderr
2023-10-03T18:33:58.083121Z [info     ] DBT_TARGET_PATH env var instead. cmd_type=command name=dbt-postgres stdio=stderr
2023-10-03T18:33:58.106171Z [info     ] [0m18:33:58  Warning: No packages were found in packages.yml cmd_type=command name=dbt-postgres stdio=stderr
2023-10-03T18:33:58.247004Z [info     ]                                cmd_type=command name=dbt-postgres stdio=stderr
2023-10-03T18:33:58.247296Z [info     ]                                cmd_type=command name=dbt-postgres stdio=stderr
2023-10-03T18:33:58.247605Z [info     ] Extension executing `dbt run`... cmd_type=command name=dbt-postgres stdio=stderr
2023-10-03T18:33:59.806743Z [info     ] [0m18:33:59  Running with dbt=1.5.7 cmd_type=command name=dbt-postgres stdio=stderr
2023-10-03T18:33:59.854804Z [info     ] [0m18:33:59  [[33mWARNING[0m]: Deprecated functionality cmd_type=command name=dbt-postgres stdio=stderr
2023-10-03T18:33:59.855091Z [info     ] The `target-path` config in `dbt_project.yml` has been deprecated, and will no cmd_type=command name=dbt-postgres stdio=stderr
2023-10-03T18:33:59.855270Z [info     ] longer be supported in a future version of dbt-core. If you wish to write dbt cmd_type=command name=dbt-postgres stdio=stderr
2023-10-03T18:33:59.855435Z [info     ] artifacts to a custom directory, please use the --target-path CLI flag or cmd_type=command name=dbt-postgres stdio=stderr
2023-10-03T18:33:59.855593Z [info     ] DBT_TARGET_PATH env var instead. cmd_type=command name=dbt-postgres stdio=stderr
2023-10-03T18:33:59.894293Z [info     ] [0m18:33:59  Registered adapter: postgres=1.5.7 cmd_type=command name=dbt-postgres stdio=stderr
2023-10-03T18:33:59.970053Z [info     ] [0m18:33:59  Found 1 model, 0 tests, 0 snapshots, 0 analyses, 310 macros, 0 operations, 0 seed files, 1 source, 0 exposures, 0 metrics, 0 groups cmd_type=command name=dbt-postgres stdio=stderr
2023-10-03T18:33:59.971358Z [info     ] [0m18:33:59                   cmd_type=command name=dbt-postgres stdio=stderr
2023-10-03T18:34:00.056378Z [info     ] [0m18:34:00  Concurrency: 2 threads (target='dev') cmd_type=command name=dbt-postgres stdio=stderr
2023-10-03T18:34:00.056868Z [info     ] [0m18:34:00                   cmd_type=command name=dbt-postgres stdio=stderr
2023-10-03T18:34:00.060917Z [info     ] [0m18:34:00  1 of 1 START sql table model analytics.authors ................................. [RUN] cmd_type=command name=dbt-postgres stdio=stderr
2023-10-03T18:34:00.197743Z [info     ] [0m18:34:00  1 of 1 OK created sql table model analytics.authors ............................ [[32mSELECT 9[0m in 0.14s] cmd_type=command name=dbt-postgres stdio=stderr
2023-10-03T18:34:00.214503Z [info     ] [0m18:34:00                   cmd_type=command name=dbt-postgres stdio=stderr
2023-10-03T18:34:00.215083Z [info     ] [0m18:34:00  Finished running 1 table model in 0 hours 0 minutes and 0.24 seconds (0.24s). cmd_type=command name=dbt-postgres stdio=stderr
2023-10-03T18:34:00.221942Z [info     ] [0m18:34:00                   cmd_type=command name=dbt-postgres stdio=stderr
2023-10-03T18:34:00.222506Z [info     ] [0m18:34:00  [32mCompleted successfully[0m cmd_type=command name=dbt-postgres stdio=stderr
2023-10-03T18:34:00.223126Z [info     ] [0m18:34:00                   cmd_type=command name=dbt-postgres stdio=stderr
2023-10-03T18:34:00.223870Z [info     ] [0m18:34:00  Done. PASS=1 WARN=0 ERROR=0 SKIP=0 TOTAL=1 cmd_type=command name=dbt-postgres stdio=stderr
2023-10-03T18:34:00.376048Z [info     ]                                cmd_type=command name=dbt-postgres stdio=stderr
2023-10-03T18:34:00.376343Z [info     ]                                cmd_type=command name=dbt-postgres stdio=stderr
2023-10-03T18:34:00.400579Z [info     ] Block run completed.           block_type=InvokerCommand err=None set_number=1 success=True
