2023-10-11T00:00:11.603109Z [info     ] Performing full refresh, ignoring state left behind by any previous runs.
2023-10-11T00:00:12.197113Z [info     ] 2023-10-10 17:00:12,196 | WARNING  | tap-github           | The stream 'stargazers' might conflict with previous implementation. Looking for the older version? Use 'stargazers_rest'. cmd_type=elb consumer=False name=tap-github producer=True stdio=stderr string_id=tap-github
2023-10-11T00:00:12.197858Z [info     ] 2023-10-10 17:00:12,197 | WARNING  | tap-github           | The stream 'stargazers_rest' is deprecated. Please use the Graphql version instead: 'stargazers'. cmd_type=elb consumer=False name=tap-github producer=True stdio=stderr string_id=tap-github
2023-10-11T00:00:12.198563Z [info     ] 2023-10-10 17:00:12,198 | INFO     | tap-github           | Added 'anonymous_contributors' as child stream to 'repositories' cmd_type=elb consumer=False name=tap-github producer=True stdio=stderr string_id=tap-github
2023-10-11T00:00:12.198781Z [info     ] 2023-10-10 17:00:12,198 | INFO     | tap-github           | Added 'assignees' as child stream to 'repositories' cmd_type=elb consumer=False name=tap-github producer=True stdio=stderr string_id=tap-github
2023-10-11T00:00:12.198986Z [info     ] 2023-10-10 17:00:12,198 | INFO     | tap-github           | Added 'collaborators' as child stream to 'repositories' cmd_type=elb consumer=False name=tap-github producer=True stdio=stderr string_id=tap-github
2023-10-11T00:00:12.199133Z [info     ] 2023-10-10 17:00:12,198 | INFO     | tap-github           | Added 'commit_comments' as child stream to 'repositories' cmd_type=elb consumer=False name=tap-github producer=True stdio=stderr string_id=tap-github
2023-10-11T00:00:12.199291Z [info     ] 2023-10-10 17:00:12,198 | INFO     | tap-github           | Added 'commits' as child stream to 'repositories' cmd_type=elb consumer=False name=tap-github producer=True stdio=stderr string_id=tap-github
2023-10-11T00:00:12.199441Z [info     ] 2023-10-10 17:00:12,198 | INFO     | tap-github           | Added 'community_profile' as child stream to 'repositories' cmd_type=elb consumer=False name=tap-github producer=True stdio=stderr string_id=tap-github
2023-10-11T00:00:12.199583Z [info     ] 2023-10-10 17:00:12,198 | INFO     | tap-github           | Added 'contributors' as child stream to 'repositories' cmd_type=elb consumer=False name=tap-github producer=True stdio=stderr string_id=tap-github
2023-10-11T00:00:12.199698Z [info     ] 2023-10-10 17:00:12,198 | INFO     | tap-github           | Added 'dependencies' as child stream to 'repositories' cmd_type=elb consumer=False name=tap-github producer=True stdio=stderr string_id=tap-github
2023-10-11T00:00:12.199809Z [info     ] 2023-10-10 17:00:12,198 | INFO     | tap-github           | Added 'dependents' as child stream to 'repositories' cmd_type=elb consumer=False name=tap-github producer=True stdio=stderr string_id=tap-github
2023-10-11T00:00:12.199920Z [info     ] 2023-10-10 17:00:12,198 | INFO     | tap-github           | Added 'events' as child stream to 'repositories' cmd_type=elb consumer=False name=tap-github producer=True stdio=stderr string_id=tap-github
2023-10-11T00:00:12.200077Z [info     ] 2023-10-10 17:00:12,198 | INFO     | tap-github           | Added 'issue_comments' as child stream to 'repositories' cmd_type=elb consumer=False name=tap-github producer=True stdio=stderr string_id=tap-github
2023-10-11T00:00:12.200197Z [info     ] 2023-10-10 17:00:12,198 | INFO     | tap-github           | Added 'issue_events' as child stream to 'repositories' cmd_type=elb consumer=False name=tap-github producer=True stdio=stderr string_id=tap-github
2023-10-11T00:00:12.200310Z [info     ] 2023-10-10 17:00:12,199 | INFO     | tap-github           | Added 'issues' as child stream to 'repositories' cmd_type=elb consumer=False name=tap-github producer=True stdio=stderr string_id=tap-github
2023-10-11T00:00:12.200422Z [info     ] 2023-10-10 17:00:12,199 | INFO     | tap-github           | Added 'labels' as child stream to 'repositories' cmd_type=elb consumer=False name=tap-github producer=True stdio=stderr string_id=tap-github
2023-10-11T00:00:12.200547Z [info     ] 2023-10-10 17:00:12,199 | INFO     | tap-github           | Added 'languages' as child stream to 'repositories' cmd_type=elb consumer=False name=tap-github producer=True stdio=stderr string_id=tap-github
2023-10-11T00:00:12.200661Z [info     ] 2023-10-10 17:00:12,199 | INFO     | tap-github           | Added 'milestones' as child stream to 'repositories' cmd_type=elb consumer=False name=tap-github producer=True stdio=stderr string_id=tap-github
2023-10-11T00:00:12.200771Z [info     ] 2023-10-10 17:00:12,199 | INFO     | tap-github           | Added 'project_cards' as child stream to 'project_columns' cmd_type=elb consumer=False name=tap-github producer=True stdio=stderr string_id=tap-github
2023-10-11T00:00:12.200881Z [info     ] 2023-10-10 17:00:12,199 | INFO     | tap-github           | Added 'project_columns' as child stream to 'projects' cmd_type=elb consumer=False name=tap-github producer=True stdio=stderr string_id=tap-github
2023-10-11T00:00:12.200989Z [info     ] 2023-10-10 17:00:12,199 | INFO     | tap-github           | Added 'projects' as child stream to 'repositories' cmd_type=elb consumer=False name=tap-github producer=True stdio=stderr string_id=tap-github
2023-10-11T00:00:12.201098Z [info     ] 2023-10-10 17:00:12,199 | INFO     | tap-github           | Added 'pull_request_commits' as child stream to 'pull_requests' cmd_type=elb consumer=False name=tap-github producer=True stdio=stderr string_id=tap-github
2023-10-11T00:00:12.201208Z [info     ] 2023-10-10 17:00:12,199 | INFO     | tap-github           | Added 'pull_requests' as child stream to 'repositories' cmd_type=elb consumer=False name=tap-github producer=True stdio=stderr string_id=tap-github
2023-10-11T00:00:12.201329Z [info     ] 2023-10-10 17:00:12,199 | INFO     | tap-github           | Added 'readme_html' as child stream to 'repositories' cmd_type=elb consumer=False name=tap-github producer=True stdio=stderr string_id=tap-github
2023-10-11T00:00:12.201439Z [info     ] 2023-10-10 17:00:12,199 | INFO     | tap-github           | Added 'readme' as child stream to 'repositories' cmd_type=elb consumer=False name=tap-github producer=True stdio=stderr string_id=tap-github
2023-10-11T00:00:12.201549Z [info     ] 2023-10-10 17:00:12,199 | INFO     | tap-github           | Added 'releases' as child stream to 'repositories' cmd_type=elb consumer=False name=tap-github producer=True stdio=stderr string_id=tap-github
2023-10-11T00:00:12.201657Z [info     ] 2023-10-10 17:00:12,199 | INFO     | tap-github           | Added 'extra_metrics' as child stream to 'repositories' cmd_type=elb consumer=False name=tap-github producer=True stdio=stderr string_id=tap-github
2023-10-11T00:00:12.201765Z [info     ] 2023-10-10 17:00:12,199 | INFO     | tap-github           | Added 'review_comments' as child stream to 'repositories' cmd_type=elb consumer=False name=tap-github producer=True stdio=stderr string_id=tap-github
2023-10-11T00:00:12.201873Z [info     ] 2023-10-10 17:00:12,199 | INFO     | tap-github           | Added 'reviews' as child stream to 'pull_requests' cmd_type=elb consumer=False name=tap-github producer=True stdio=stderr string_id=tap-github
2023-10-11T00:00:12.201982Z [info     ] 2023-10-10 17:00:12,199 | INFO     | tap-github           | Added 'stargazers' as child stream to 'repositories' cmd_type=elb consumer=False name=tap-github producer=True stdio=stderr string_id=tap-github
2023-10-11T00:00:12.202090Z [info     ] 2023-10-10 17:00:12,199 | INFO     | tap-github           | Added 'stargazers_rest' as child stream to 'repositories' cmd_type=elb consumer=False name=tap-github producer=True stdio=stderr string_id=tap-github
2023-10-11T00:00:12.202199Z [info     ] 2023-10-10 17:00:12,199 | INFO     | tap-github           | Added 'stats_contributors' as child stream to 'repositories' cmd_type=elb consumer=False name=tap-github producer=True stdio=stderr string_id=tap-github
2023-10-11T00:00:12.202307Z [info     ] 2023-10-10 17:00:12,199 | INFO     | tap-github           | Added 'traffic_clones' as child stream to 'repositories' cmd_type=elb consumer=False name=tap-github producer=True stdio=stderr string_id=tap-github
2023-10-11T00:00:12.202422Z [info     ] 2023-10-10 17:00:12,199 | INFO     | tap-github           | Added 'traffic_pageviews' as child stream to 'repositories' cmd_type=elb consumer=False name=tap-github producer=True stdio=stderr string_id=tap-github
2023-10-11T00:00:12.202532Z [info     ] 2023-10-10 17:00:12,199 | INFO     | tap-github           | Added 'traffic_referral_paths' as child stream to 'repositories' cmd_type=elb consumer=False name=tap-github producer=True stdio=stderr string_id=tap-github
2023-10-11T00:00:12.202644Z [info     ] 2023-10-10 17:00:12,199 | INFO     | tap-github           | Added 'traffic_referrers' as child stream to 'repositories' cmd_type=elb consumer=False name=tap-github producer=True stdio=stderr string_id=tap-github
2023-10-11T00:00:12.202791Z [info     ] 2023-10-10 17:00:12,200 | INFO     | tap-github           | Added 'workflow_run_jobs' as child stream to 'workflow_runs' cmd_type=elb consumer=False name=tap-github producer=True stdio=stderr string_id=tap-github
2023-10-11T00:00:12.202959Z [info     ] 2023-10-10 17:00:12,200 | INFO     | tap-github           | Added 'workflow_runs' as child stream to 'repositories' cmd_type=elb consumer=False name=tap-github producer=True stdio=stderr string_id=tap-github
2023-10-11T00:00:12.203079Z [info     ] 2023-10-10 17:00:12,200 | INFO     | tap-github           | Added 'workflows' as child stream to 'repositories' cmd_type=elb consumer=False name=tap-github producer=True stdio=stderr string_id=tap-github
2023-10-11T00:00:12.203193Z [info     ] 2023-10-10 17:00:12,200 | INFO     | tap-github           | Added 'team_members' as child stream to 'teams' cmd_type=elb consumer=False name=tap-github producer=True stdio=stderr string_id=tap-github
2023-10-11T00:00:12.203305Z [info     ] 2023-10-10 17:00:12,200 | INFO     | tap-github           | Added 'team_roles' as child stream to 'team_members' cmd_type=elb consumer=False name=tap-github producer=True stdio=stderr string_id=tap-github
2023-10-11T00:00:12.203414Z [info     ] 2023-10-10 17:00:12,200 | INFO     | tap-github           | Added 'teams' as child stream to 'organizations' cmd_type=elb consumer=False name=tap-github producer=True stdio=stderr string_id=tap-github
2023-10-11T00:00:12.203526Z [info     ] 2023-10-10 17:00:12,201 | WARNING  | tap-github           | Stream descendent 'commits' is selected and its parent 'repositories' does not use inclusive replication keys. Forcing full table replication for 'repositories'. cmd_type=elb consumer=False name=tap-github producer=True stdio=stderr string_id=tap-github
2023-10-11T00:00:12.203640Z [info     ] 2023-10-10 17:00:12,202 | INFO     | tap-github           | Skipping deselected stream 'anonymous_contributors'. cmd_type=elb consumer=False name=tap-github producer=True stdio=stderr string_id=tap-github
2023-10-11T00:00:12.203820Z [info     ] 2023-10-10 17:00:12,202 | INFO     | tap-github           | Skipping deselected stream 'assignees'. cmd_type=elb consumer=False name=tap-github producer=True stdio=stderr string_id=tap-github
2023-10-11T00:00:12.203941Z [info     ] 2023-10-10 17:00:12,202 | INFO     | tap-github           | Skipping deselected stream 'collaborators'. cmd_type=elb consumer=False name=tap-github producer=True stdio=stderr string_id=tap-github
2023-10-11T00:00:12.204053Z [info     ] 2023-10-10 17:00:12,203 | INFO     | tap-github           | Skipping deselected stream 'commit_comments'. cmd_type=elb consumer=False name=tap-github producer=True stdio=stderr string_id=tap-github
2023-10-11T00:00:12.204164Z [info     ] 2023-10-10 17:00:12,203 | INFO     | tap-github           | Skipping deselected stream 'community_profile'. cmd_type=elb consumer=False name=tap-github producer=True stdio=stderr string_id=tap-github
2023-10-11T00:00:12.204272Z [info     ] 2023-10-10 17:00:12,203 | INFO     | tap-github           | Skipping deselected stream 'contributors'. cmd_type=elb consumer=False name=tap-github producer=True stdio=stderr string_id=tap-github
2023-10-11T00:00:12.204398Z [info     ] 2023-10-10 17:00:12,203 | INFO     | tap-github           | Skipping deselected stream 'dependencies'. cmd_type=elb consumer=False name=tap-github producer=True stdio=stderr string_id=tap-github
2023-10-11T00:00:12.204495Z [info     ] 2023-10-10 17:00:12,203 | INFO     | tap-github           | Skipping deselected stream 'dependents'. cmd_type=elb consumer=False name=tap-github producer=True stdio=stderr string_id=tap-github
2023-10-11T00:00:12.204590Z [info     ] 2023-10-10 17:00:12,203 | INFO     | tap-github           | Skipping deselected stream 'events'. cmd_type=elb consumer=False name=tap-github producer=True stdio=stderr string_id=tap-github
2023-10-11T00:00:12.204685Z [info     ] 2023-10-10 17:00:12,203 | INFO     | tap-github           | Skipping deselected stream 'extra_metrics'. cmd_type=elb consumer=False name=tap-github producer=True stdio=stderr string_id=tap-github
2023-10-11T00:00:12.204781Z [info     ] 2023-10-10 17:00:12,203 | INFO     | tap-github           | Skipping deselected stream 'issue_comments'. cmd_type=elb consumer=False name=tap-github producer=True stdio=stderr string_id=tap-github
2023-10-11T00:00:12.204876Z [info     ] 2023-10-10 17:00:12,203 | INFO     | tap-github           | Skipping deselected stream 'issue_events'. cmd_type=elb consumer=False name=tap-github producer=True stdio=stderr string_id=tap-github
2023-10-11T00:00:12.204971Z [info     ] 2023-10-10 17:00:12,203 | INFO     | tap-github           | Skipping deselected stream 'issues'. cmd_type=elb consumer=False name=tap-github producer=True stdio=stderr string_id=tap-github
2023-10-11T00:00:12.205065Z [info     ] 2023-10-10 17:00:12,203 | INFO     | tap-github           | Skipping deselected stream 'labels'. cmd_type=elb consumer=False name=tap-github producer=True stdio=stderr string_id=tap-github
2023-10-11T00:00:12.205160Z [info     ] 2023-10-10 17:00:12,203 | INFO     | tap-github           | Skipping deselected stream 'languages'. cmd_type=elb consumer=False name=tap-github producer=True stdio=stderr string_id=tap-github
2023-10-11T00:00:12.205256Z [info     ] 2023-10-10 17:00:12,203 | INFO     | tap-github           | Skipping deselected stream 'milestones'. cmd_type=elb consumer=False name=tap-github producer=True stdio=stderr string_id=tap-github
2023-10-11T00:00:12.205415Z [info     ] 2023-10-10 17:00:12,203 | INFO     | tap-github           | Skipping deselected stream 'organizations'. cmd_type=elb consumer=False name=tap-github producer=True stdio=stderr string_id=tap-github
2023-10-11T00:00:12.205513Z [info     ] 2023-10-10 17:00:12,203 | INFO     | tap-github           | Skipping deselected stream 'project_cards'. cmd_type=elb consumer=False name=tap-github producer=True stdio=stderr string_id=tap-github
2023-10-11T00:00:12.205638Z [info     ] 2023-10-10 17:00:12,203 | INFO     | tap-github           | Skipping deselected stream 'project_columns'. cmd_type=elb consumer=False name=tap-github producer=True stdio=stderr string_id=tap-github
2023-10-11T00:00:12.205779Z [info     ] 2023-10-10 17:00:12,203 | INFO     | tap-github           | Skipping deselected stream 'projects'. cmd_type=elb consumer=False name=tap-github producer=True stdio=stderr string_id=tap-github
2023-10-11T00:00:12.205884Z [info     ] 2023-10-10 17:00:12,203 | INFO     | tap-github           | Skipping deselected stream 'pull_request_commits'. cmd_type=elb consumer=False name=tap-github producer=True stdio=stderr string_id=tap-github
2023-10-11T00:00:12.205983Z [info     ] 2023-10-10 17:00:12,203 | INFO     | tap-github           | Skipping deselected stream 'pull_requests'. cmd_type=elb consumer=False name=tap-github producer=True stdio=stderr string_id=tap-github
2023-10-11T00:00:12.206081Z [info     ] 2023-10-10 17:00:12,203 | INFO     | tap-github           | Skipping deselected stream 'readme'. cmd_type=elb consumer=False name=tap-github producer=True stdio=stderr string_id=tap-github
2023-10-11T00:00:12.206219Z [info     ] 2023-10-10 17:00:12,203 | INFO     | tap-github           | Skipping deselected stream 'readme_html'. cmd_type=elb consumer=False name=tap-github producer=True stdio=stderr string_id=tap-github
2023-10-11T00:00:12.206326Z [info     ] 2023-10-10 17:00:12,204 | INFO     | tap-github           | Skipping deselected stream 'releases'. cmd_type=elb consumer=False name=tap-github producer=True stdio=stderr string_id=tap-github
2023-10-11T00:00:12.206427Z [info     ] 2023-10-10 17:00:12,204 | INFO     | tap-github           | Beginning full_table sync of 'repositories'... cmd_type=elb consumer=False name=tap-github producer=True stdio=stderr string_id=tap-github
2023-10-11T00:00:12.206526Z [info     ] 2023-10-10 17:00:12,204 | INFO     | tap-github           | Tap has custom mapper. Using 1 provided map(s). cmd_type=elb consumer=False name=tap-github producer=True stdio=stderr string_id=tap-github
2023-10-11T00:00:12.287117Z [info     ] 2023-10-10 17:00:12,286 | INFO     | target-postgres      | Target 'target-postgres' is listening for input from tap. cmd_type=elb consumer=True name=target-postgres producer=False stdio=stderr string_id=target-postgres
2023-10-11T00:00:12.287450Z [info     ] 2023-10-10 17:00:12,287 | INFO     | target-postgres      | Initializing 'target-postgres' target sink... cmd_type=elb consumer=True name=target-postgres producer=False stdio=stderr string_id=target-postgres
2023-10-11T00:00:12.287668Z [info     ] 2023-10-10 17:00:12,287 | INFO     | target-postgres      | Initializing target sink for stream 'repositories'... cmd_type=elb consumer=True name=target-postgres producer=False stdio=stderr string_id=target-postgres
2023-10-11T00:00:12.578584Z [info     ] 2023-10-10 17:00:12,577 | INFO     | tap-github           | Tap will run with 1 auth tokens cmd_type=elb consumer=False name=tap-github producer=True stdio=stderr string_id=tap-github
2023-10-11T00:00:15.548523Z [info     ] 2023-10-10 17:00:15,547 | INFO     | singer_sdk.metrics   | METRIC: {"type": "timer", "metric": "http_request_duration", "value": 2.655999, "tags": {"stream": "repositories", "endpoint": "/orgs/{org}/repos", "http_status_code": 200, "status": "succeeded", "context": {"org": "CorrelAid"}}} cmd_type=elb consumer=False name=tap-github producer=True stdio=stderr string_id=tap-github
2023-10-11T00:00:15.565568Z [info     ] 2023-10-10 17:00:15,564 | INFO     | tap-github           | Beginning incremental sync of 'commits' with context: {'org': 'CorrelAid', 'repo': 'sandbox', 'repo_id': 35559577}... cmd_type=elb consumer=False name=tap-github producer=True stdio=stderr string_id=tap-github
2023-10-11T00:00:15.566406Z [info     ] 2023-10-10 17:00:15,565 | INFO     | tap-github           | Tap has custom mapper. Using 1 provided map(s). cmd_type=elb consumer=False name=tap-github producer=True stdio=stderr string_id=tap-github
2023-10-11T00:00:15.569178Z [info     ] 2023-10-10 17:00:15,568 | INFO     | target-postgres      | Initializing 'target-postgres' target sink... cmd_type=elb consumer=True name=target-postgres producer=False stdio=stderr string_id=target-postgres
2023-10-11T00:00:15.569940Z [info     ] 2023-10-10 17:00:15,569 | INFO     | target-postgres      | Initializing target sink for stream 'commits'... cmd_type=elb consumer=True name=target-postgres producer=False stdio=stderr string_id=target-postgres
2023-10-11T00:00:15.897549Z [info     ] 2023-10-10 17:00:15,896 | INFO     | tap-github           | Tap will run with 1 auth tokens cmd_type=elb consumer=False name=tap-github producer=True stdio=stderr string_id=tap-github
2023-10-11T00:00:16.522235Z [info     ] 2023-10-10 17:00:16,521 | INFO     | singer_sdk.metrics   | METRIC: {"type": "timer", "metric": "http_request_duration", "value": 0.611564, "tags": {"stream": "commits", "endpoint": "/repos/{org}/{repo}/commits", "http_status_code": 200, "status": "succeeded", "context": {"org": "CorrelAid", "repo": "sandbox", "repo_id": 35559577}}} cmd_type=elb consumer=False name=tap-github producer=True stdio=stderr string_id=tap-github
2023-10-11T00:00:16.524787Z [info     ] 2023-10-10 17:00:16,524 | WARNING  | tap-github           | Properties ('commit.url', 'commit.comment_count', 'comments_url', 'author.url', 'author.followers_url', 'author.following_url', 'author.gists_url', 'author.starred_url', 'author.subscriptions_url', 'author.organizations_url', 'author.repos_url', 'author.events_url', 'author.received_events_url', 'committer.url', 'committer.followers_url', 'committer.following_url', 'committer.gists_url', 'committer.starred_url', 'committer.subscriptions_url', 'committer.organizations_url', 'committer.repos_url', 'committer.events_url', 'committer.received_events_url', 'parents') were present in the 'commits' stream but not found in catalog schema. Ignoring. cmd_type=elb consumer=False name=tap-github producer=True stdio=stderr string_id=tap-github
2023-10-11T00:00:16.527520Z [info     ] 2023-10-10 17:00:16,527 | WARNING  | tap-github           | Properties ('commit.url', 'commit.comment_count', 'comments_url', 'parents') were present in the 'commits' stream but not found in catalog schema. Ignoring. cmd_type=elb consumer=False name=tap-github producer=True stdio=stderr string_id=tap-github
2023-10-11T00:00:16.532965Z [info     ] 2023-10-10 17:00:16,532 | INFO     | singer_sdk.metrics   | METRIC: {"type": "counter", "metric": "http_request_count", "value": 1, "tags": {"stream": "commits", "endpoint": "/repos/{org}/{repo}/commits", "context": {"org": "CorrelAid", "repo": "sandbox", "repo_id": 35559577}}} cmd_type=elb consumer=False name=tap-github producer=True stdio=stderr string_id=tap-github
2023-10-11T00:00:16.533260Z [info     ] 2023-10-10 17:00:16,532 | INFO     | singer_sdk.metrics   | METRIC: {"type": "timer", "metric": "sync_duration", "value": 0.9646444320678711, "tags": {"stream": "commits", "context": {"org": "CorrelAid", "repo": "sandbox", "repo_id": 35559577}, "status": "succeeded"}} cmd_type=elb consumer=False name=tap-github producer=True stdio=stderr string_id=tap-github
2023-10-11T00:00:16.533483Z [info     ] 2023-10-10 17:00:16,532 | INFO     | singer_sdk.metrics   | METRIC: {"type": "counter", "metric": "record_count", "value": 33, "tags": {"stream": "commits", "context": {"org": "CorrelAid", "repo": "sandbox", "repo_id": 35559577}}} cmd_type=elb consumer=False name=tap-github producer=True stdio=stderr string_id=tap-github
2023-10-11T00:00:16.533768Z [info     ] 2023-10-10 17:00:16,533 | INFO     | tap-github           | Beginning incremental sync of 'stargazers' with context: {'org': 'CorrelAid', 'repo': 'sandbox', 'repo_id': 35559577}... cmd_type=elb consumer=False name=tap-github producer=True stdio=stderr string_id=tap-github
2023-10-11T00:00:16.533957Z [info     ] 2023-10-10 17:00:16,533 | INFO     | tap-github           | Tap has custom mapper. Using 1 provided map(s). cmd_type=elb consumer=False name=tap-github producer=True stdio=stderr string_id=tap-github
2023-10-11T00:00:16.553650Z [info     ] 2023-10-10 17:00:16,553 | INFO     | target-postgres      | Initializing 'target-postgres' target sink... cmd_type=elb consumer=True name=target-postgres producer=False stdio=stderr string_id=target-postgres
2023-10-11T00:00:16.553883Z [info     ] 2023-10-10 17:00:16,553 | INFO     | target-postgres      | Initializing target sink for stream 'stargazers'... cmd_type=elb consumer=True name=target-postgres producer=False stdio=stderr string_id=target-postgres
2023-10-11T00:00:16.902976Z [warning  ] Loop <_UnixSelectorEventLoop running=False closed=True debug=False> that handles pid 73200 is closed
2023-10-11T00:00:16.911995Z [warning  ] Loop <_UnixSelectorEventLoop running=False closed=True debug=False> that handles pid 73198 is closed
