2023-10-03T17:31:46.465924Z [warning  ] No state was found, complete import.
2023-10-03T17:31:47.226634Z [info     ] 2023-10-03 10:31:47,226 | WARNING  | tap-github           | The stream 'stargazers' might conflict with previous implementation. Looking for the older version? Use 'stargazers_rest'. cmd_type=elb consumer=False name=tap-github producer=True stdio=stderr string_id=tap-github
2023-10-03T17:31:47.227122Z [info     ] 2023-10-03 10:31:47,226 | WARNING  | tap-github           | The stream 'stargazers_rest' is deprecated. Please use the Graphql version instead: 'stargazers'. cmd_type=elb consumer=False name=tap-github producer=True stdio=stderr string_id=tap-github
2023-10-03T17:31:47.227346Z [info     ] 2023-10-03 10:31:47,227 | INFO     | tap-github           | Added 'anonymous_contributors' as child stream to 'repositories' cmd_type=elb consumer=False name=tap-github producer=True stdio=stderr string_id=tap-github
2023-10-03T17:31:47.227544Z [info     ] 2023-10-03 10:31:47,227 | INFO     | tap-github           | Added 'assignees' as child stream to 'repositories' cmd_type=elb consumer=False name=tap-github producer=True stdio=stderr string_id=tap-github
2023-10-03T17:31:47.227688Z [info     ] 2023-10-03 10:31:47,227 | INFO     | tap-github           | Added 'collaborators' as child stream to 'repositories' cmd_type=elb consumer=False name=tap-github producer=True stdio=stderr string_id=tap-github
2023-10-03T17:31:47.227867Z [info     ] 2023-10-03 10:31:47,227 | INFO     | tap-github           | Added 'commit_comments' as child stream to 'repositories' cmd_type=elb consumer=False name=tap-github producer=True stdio=stderr string_id=tap-github
2023-10-03T17:31:47.228022Z [info     ] 2023-10-03 10:31:47,227 | INFO     | tap-github           | Added 'commits' as child stream to 'repositories' cmd_type=elb consumer=False name=tap-github producer=True stdio=stderr string_id=tap-github
2023-10-03T17:31:47.228243Z [info     ] 2023-10-03 10:31:47,227 | INFO     | tap-github           | Added 'community_profile' as child stream to 'repositories' cmd_type=elb consumer=False name=tap-github producer=True stdio=stderr string_id=tap-github
2023-10-03T17:31:47.228390Z [info     ] 2023-10-03 10:31:47,227 | INFO     | tap-github           | Added 'contributors' as child stream to 'repositories' cmd_type=elb consumer=False name=tap-github producer=True stdio=stderr string_id=tap-github
2023-10-03T17:31:47.228533Z [info     ] 2023-10-03 10:31:47,227 | INFO     | tap-github           | Added 'dependencies' as child stream to 'repositories' cmd_type=elb consumer=False name=tap-github producer=True stdio=stderr string_id=tap-github
2023-10-03T17:31:47.228771Z [info     ] 2023-10-03 10:31:47,227 | INFO     | tap-github           | Added 'dependents' as child stream to 'repositories' cmd_type=elb consumer=False name=tap-github producer=True stdio=stderr string_id=tap-github
2023-10-03T17:31:47.228895Z [info     ] 2023-10-03 10:31:47,227 | INFO     | tap-github           | Added 'events' as child stream to 'repositories' cmd_type=elb consumer=False name=tap-github producer=True stdio=stderr string_id=tap-github
2023-10-03T17:31:47.229012Z [info     ] 2023-10-03 10:31:47,227 | INFO     | tap-github           | Added 'issue_comments' as child stream to 'repositories' cmd_type=elb consumer=False name=tap-github producer=True stdio=stderr string_id=tap-github
2023-10-03T17:31:47.229127Z [info     ] 2023-10-03 10:31:47,227 | INFO     | tap-github           | Added 'issue_events' as child stream to 'repositories' cmd_type=elb consumer=False name=tap-github producer=True stdio=stderr string_id=tap-github
2023-10-03T17:31:47.229240Z [info     ] 2023-10-03 10:31:47,227 | INFO     | tap-github           | Added 'issues' as child stream to 'repositories' cmd_type=elb consumer=False name=tap-github producer=True stdio=stderr string_id=tap-github
2023-10-03T17:31:47.229353Z [info     ] 2023-10-03 10:31:47,227 | INFO     | tap-github           | Added 'labels' as child stream to 'repositories' cmd_type=elb consumer=False name=tap-github producer=True stdio=stderr string_id=tap-github
2023-10-03T17:31:47.229482Z [info     ] 2023-10-03 10:31:47,228 | INFO     | tap-github           | Added 'languages' as child stream to 'repositories' cmd_type=elb consumer=False name=tap-github producer=True stdio=stderr string_id=tap-github
2023-10-03T17:31:47.229597Z [info     ] 2023-10-03 10:31:47,228 | INFO     | tap-github           | Added 'milestones' as child stream to 'repositories' cmd_type=elb consumer=False name=tap-github producer=True stdio=stderr string_id=tap-github
2023-10-03T17:31:47.229727Z [info     ] 2023-10-03 10:31:47,228 | INFO     | tap-github           | Added 'project_cards' as child stream to 'project_columns' cmd_type=elb consumer=False name=tap-github producer=True stdio=stderr string_id=tap-github
2023-10-03T17:31:47.229874Z [info     ] 2023-10-03 10:31:47,228 | INFO     | tap-github           | Added 'project_columns' as child stream to 'projects' cmd_type=elb consumer=False name=tap-github producer=True stdio=stderr string_id=tap-github
2023-10-03T17:31:47.230033Z [info     ] 2023-10-03 10:31:47,228 | INFO     | tap-github           | Added 'projects' as child stream to 'repositories' cmd_type=elb consumer=False name=tap-github producer=True stdio=stderr string_id=tap-github
2023-10-03T17:31:47.230161Z [info     ] 2023-10-03 10:31:47,228 | INFO     | tap-github           | Added 'pull_request_commits' as child stream to 'pull_requests' cmd_type=elb consumer=False name=tap-github producer=True stdio=stderr string_id=tap-github
2023-10-03T17:31:47.230280Z [info     ] 2023-10-03 10:31:47,228 | INFO     | tap-github           | Added 'pull_requests' as child stream to 'repositories' cmd_type=elb consumer=False name=tap-github producer=True stdio=stderr string_id=tap-github
2023-10-03T17:31:47.230411Z [info     ] 2023-10-03 10:31:47,228 | INFO     | tap-github           | Added 'readme_html' as child stream to 'repositories' cmd_type=elb consumer=False name=tap-github producer=True stdio=stderr string_id=tap-github
2023-10-03T17:31:47.230558Z [info     ] 2023-10-03 10:31:47,228 | INFO     | tap-github           | Added 'readme' as child stream to 'repositories' cmd_type=elb consumer=False name=tap-github producer=True stdio=stderr string_id=tap-github
2023-10-03T17:31:47.230757Z [info     ] 2023-10-03 10:31:47,228 | INFO     | tap-github           | Added 'releases' as child stream to 'repositories' cmd_type=elb consumer=False name=tap-github producer=True stdio=stderr string_id=tap-github
2023-10-03T17:31:47.230937Z [info     ] 2023-10-03 10:31:47,228 | INFO     | tap-github           | Added 'extra_metrics' as child stream to 'repositories' cmd_type=elb consumer=False name=tap-github producer=True stdio=stderr string_id=tap-github
2023-10-03T17:31:47.231084Z [info     ] 2023-10-03 10:31:47,228 | INFO     | tap-github           | Added 'review_comments' as child stream to 'repositories' cmd_type=elb consumer=False name=tap-github producer=True stdio=stderr string_id=tap-github
2023-10-03T17:31:47.231224Z [info     ] 2023-10-03 10:31:47,228 | INFO     | tap-github           | Added 'reviews' as child stream to 'pull_requests' cmd_type=elb consumer=False name=tap-github producer=True stdio=stderr string_id=tap-github
2023-10-03T17:31:47.231360Z [info     ] 2023-10-03 10:31:47,228 | INFO     | tap-github           | Added 'stargazers' as child stream to 'repositories' cmd_type=elb consumer=False name=tap-github producer=True stdio=stderr string_id=tap-github
2023-10-03T17:31:47.231478Z [info     ] 2023-10-03 10:31:47,228 | INFO     | tap-github           | Added 'stargazers_rest' as child stream to 'repositories' cmd_type=elb consumer=False name=tap-github producer=True stdio=stderr string_id=tap-github
2023-10-03T17:31:47.231608Z [info     ] 2023-10-03 10:31:47,228 | INFO     | tap-github           | Added 'stats_contributors' as child stream to 'repositories' cmd_type=elb consumer=False name=tap-github producer=True stdio=stderr string_id=tap-github
2023-10-03T17:31:47.231720Z [info     ] 2023-10-03 10:31:47,228 | INFO     | tap-github           | Added 'traffic_clones' as child stream to 'repositories' cmd_type=elb consumer=False name=tap-github producer=True stdio=stderr string_id=tap-github
2023-10-03T17:31:47.231888Z [info     ] 2023-10-03 10:31:47,228 | INFO     | tap-github           | Added 'traffic_pageviews' as child stream to 'repositories' cmd_type=elb consumer=False name=tap-github producer=True stdio=stderr string_id=tap-github
2023-10-03T17:31:47.232026Z [info     ] 2023-10-03 10:31:47,228 | INFO     | tap-github           | Added 'traffic_referral_paths' as child stream to 'repositories' cmd_type=elb consumer=False name=tap-github producer=True stdio=stderr string_id=tap-github
2023-10-03T17:31:47.232183Z [info     ] 2023-10-03 10:31:47,228 | INFO     | tap-github           | Added 'traffic_referrers' as child stream to 'repositories' cmd_type=elb consumer=False name=tap-github producer=True stdio=stderr string_id=tap-github
2023-10-03T17:31:47.232364Z [info     ] 2023-10-03 10:31:47,228 | INFO     | tap-github           | Added 'workflow_run_jobs' as child stream to 'workflow_runs' cmd_type=elb consumer=False name=tap-github producer=True stdio=stderr string_id=tap-github
2023-10-03T17:31:47.232495Z [info     ] 2023-10-03 10:31:47,228 | INFO     | tap-github           | Added 'workflow_runs' as child stream to 'repositories' cmd_type=elb consumer=False name=tap-github producer=True stdio=stderr string_id=tap-github
2023-10-03T17:31:47.232627Z [info     ] 2023-10-03 10:31:47,229 | INFO     | tap-github           | Added 'workflows' as child stream to 'repositories' cmd_type=elb consumer=False name=tap-github producer=True stdio=stderr string_id=tap-github
2023-10-03T17:31:47.232758Z [info     ] 2023-10-03 10:31:47,229 | WARNING  | tap-github           | Stream descendent 'commits' is selected and its parent 'repositories' does not use inclusive replication keys. Forcing full table replication for 'repositories'. cmd_type=elb consumer=False name=tap-github producer=True stdio=stderr string_id=tap-github
2023-10-03T17:31:47.233006Z [info     ] 2023-10-03 10:31:47,231 | INFO     | tap-github           | Skipping deselected stream 'anonymous_contributors'. cmd_type=elb consumer=False name=tap-github producer=True stdio=stderr string_id=tap-github
2023-10-03T17:31:47.233199Z [info     ] 2023-10-03 10:31:47,231 | INFO     | tap-github           | Skipping deselected stream 'assignees'. cmd_type=elb consumer=False name=tap-github producer=True stdio=stderr string_id=tap-github
2023-10-03T17:31:47.233367Z [info     ] 2023-10-03 10:31:47,231 | INFO     | tap-github           | Skipping deselected stream 'collaborators'. cmd_type=elb consumer=False name=tap-github producer=True stdio=stderr string_id=tap-github
2023-10-03T17:31:47.233532Z [info     ] 2023-10-03 10:31:47,231 | INFO     | tap-github           | Skipping deselected stream 'commit_comments'. cmd_type=elb consumer=False name=tap-github producer=True stdio=stderr string_id=tap-github
2023-10-03T17:31:47.233673Z [info     ] 2023-10-03 10:31:47,231 | INFO     | tap-github           | Skipping deselected stream 'community_profile'. cmd_type=elb consumer=False name=tap-github producer=True stdio=stderr string_id=tap-github
2023-10-03T17:31:47.233812Z [info     ] 2023-10-03 10:31:47,232 | INFO     | tap-github           | Skipping deselected stream 'contributors'. cmd_type=elb consumer=False name=tap-github producer=True stdio=stderr string_id=tap-github
2023-10-03T17:31:47.233951Z [info     ] 2023-10-03 10:31:47,232 | INFO     | tap-github           | Skipping deselected stream 'dependencies'. cmd_type=elb consumer=False name=tap-github producer=True stdio=stderr string_id=tap-github
2023-10-03T17:31:47.234104Z [info     ] 2023-10-03 10:31:47,232 | INFO     | tap-github           | Skipping deselected stream 'dependents'. cmd_type=elb consumer=False name=tap-github producer=True stdio=stderr string_id=tap-github
2023-10-03T17:31:47.234239Z [info     ] 2023-10-03 10:31:47,232 | INFO     | tap-github           | Skipping deselected stream 'events'. cmd_type=elb consumer=False name=tap-github producer=True stdio=stderr string_id=tap-github
2023-10-03T17:31:47.234381Z [info     ] 2023-10-03 10:31:47,232 | INFO     | tap-github           | Skipping deselected stream 'extra_metrics'. cmd_type=elb consumer=False name=tap-github producer=True stdio=stderr string_id=tap-github
2023-10-03T17:31:47.234519Z [info     ] 2023-10-03 10:31:47,232 | INFO     | tap-github           | Skipping deselected stream 'issue_comments'. cmd_type=elb consumer=False name=tap-github producer=True stdio=stderr string_id=tap-github
2023-10-03T17:31:47.234655Z [info     ] 2023-10-03 10:31:47,232 | INFO     | tap-github           | Skipping deselected stream 'issue_events'. cmd_type=elb consumer=False name=tap-github producer=True stdio=stderr string_id=tap-github
2023-10-03T17:31:47.234803Z [info     ] 2023-10-03 10:31:47,232 | INFO     | tap-github           | Skipping deselected stream 'issues'. cmd_type=elb consumer=False name=tap-github producer=True stdio=stderr string_id=tap-github
2023-10-03T17:31:47.234939Z [info     ] 2023-10-03 10:31:47,232 | INFO     | tap-github           | Skipping deselected stream 'labels'. cmd_type=elb consumer=False name=tap-github producer=True stdio=stderr string_id=tap-github
2023-10-03T17:31:47.235092Z [info     ] 2023-10-03 10:31:47,232 | INFO     | tap-github           | Skipping deselected stream 'languages'. cmd_type=elb consumer=False name=tap-github producer=True stdio=stderr string_id=tap-github
2023-10-03T17:31:47.235244Z [info     ] 2023-10-03 10:31:47,232 | INFO     | tap-github           | Skipping deselected stream 'milestones'. cmd_type=elb consumer=False name=tap-github producer=True stdio=stderr string_id=tap-github
2023-10-03T17:31:47.235379Z [info     ] 2023-10-03 10:31:47,232 | INFO     | tap-github           | Skipping deselected stream 'project_cards'. cmd_type=elb consumer=False name=tap-github producer=True stdio=stderr string_id=tap-github
2023-10-03T17:31:47.235515Z [info     ] 2023-10-03 10:31:47,232 | INFO     | tap-github           | Skipping deselected stream 'project_columns'. cmd_type=elb consumer=False name=tap-github producer=True stdio=stderr string_id=tap-github
2023-10-03T17:31:47.235650Z [info     ] 2023-10-03 10:31:47,232 | INFO     | tap-github           | Skipping deselected stream 'projects'. cmd_type=elb consumer=False name=tap-github producer=True stdio=stderr string_id=tap-github
2023-10-03T17:31:47.235816Z [info     ] 2023-10-03 10:31:47,232 | INFO     | tap-github           | Skipping deselected stream 'pull_request_commits'. cmd_type=elb consumer=False name=tap-github producer=True stdio=stderr string_id=tap-github
2023-10-03T17:31:47.235946Z [info     ] 2023-10-03 10:31:47,232 | INFO     | tap-github           | Skipping deselected stream 'pull_requests'. cmd_type=elb consumer=False name=tap-github producer=True stdio=stderr string_id=tap-github
2023-10-03T17:31:47.236101Z [info     ] 2023-10-03 10:31:47,232 | INFO     | tap-github           | Skipping deselected stream 'readme'. cmd_type=elb consumer=False name=tap-github producer=True stdio=stderr string_id=tap-github
2023-10-03T17:31:47.236308Z [info     ] 2023-10-03 10:31:47,232 | INFO     | tap-github           | Skipping deselected stream 'readme_html'. cmd_type=elb consumer=False name=tap-github producer=True stdio=stderr string_id=tap-github
2023-10-03T17:31:47.236440Z [info     ] 2023-10-03 10:31:47,232 | INFO     | tap-github           | Skipping deselected stream 'releases'. cmd_type=elb consumer=False name=tap-github producer=True stdio=stderr string_id=tap-github
2023-10-03T17:31:47.236579Z [info     ] 2023-10-03 10:31:47,233 | INFO     | tap-github           | Beginning full_table sync of 'repositories'... cmd_type=elb consumer=False name=tap-github producer=True stdio=stderr string_id=tap-github
2023-10-03T17:31:47.236716Z [info     ] 2023-10-03 10:31:47,233 | INFO     | tap-github           | Filtering repository list of 1 repositories cmd_type=elb consumer=False name=tap-github producer=True stdio=stderr string_id=tap-github
2023-10-03T17:31:47.262000Z [info     ] 2023-10-03 10:31:47,261 | INFO     | target-postgres      | Target 'target-postgres' is listening for input from tap. cmd_type=elb consumer=True name=target-postgres producer=False stdio=stderr string_id=target-postgres
2023-10-03T17:31:47.625847Z [info     ] 2023-10-03 10:31:47,624 | INFO     | tap-github           | Tap will run with 1 auth tokens cmd_type=elb consumer=False name=tap-github producer=True stdio=stderr string_id=tap-github
2023-10-03T17:31:48.100604Z [info     ] 2023-10-03 10:31:48,099 | INFO     | singer_sdk.metrics   | METRIC: {"type": "timer", "metric": "http_request_duration", "value": 0.46656, "tags": {"stream": "tempStream", "endpoint": "", "http_status_code": 200, "status": "succeeded"}} cmd_type=elb consumer=False name=tap-github producer=True stdio=stderr string_id=tap-github
2023-10-03T17:31:48.175939Z [info     ] 2023-10-03 10:31:48,175 | INFO     | singer_sdk.metrics   | METRIC: {"type": "counter", "metric": "http_request_count", "value": 1, "tags": {"stream": "tempStream", "endpoint": "", "context": {}}} cmd_type=elb consumer=False name=tap-github producer=True stdio=stderr string_id=tap-github
2023-10-03T17:31:48.176412Z [info     ] 2023-10-03 10:31:48,175 | INFO     | tap-github           | Running the tap on 1 repositories cmd_type=elb consumer=False name=tap-github producer=True stdio=stderr string_id=tap-github
2023-10-03T17:31:48.177275Z [info     ] 2023-10-03 10:31:48,176 | INFO     | tap-github           | Running the tap on 1 repositories cmd_type=elb consumer=False name=tap-github producer=True stdio=stderr string_id=tap-github
2023-10-03T17:31:48.647153Z [info     ] 2023-10-03 10:31:48,646 | INFO     | tap-github           | Tap will run with 1 auth tokens cmd_type=elb consumer=False name=tap-github producer=True stdio=stderr string_id=tap-github
2023-10-03T17:31:49.181785Z [info     ] 2023-10-03 10:31:49,181 | INFO     | singer_sdk.metrics   | METRIC: {"type": "timer", "metric": "http_request_duration", "value": 0.530971, "tags": {"stream": "repositories", "endpoint": "/repos/{org}/{repo}", "http_status_code": 200, "status": "succeeded", "context": {"org": "CorrelAid", "repo": "correlaid_website", "repo_id": 579987199}}} cmd_type=elb consumer=False name=tap-github producer=True stdio=stderr string_id=tap-github
2023-10-03T17:31:49.182131Z [info     ] 2023-10-03 10:31:49,181 | INFO     | tap-github           | Tap has custom mapper. Using 1 provided map(s). cmd_type=elb consumer=False name=tap-github producer=True stdio=stderr string_id=tap-github
2023-10-03T17:31:49.182308Z [info     ] 2023-10-03 10:31:49,181 | INFO     | tap-github           | Beginning incremental sync of 'commits' with context: {'org': 'CorrelAid', 'repo': 'correlaid_website', 'repo_id': 579987199}... cmd_type=elb consumer=False name=tap-github producer=True stdio=stderr string_id=tap-github
2023-10-03T17:31:49.182536Z [info     ] 2023-10-03 10:31:49,182 | INFO     | tap-github           | Tap has custom mapper. Using 1 provided map(s). cmd_type=elb consumer=False name=tap-github producer=True stdio=stderr string_id=tap-github
2023-10-03T17:31:49.183101Z [info     ] 2023-10-03 10:31:49,182 | INFO     | target-postgres      | Initializing 'target-postgres' target sink... cmd_type=elb consumer=True name=target-postgres producer=False stdio=stderr string_id=target-postgres
2023-10-03T17:31:49.183451Z [info     ] 2023-10-03 10:31:49,183 | INFO     | target-postgres      | Initializing target sink for stream 'commits'... cmd_type=elb consumer=True name=target-postgres producer=False stdio=stderr string_id=target-postgres
2023-10-03T17:31:49.198094Z [info     ] Traceback (most recent call last): cmd_type=elb consumer=True name=target-postgres producer=False stdio=stderr string_id=target-postgres
2023-10-03T17:31:49.198394Z [info     ]   File "/home/jstet/Code/CorrelAid_Work/CorrelControl/data_ingestion/.meltano/loaders/target-postgres/venv/lib/python3.10/site-packages/sqlalchemy/engine/base.py", line 3371, in _wrap_pool_connect cmd_type=elb consumer=True name=target-postgres producer=False stdio=stderr string_id=target-postgres
2023-10-03T17:31:49.198661Z [info     ]     return fn()                cmd_type=elb consumer=True name=target-postgres producer=False stdio=stderr string_id=target-postgres
2023-10-03T17:31:49.198867Z [info     ]   File "/home/jstet/Code/CorrelAid_Work/CorrelControl/data_ingestion/.meltano/loaders/target-postgres/venv/lib/python3.10/site-packages/sqlalchemy/pool/base.py", line 327, in connect cmd_type=elb consumer=True name=target-postgres producer=False stdio=stderr string_id=target-postgres
2023-10-03T17:31:49.199054Z [info     ]     return _ConnectionFairy._checkout(self) cmd_type=elb consumer=True name=target-postgres producer=False stdio=stderr string_id=target-postgres
2023-10-03T17:31:49.199209Z [info     ]   File "/home/jstet/Code/CorrelAid_Work/CorrelControl/data_ingestion/.meltano/loaders/target-postgres/venv/lib/python3.10/site-packages/sqlalchemy/pool/base.py", line 894, in _checkout cmd_type=elb consumer=True name=target-postgres producer=False stdio=stderr string_id=target-postgres
2023-10-03T17:31:49.199399Z [info     ]     fairy = _ConnectionRecord.checkout(pool) cmd_type=elb consumer=True name=target-postgres producer=False stdio=stderr string_id=target-postgres
2023-10-03T17:31:49.199555Z [info     ]   File "/home/jstet/Code/CorrelAid_Work/CorrelControl/data_ingestion/.meltano/loaders/target-postgres/venv/lib/python3.10/site-packages/sqlalchemy/pool/base.py", line 493, in checkout cmd_type=elb consumer=True name=target-postgres producer=False stdio=stderr string_id=target-postgres
2023-10-03T17:31:49.199704Z [info     ]     rec = pool._do_get()       cmd_type=elb consumer=True name=target-postgres producer=False stdio=stderr string_id=target-postgres
2023-10-03T17:31:49.199869Z [info     ]   File "/home/jstet/Code/CorrelAid_Work/CorrelControl/data_ingestion/.meltano/loaders/target-postgres/venv/lib/python3.10/site-packages/sqlalchemy/pool/impl.py", line 145, in _do_get cmd_type=elb consumer=True name=target-postgres producer=False stdio=stderr string_id=target-postgres
2023-10-03T17:31:49.200014Z [info     ]     with util.safe_reraise():  cmd_type=elb consumer=True name=target-postgres producer=False stdio=stderr string_id=target-postgres
2023-10-03T17:31:49.200157Z [info     ]   File "/home/jstet/Code/CorrelAid_Work/CorrelControl/data_ingestion/.meltano/loaders/target-postgres/venv/lib/python3.10/site-packages/sqlalchemy/util/langhelpers.py", line 70, in __exit__ cmd_type=elb consumer=True name=target-postgres producer=False stdio=stderr string_id=target-postgres
2023-10-03T17:31:49.200300Z [info     ]     compat.raise_(             cmd_type=elb consumer=True name=target-postgres producer=False stdio=stderr string_id=target-postgres
2023-10-03T17:31:49.200443Z [info     ]   File "/home/jstet/Code/CorrelAid_Work/CorrelControl/data_ingestion/.meltano/loaders/target-postgres/venv/lib/python3.10/site-packages/sqlalchemy/util/compat.py", line 211, in raise_ cmd_type=elb consumer=True name=target-postgres producer=False stdio=stderr string_id=target-postgres
2023-10-03T17:31:49.200586Z [info     ]     raise exception            cmd_type=elb consumer=True name=target-postgres producer=False stdio=stderr string_id=target-postgres
2023-10-03T17:31:49.200728Z [info     ]   File "/home/jstet/Code/CorrelAid_Work/CorrelControl/data_ingestion/.meltano/loaders/target-postgres/venv/lib/python3.10/site-packages/sqlalchemy/pool/impl.py", line 143, in _do_get cmd_type=elb consumer=True name=target-postgres producer=False stdio=stderr string_id=target-postgres
2023-10-03T17:31:49.200870Z [info     ]     return self._create_connection() cmd_type=elb consumer=True name=target-postgres producer=False stdio=stderr string_id=target-postgres
2023-10-03T17:31:49.201013Z [info     ]   File "/home/jstet/Code/CorrelAid_Work/CorrelControl/data_ingestion/.meltano/loaders/target-postgres/venv/lib/python3.10/site-packages/sqlalchemy/pool/base.py", line 273, in _create_connection cmd_type=elb consumer=True name=target-postgres producer=False stdio=stderr string_id=target-postgres
2023-10-03T17:31:49.201158Z [info     ]     return _ConnectionRecord(self) cmd_type=elb consumer=True name=target-postgres producer=False stdio=stderr string_id=target-postgres
2023-10-03T17:31:49.201337Z [info     ]   File "/home/jstet/Code/CorrelAid_Work/CorrelControl/data_ingestion/.meltano/loaders/target-postgres/venv/lib/python3.10/site-packages/sqlalchemy/pool/base.py", line 388, in __init__ cmd_type=elb consumer=True name=target-postgres producer=False stdio=stderr string_id=target-postgres
2023-10-03T17:31:49.201522Z [info     ]     self.__connect()           cmd_type=elb consumer=True name=target-postgres producer=False stdio=stderr string_id=target-postgres
2023-10-03T17:31:49.201705Z [info     ]   File "/home/jstet/Code/CorrelAid_Work/CorrelControl/data_ingestion/.meltano/loaders/target-postgres/venv/lib/python3.10/site-packages/sqlalchemy/pool/base.py", line 690, in __connect cmd_type=elb consumer=True name=target-postgres producer=False stdio=stderr string_id=target-postgres
2023-10-03T17:31:49.201866Z [info     ]     with util.safe_reraise():  cmd_type=elb consumer=True name=target-postgres producer=False stdio=stderr string_id=target-postgres
2023-10-03T17:31:49.202022Z [info     ]   File "/home/jstet/Code/CorrelAid_Work/CorrelControl/data_ingestion/.meltano/loaders/target-postgres/venv/lib/python3.10/site-packages/sqlalchemy/util/langhelpers.py", line 70, in __exit__ cmd_type=elb consumer=True name=target-postgres producer=False stdio=stderr string_id=target-postgres
2023-10-03T17:31:49.202252Z [info     ]     compat.raise_(             cmd_type=elb consumer=True name=target-postgres producer=False stdio=stderr string_id=target-postgres
2023-10-03T17:31:49.202424Z [info     ]   File "/home/jstet/Code/CorrelAid_Work/CorrelControl/data_ingestion/.meltano/loaders/target-postgres/venv/lib/python3.10/site-packages/sqlalchemy/util/compat.py", line 211, in raise_ cmd_type=elb consumer=True name=target-postgres producer=False stdio=stderr string_id=target-postgres
2023-10-03T17:31:49.202587Z [info     ]     raise exception            cmd_type=elb consumer=True name=target-postgres producer=False stdio=stderr string_id=target-postgres
2023-10-03T17:31:49.202749Z [info     ]   File "/home/jstet/Code/CorrelAid_Work/CorrelControl/data_ingestion/.meltano/loaders/target-postgres/venv/lib/python3.10/site-packages/sqlalchemy/pool/base.py", line 686, in __connect cmd_type=elb consumer=True name=target-postgres producer=False stdio=stderr string_id=target-postgres
2023-10-03T17:31:49.202911Z [info     ]     self.dbapi_connection = connection = pool._invoke_creator(self) cmd_type=elb consumer=True name=target-postgres producer=False stdio=stderr string_id=target-postgres
2023-10-03T17:31:49.203071Z [info     ]   File "/home/jstet/Code/CorrelAid_Work/CorrelControl/data_ingestion/.meltano/loaders/target-postgres/venv/lib/python3.10/site-packages/sqlalchemy/engine/create.py", line 574, in connect cmd_type=elb consumer=True name=target-postgres producer=False stdio=stderr string_id=target-postgres
2023-10-03T17:31:49.203256Z [info     ]     return dialect.connect(*cargs, **cparams) cmd_type=elb consumer=True name=target-postgres producer=False stdio=stderr string_id=target-postgres
2023-10-03T17:31:49.203424Z [info     ]   File "/home/jstet/Code/CorrelAid_Work/CorrelControl/data_ingestion/.meltano/loaders/target-postgres/venv/lib/python3.10/site-packages/sqlalchemy/engine/default.py", line 598, in connect cmd_type=elb consumer=True name=target-postgres producer=False stdio=stderr string_id=target-postgres
2023-10-03T17:31:49.203592Z [info     ]     return self.dbapi.connect(*cargs, **cparams) cmd_type=elb consumer=True name=target-postgres producer=False stdio=stderr string_id=target-postgres
2023-10-03T17:31:49.203741Z [info     ]   File "/home/jstet/Code/CorrelAid_Work/CorrelControl/data_ingestion/.meltano/loaders/target-postgres/venv/lib/python3.10/site-packages/psycopg2/__init__.py", line 122, in connect cmd_type=elb consumer=True name=target-postgres producer=False stdio=stderr string_id=target-postgres
2023-10-03T17:31:49.203863Z [info     ]     conn = _connect(dsn, connection_factory=connection_factory, **kwasync) cmd_type=elb consumer=True name=target-postgres producer=False stdio=stderr string_id=target-postgres
2023-10-03T17:31:49.203987Z [info     ] psycopg2.OperationalError: could not translate host name "localhost:5432" to address: Name or service not known cmd_type=elb consumer=True name=target-postgres producer=False stdio=stderr string_id=target-postgres
2023-10-03T17:31:49.204119Z [info     ]                                cmd_type=elb consumer=True name=target-postgres producer=False stdio=stderr string_id=target-postgres
2023-10-03T17:31:49.204253Z [info     ]                                cmd_type=elb consumer=True name=target-postgres producer=False stdio=stderr string_id=target-postgres
2023-10-03T17:31:49.204365Z [info     ] The above exception was the direct cause of the following exception: cmd_type=elb consumer=True name=target-postgres producer=False stdio=stderr string_id=target-postgres
2023-10-03T17:31:49.204478Z [info     ]                                cmd_type=elb consumer=True name=target-postgres producer=False stdio=stderr string_id=target-postgres
2023-10-03T17:31:49.204606Z [info     ] Traceback (most recent call last): cmd_type=elb consumer=True name=target-postgres producer=False stdio=stderr string_id=target-postgres
2023-10-03T17:31:49.204739Z [info     ]   File "/home/jstet/Code/CorrelAid_Work/CorrelControl/data_ingestion/.meltano/loaders/target-postgres/venv/bin/target-postgres", line 8, in <module> cmd_type=elb consumer=True name=target-postgres producer=False stdio=stderr string_id=target-postgres
2023-10-03T17:31:49.204888Z [info     ]     sys.exit(TargetPostgres.cli()) cmd_type=elb consumer=True name=target-postgres producer=False stdio=stderr string_id=target-postgres
2023-10-03T17:31:49.205014Z [info     ]   File "/home/jstet/Code/CorrelAid_Work/CorrelControl/data_ingestion/.meltano/loaders/target-postgres/venv/lib/python3.10/site-packages/click/core.py", line 1157, in __call__ cmd_type=elb consumer=True name=target-postgres producer=False stdio=stderr string_id=target-postgres
2023-10-03T17:31:49.205122Z [info     ]     return self.main(*args, **kwargs) cmd_type=elb consumer=True name=target-postgres producer=False stdio=stderr string_id=target-postgres
2023-10-03T17:31:49.205231Z [info     ]   File "/home/jstet/Code/CorrelAid_Work/CorrelControl/data_ingestion/.meltano/loaders/target-postgres/venv/lib/python3.10/site-packages/click/core.py", line 1078, in main cmd_type=elb consumer=True name=target-postgres producer=False stdio=stderr string_id=target-postgres
2023-10-03T17:31:49.205341Z [info     ]     rv = self.invoke(ctx)      cmd_type=elb consumer=True name=target-postgres producer=False stdio=stderr string_id=target-postgres
2023-10-03T17:31:49.205449Z [info     ]   File "/home/jstet/Code/CorrelAid_Work/CorrelControl/data_ingestion/.meltano/loaders/target-postgres/venv/lib/python3.10/site-packages/click/core.py", line 1434, in invoke cmd_type=elb consumer=True name=target-postgres producer=False stdio=stderr string_id=target-postgres
2023-10-03T17:31:49.205574Z [info     ]     return ctx.invoke(self.callback, **ctx.params) cmd_type=elb consumer=True name=target-postgres producer=False stdio=stderr string_id=target-postgres
2023-10-03T17:31:49.205700Z [info     ]   File "/home/jstet/Code/CorrelAid_Work/CorrelControl/data_ingestion/.meltano/loaders/target-postgres/venv/lib/python3.10/site-packages/click/core.py", line 783, in invoke cmd_type=elb consumer=True name=target-postgres producer=False stdio=stderr string_id=target-postgres
2023-10-03T17:31:49.205825Z [info     ]     return __callback(*args, **kwargs) cmd_type=elb consumer=True name=target-postgres producer=False stdio=stderr string_id=target-postgres
2023-10-03T17:31:49.205934Z [info     ]   File "/home/jstet/Code/CorrelAid_Work/CorrelControl/data_ingestion/.meltano/loaders/target-postgres/venv/lib/python3.10/site-packages/singer_sdk/target_base.py", line 553, in invoke cmd_type=elb consumer=True name=target-postgres producer=False stdio=stderr string_id=target-postgres
2023-10-03T17:31:49.206042Z [info     ]     target.listen(file_input)  cmd_type=elb consumer=True name=target-postgres producer=False stdio=stderr string_id=target-postgres
2023-10-03T17:31:49.206191Z [info     ]   File "/home/jstet/Code/CorrelAid_Work/CorrelControl/data_ingestion/.meltano/loaders/target-postgres/venv/lib/python3.10/site-packages/singer_sdk/io_base.py", line 34, in listen cmd_type=elb consumer=True name=target-postgres producer=False stdio=stderr string_id=target-postgres
2023-10-03T17:31:49.206300Z [info     ]     self._process_lines(file_input) cmd_type=elb consumer=True name=target-postgres producer=False stdio=stderr string_id=target-postgres
2023-10-03T17:31:49.206407Z [info     ]   File "/home/jstet/Code/CorrelAid_Work/CorrelControl/data_ingestion/.meltano/loaders/target-postgres/venv/lib/python3.10/site-packages/singer_sdk/target_base.py", line 294, in _process_lines cmd_type=elb consumer=True name=target-postgres producer=False stdio=stderr string_id=target-postgres
2023-10-03T17:31:49.206515Z [info     ]     counter = super()._process_lines(file_input) cmd_type=elb consumer=True name=target-postgres producer=False stdio=stderr string_id=target-postgres
2023-10-03T17:31:49.206621Z [info     ]   File "/home/jstet/Code/CorrelAid_Work/CorrelControl/data_ingestion/.meltano/loaders/target-postgres/venv/lib/python3.10/site-packages/singer_sdk/io_base.py", line 90, in _process_lines cmd_type=elb consumer=True name=target-postgres producer=False stdio=stderr string_id=target-postgres
2023-10-03T17:31:49.206728Z [info     ]     self._process_schema_message(line_dict) cmd_type=elb consumer=True name=target-postgres producer=False stdio=stderr string_id=target-postgres
2023-10-03T17:31:49.206835Z [info     ]   File "/home/jstet/Code/CorrelAid_Work/CorrelControl/data_ingestion/.meltano/loaders/target-postgres/venv/lib/python3.10/site-packages/singer_sdk/target_base.py", line 406, in _process_schema_message cmd_type=elb consumer=True name=target-postgres producer=False stdio=stderr string_id=target-postgres
2023-10-03T17:31:49.206942Z [info     ]     _ = self.get_sink(         cmd_type=elb consumer=True name=target-postgres producer=False stdio=stderr string_id=target-postgres
2023-10-03T17:31:49.207048Z [info     ]   File "/home/jstet/Code/CorrelAid_Work/CorrelControl/data_ingestion/.meltano/loaders/target-postgres/venv/lib/python3.10/site-packages/singer_sdk/target_base.py", line 769, in get_sink cmd_type=elb consumer=True name=target-postgres producer=False stdio=stderr string_id=target-postgres
2023-10-03T17:31:49.207154Z [info     ]     return self.add_sqlsink(stream_name, schema, key_properties) cmd_type=elb consumer=True name=target-postgres producer=False stdio=stderr string_id=target-postgres
2023-10-03T17:31:49.207260Z [info     ]   File "/home/jstet/Code/CorrelAid_Work/CorrelControl/data_ingestion/.meltano/loaders/target-postgres/venv/lib/python3.10/site-packages/singer_sdk/target_base.py", line 703, in add_sqlsink cmd_type=elb consumer=True name=target-postgres producer=False stdio=stderr string_id=target-postgres
2023-10-03T17:31:49.207366Z [info     ]     sink.setup()               cmd_type=elb consumer=True name=target-postgres producer=False stdio=stderr string_id=target-postgres
2023-10-03T17:31:49.207471Z [info     ]   File "/home/jstet/Code/CorrelAid_Work/CorrelControl/data_ingestion/.meltano/loaders/target-postgres/venv/lib/python3.10/site-packages/target_postgres/sinks.py", line 47, in setup cmd_type=elb consumer=True name=target-postgres producer=False stdio=stderr string_id=target-postgres
2023-10-03T17:31:49.207577Z [info     ]     self.connector.prepare_schema(self.schema_name) cmd_type=elb consumer=True name=target-postgres producer=False stdio=stderr string_id=target-postgres
2023-10-03T17:31:49.207682Z [info     ]   File "/home/jstet/Code/CorrelAid_Work/CorrelControl/data_ingestion/.meltano/loaders/target-postgres/venv/lib/python3.10/site-packages/singer_sdk/connectors/sql.py", line 739, in prepare_schema cmd_type=elb consumer=True name=target-postgres producer=False stdio=stderr string_id=target-postgres
2023-10-03T17:31:49.207803Z [info     ]     schema_exists = self.schema_exists(schema_name) cmd_type=elb consumer=True name=target-postgres producer=False stdio=stderr string_id=target-postgres
2023-10-03T17:31:49.207917Z [info     ]   File "/home/jstet/Code/CorrelAid_Work/CorrelControl/data_ingestion/.meltano/loaders/target-postgres/venv/lib/python3.10/site-packages/singer_sdk/connectors/sql.py", line 576, in schema_exists cmd_type=elb consumer=True name=target-postgres producer=False stdio=stderr string_id=target-postgres
2023-10-03T17:31:49.208025Z [info     ]     schema_names = sqlalchemy.inspect(self._engine).get_schema_names() cmd_type=elb consumer=True name=target-postgres producer=False stdio=stderr string_id=target-postgres
2023-10-03T17:31:49.208149Z [info     ]   File "/home/jstet/Code/CorrelAid_Work/CorrelControl/data_ingestion/.meltano/loaders/target-postgres/venv/lib/python3.10/site-packages/sqlalchemy/inspection.py", line 64, in inspect cmd_type=elb consumer=True name=target-postgres producer=False stdio=stderr string_id=target-postgres
2023-10-03T17:31:49.208260Z [info     ]     ret = reg(subject)         cmd_type=elb consumer=True name=target-postgres producer=False stdio=stderr string_id=target-postgres
2023-10-03T17:31:49.208368Z [info     ]   File "/home/jstet/Code/CorrelAid_Work/CorrelControl/data_ingestion/.meltano/loaders/target-postgres/venv/lib/python3.10/site-packages/sqlalchemy/engine/reflection.py", line 182, in _engine_insp cmd_type=elb consumer=True name=target-postgres producer=False stdio=stderr string_id=target-postgres
2023-10-03T17:31:49.208505Z [info     ]     return Inspector._construct(Inspector._init_engine, bind) cmd_type=elb consumer=True name=target-postgres producer=False stdio=stderr string_id=target-postgres
2023-10-03T17:31:49.208624Z [info     ]   File "/home/jstet/Code/CorrelAid_Work/CorrelControl/data_ingestion/.meltano/loaders/target-postgres/venv/lib/python3.10/site-packages/sqlalchemy/engine/reflection.py", line 117, in _construct cmd_type=elb consumer=True name=target-postgres producer=False stdio=stderr string_id=target-postgres
2023-10-03T17:31:49.208742Z [info     ]     init(self, bind)           cmd_type=elb consumer=True name=target-postgres producer=False stdio=stderr string_id=target-postgres
2023-10-03T17:31:49.208860Z [info     ]   File "/home/jstet/Code/CorrelAid_Work/CorrelControl/data_ingestion/.meltano/loaders/target-postgres/venv/lib/python3.10/site-packages/sqlalchemy/engine/reflection.py", line 128, in _init_engine cmd_type=elb consumer=True name=target-postgres producer=False stdio=stderr string_id=target-postgres
2023-10-03T17:31:49.208979Z [info     ]     engine.connect().close()   cmd_type=elb consumer=True name=target-postgres producer=False stdio=stderr string_id=target-postgres
2023-10-03T17:31:49.209105Z [info     ]   File "/home/jstet/Code/CorrelAid_Work/CorrelControl/data_ingestion/.meltano/loaders/target-postgres/venv/lib/python3.10/site-packages/sqlalchemy/engine/base.py", line 3325, in connect cmd_type=elb consumer=True name=target-postgres producer=False stdio=stderr string_id=target-postgres
2023-10-03T17:31:49.209318Z [info     ]     return self._connection_cls(self, close_with_result=close_with_result) cmd_type=elb consumer=True name=target-postgres producer=False stdio=stderr string_id=target-postgres
2023-10-03T17:31:49.209449Z [info     ]   File "/home/jstet/Code/CorrelAid_Work/CorrelControl/data_ingestion/.meltano/loaders/target-postgres/venv/lib/python3.10/site-packages/sqlalchemy/engine/base.py", line 96, in __init__ cmd_type=elb consumer=True name=target-postgres producer=False stdio=stderr string_id=target-postgres
2023-10-03T17:31:49.209570Z [info     ]     else engine.raw_connection() cmd_type=elb consumer=True name=target-postgres producer=False stdio=stderr string_id=target-postgres
2023-10-03T17:31:49.209692Z [info     ]   File "/home/jstet/Code/CorrelAid_Work/CorrelControl/data_ingestion/.meltano/loaders/target-postgres/venv/lib/python3.10/site-packages/sqlalchemy/engine/base.py", line 3404, in raw_connection cmd_type=elb consumer=True name=target-postgres producer=False stdio=stderr string_id=target-postgres
2023-10-03T17:31:49.209950Z [info     ]     return self._wrap_pool_connect(self.pool.connect, _connection) cmd_type=elb consumer=True name=target-postgres producer=False stdio=stderr string_id=target-postgres
2023-10-03T17:31:49.210081Z [info     ]   File "/home/jstet/Code/CorrelAid_Work/CorrelControl/data_ingestion/.meltano/loaders/target-postgres/venv/lib/python3.10/site-packages/sqlalchemy/engine/base.py", line 3374, in _wrap_pool_connect cmd_type=elb consumer=True name=target-postgres producer=False stdio=stderr string_id=target-postgres
2023-10-03T17:31:49.210218Z [info     ]     Connection._handle_dbapi_exception_noconnection( cmd_type=elb consumer=True name=target-postgres producer=False stdio=stderr string_id=target-postgres
2023-10-03T17:31:49.210332Z [info     ]   File "/home/jstet/Code/CorrelAid_Work/CorrelControl/data_ingestion/.meltano/loaders/target-postgres/venv/lib/python3.10/site-packages/sqlalchemy/engine/base.py", line 2208, in _handle_dbapi_exception_noconnection cmd_type=elb consumer=True name=target-postgres producer=False stdio=stderr string_id=target-postgres
2023-10-03T17:31:49.210456Z [info     ]     util.raise_(               cmd_type=elb consumer=True name=target-postgres producer=False stdio=stderr string_id=target-postgres
2023-10-03T17:31:49.210572Z [info     ]   File "/home/jstet/Code/CorrelAid_Work/CorrelControl/data_ingestion/.meltano/loaders/target-postgres/venv/lib/python3.10/site-packages/sqlalchemy/util/compat.py", line 211, in raise_ cmd_type=elb consumer=True name=target-postgres producer=False stdio=stderr string_id=target-postgres
2023-10-03T17:31:49.210686Z [info     ]     raise exception            cmd_type=elb consumer=True name=target-postgres producer=False stdio=stderr string_id=target-postgres
2023-10-03T17:31:49.210819Z [info     ]   File "/home/jstet/Code/CorrelAid_Work/CorrelControl/data_ingestion/.meltano/loaders/target-postgres/venv/lib/python3.10/site-packages/sqlalchemy/engine/base.py", line 3371, in _wrap_pool_connect cmd_type=elb consumer=True name=target-postgres producer=False stdio=stderr string_id=target-postgres
2023-10-03T17:31:49.210975Z [info     ]     return fn()                cmd_type=elb consumer=True name=target-postgres producer=False stdio=stderr string_id=target-postgres
2023-10-03T17:31:49.211089Z [info     ]   File "/home/jstet/Code/CorrelAid_Work/CorrelControl/data_ingestion/.meltano/loaders/target-postgres/venv/lib/python3.10/site-packages/sqlalchemy/pool/base.py", line 327, in connect cmd_type=elb consumer=True name=target-postgres producer=False stdio=stderr string_id=target-postgres
2023-10-03T17:31:49.211199Z [info     ]     return _ConnectionFairy._checkout(self) cmd_type=elb consumer=True name=target-postgres producer=False stdio=stderr string_id=target-postgres
2023-10-03T17:31:49.211306Z [info     ]   File "/home/jstet/Code/CorrelAid_Work/CorrelControl/data_ingestion/.meltano/loaders/target-postgres/venv/lib/python3.10/site-packages/sqlalchemy/pool/base.py", line 894, in _checkout cmd_type=elb consumer=True name=target-postgres producer=False stdio=stderr string_id=target-postgres
2023-10-03T17:31:49.211415Z [info     ]     fairy = _ConnectionRecord.checkout(pool) cmd_type=elb consumer=True name=target-postgres producer=False stdio=stderr string_id=target-postgres
2023-10-03T17:31:49.211522Z [info     ]   File "/home/jstet/Code/CorrelAid_Work/CorrelControl/data_ingestion/.meltano/loaders/target-postgres/venv/lib/python3.10/site-packages/sqlalchemy/pool/base.py", line 493, in checkout cmd_type=elb consumer=True name=target-postgres producer=False stdio=stderr string_id=target-postgres
2023-10-03T17:31:49.211629Z [info     ]     rec = pool._do_get()       cmd_type=elb consumer=True name=target-postgres producer=False stdio=stderr string_id=target-postgres
2023-10-03T17:31:49.211749Z [info     ]   File "/home/jstet/Code/CorrelAid_Work/CorrelControl/data_ingestion/.meltano/loaders/target-postgres/venv/lib/python3.10/site-packages/sqlalchemy/pool/impl.py", line 145, in _do_get cmd_type=elb consumer=True name=target-postgres producer=False stdio=stderr string_id=target-postgres
2023-10-03T17:31:49.211873Z [info     ]     with util.safe_reraise():  cmd_type=elb consumer=True name=target-postgres producer=False stdio=stderr string_id=target-postgres
2023-10-03T17:31:49.211985Z [info     ]   File "/home/jstet/Code/CorrelAid_Work/CorrelControl/data_ingestion/.meltano/loaders/target-postgres/venv/lib/python3.10/site-packages/sqlalchemy/util/langhelpers.py", line 70, in __exit__ cmd_type=elb consumer=True name=target-postgres producer=False stdio=stderr string_id=target-postgres
2023-10-03T17:31:49.212094Z [info     ]     compat.raise_(             cmd_type=elb consumer=True name=target-postgres producer=False stdio=stderr string_id=target-postgres
2023-10-03T17:31:49.212201Z [info     ]   File "/home/jstet/Code/CorrelAid_Work/CorrelControl/data_ingestion/.meltano/loaders/target-postgres/venv/lib/python3.10/site-packages/sqlalchemy/util/compat.py", line 211, in raise_ cmd_type=elb consumer=True name=target-postgres producer=False stdio=stderr string_id=target-postgres
2023-10-03T17:31:49.212307Z [info     ]     raise exception            cmd_type=elb consumer=True name=target-postgres producer=False stdio=stderr string_id=target-postgres
2023-10-03T17:31:49.212414Z [info     ]   File "/home/jstet/Code/CorrelAid_Work/CorrelControl/data_ingestion/.meltano/loaders/target-postgres/venv/lib/python3.10/site-packages/sqlalchemy/pool/impl.py", line 143, in _do_get cmd_type=elb consumer=True name=target-postgres producer=False stdio=stderr string_id=target-postgres
2023-10-03T17:31:49.212522Z [info     ]     return self._create_connection() cmd_type=elb consumer=True name=target-postgres producer=False stdio=stderr string_id=target-postgres
2023-10-03T17:31:49.212627Z [info     ]   File "/home/jstet/Code/CorrelAid_Work/CorrelControl/data_ingestion/.meltano/loaders/target-postgres/venv/lib/python3.10/site-packages/sqlalchemy/pool/base.py", line 273, in _create_connection cmd_type=elb consumer=True name=target-postgres producer=False stdio=stderr string_id=target-postgres
2023-10-03T17:31:49.212735Z [info     ]     return _ConnectionRecord(self) cmd_type=elb consumer=True name=target-postgres producer=False stdio=stderr string_id=target-postgres
2023-10-03T17:31:49.212842Z [info     ]   File "/home/jstet/Code/CorrelAid_Work/CorrelControl/data_ingestion/.meltano/loaders/target-postgres/venv/lib/python3.10/site-packages/sqlalchemy/pool/base.py", line 388, in __init__ cmd_type=elb consumer=True name=target-postgres producer=False stdio=stderr string_id=target-postgres
2023-10-03T17:31:49.212949Z [info     ]     self.__connect()           cmd_type=elb consumer=True name=target-postgres producer=False stdio=stderr string_id=target-postgres
2023-10-03T17:31:49.213055Z [info     ]   File "/home/jstet/Code/CorrelAid_Work/CorrelControl/data_ingestion/.meltano/loaders/target-postgres/venv/lib/python3.10/site-packages/sqlalchemy/pool/base.py", line 690, in __connect cmd_type=elb consumer=True name=target-postgres producer=False stdio=stderr string_id=target-postgres
2023-10-03T17:31:49.213162Z [info     ]     with util.safe_reraise():  cmd_type=elb consumer=True name=target-postgres producer=False stdio=stderr string_id=target-postgres
2023-10-03T17:31:49.213267Z [info     ]   File "/home/jstet/Code/CorrelAid_Work/CorrelControl/data_ingestion/.meltano/loaders/target-postgres/venv/lib/python3.10/site-packages/sqlalchemy/util/langhelpers.py", line 70, in __exit__ cmd_type=elb consumer=True name=target-postgres producer=False stdio=stderr string_id=target-postgres
2023-10-03T17:31:49.213374Z [info     ]     compat.raise_(             cmd_type=elb consumer=True name=target-postgres producer=False stdio=stderr string_id=target-postgres
2023-10-03T17:31:49.213478Z [info     ]   File "/home/jstet/Code/CorrelAid_Work/CorrelControl/data_ingestion/.meltano/loaders/target-postgres/venv/lib/python3.10/site-packages/sqlalchemy/util/compat.py", line 211, in raise_ cmd_type=elb consumer=True name=target-postgres producer=False stdio=stderr string_id=target-postgres
2023-10-03T17:31:49.213592Z [info     ]     raise exception            cmd_type=elb consumer=True name=target-postgres producer=False stdio=stderr string_id=target-postgres
2023-10-03T17:31:49.213700Z [info     ]   File "/home/jstet/Code/CorrelAid_Work/CorrelControl/data_ingestion/.meltano/loaders/target-postgres/venv/lib/python3.10/site-packages/sqlalchemy/pool/base.py", line 686, in __connect cmd_type=elb consumer=True name=target-postgres producer=False stdio=stderr string_id=target-postgres
2023-10-03T17:31:49.213808Z [info     ]     self.dbapi_connection = connection = pool._invoke_creator(self) cmd_type=elb consumer=True name=target-postgres producer=False stdio=stderr string_id=target-postgres
2023-10-03T17:31:49.213916Z [info     ]   File "/home/jstet/Code/CorrelAid_Work/CorrelControl/data_ingestion/.meltano/loaders/target-postgres/venv/lib/python3.10/site-packages/sqlalchemy/engine/create.py", line 574, in connect cmd_type=elb consumer=True name=target-postgres producer=False stdio=stderr string_id=target-postgres
2023-10-03T17:31:49.214023Z [info     ]     return dialect.connect(*cargs, **cparams) cmd_type=elb consumer=True name=target-postgres producer=False stdio=stderr string_id=target-postgres
2023-10-03T17:31:49.214155Z [info     ]   File "/home/jstet/Code/CorrelAid_Work/CorrelControl/data_ingestion/.meltano/loaders/target-postgres/venv/lib/python3.10/site-packages/sqlalchemy/engine/default.py", line 598, in connect cmd_type=elb consumer=True name=target-postgres producer=False stdio=stderr string_id=target-postgres
2023-10-03T17:31:49.214320Z [info     ]     return self.dbapi.connect(*cargs, **cparams) cmd_type=elb consumer=True name=target-postgres producer=False stdio=stderr string_id=target-postgres
2023-10-03T17:31:49.214466Z [info     ]   File "/home/jstet/Code/CorrelAid_Work/CorrelControl/data_ingestion/.meltano/loaders/target-postgres/venv/lib/python3.10/site-packages/psycopg2/__init__.py", line 122, in connect cmd_type=elb consumer=True name=target-postgres producer=False stdio=stderr string_id=target-postgres
2023-10-03T17:31:49.214612Z [info     ]     conn = _connect(dsn, connection_factory=connection_factory, **kwasync) cmd_type=elb consumer=True name=target-postgres producer=False stdio=stderr string_id=target-postgres
2023-10-03T17:31:49.214758Z [info     ] sqlalchemy.exc.OperationalError: (psycopg2.OperationalError) could not translate host name "localhost:5432" to address: Name or service not known cmd_type=elb consumer=True name=target-postgres producer=False stdio=stderr string_id=target-postgres
2023-10-03T17:31:49.214888Z [info     ]                                cmd_type=elb consumer=True name=target-postgres producer=False stdio=stderr string_id=target-postgres
2023-10-03T17:31:49.214999Z [info     ] (Background on this error at: https://sqlalche.me/e/14/e3q8) cmd_type=elb consumer=True name=target-postgres producer=False stdio=stderr string_id=target-postgres
2023-10-03T17:31:49.323353Z [error    ] Loader failed
2023-10-03T17:31:49.323611Z [error    ] Block run completed.           block_type=ExtractLoadBlocks err=RunnerError('Loader failed') exit_codes={<PluginType.LOADERS: 'loaders'>: 1} set_number=0 success=False
