2023-10-03T06:12:57.668198Z [warning  ] No state was found, complete import.
2023-10-03T06:12:58.211226Z [info     ] 2023-10-02 23:12:58,210 | WARNING  | tap-github           | The stream 'stargazers' might conflict with previous implementation. Looking for the older version? Use 'stargazers_rest'. cmd_type=elb consumer=False name=tap-github producer=True stdio=stderr string_id=tap-github
2023-10-03T06:12:58.211632Z [info     ] 2023-10-02 23:12:58,211 | WARNING  | tap-github           | The stream 'stargazers_rest' is deprecated. Please use the Graphql version instead: 'stargazers'. cmd_type=elb consumer=False name=tap-github producer=True stdio=stderr string_id=tap-github
2023-10-03T06:12:58.211856Z [info     ] 2023-10-02 23:12:58,211 | INFO     | tap-github           | Added 'anonymous_contributors' as child stream to 'repositories' cmd_type=elb consumer=False name=tap-github producer=True stdio=stderr string_id=tap-github
2023-10-03T06:12:58.212053Z [info     ] 2023-10-02 23:12:58,211 | INFO     | tap-github           | Added 'assignees' as child stream to 'repositories' cmd_type=elb consumer=False name=tap-github producer=True stdio=stderr string_id=tap-github
2023-10-03T06:12:58.212202Z [info     ] 2023-10-02 23:12:58,211 | INFO     | tap-github           | Added 'collaborators' as child stream to 'repositories' cmd_type=elb consumer=False name=tap-github producer=True stdio=stderr string_id=tap-github
2023-10-03T06:12:58.212359Z [info     ] 2023-10-02 23:12:58,211 | INFO     | tap-github           | Added 'commit_comments' as child stream to 'repositories' cmd_type=elb consumer=False name=tap-github producer=True stdio=stderr string_id=tap-github
2023-10-03T06:12:58.212512Z [info     ] 2023-10-02 23:12:58,211 | INFO     | tap-github           | Added 'commits' as child stream to 'repositories' cmd_type=elb consumer=False name=tap-github producer=True stdio=stderr string_id=tap-github
2023-10-03T06:12:58.212710Z [info     ] 2023-10-02 23:12:58,212 | INFO     | tap-github           | Added 'community_profile' as child stream to 'repositories' cmd_type=elb consumer=False name=tap-github producer=True stdio=stderr string_id=tap-github
2023-10-03T06:12:58.212840Z [info     ] 2023-10-02 23:12:58,212 | INFO     | tap-github           | Added 'contributors' as child stream to 'repositories' cmd_type=elb consumer=False name=tap-github producer=True stdio=stderr string_id=tap-github
2023-10-03T06:12:58.212961Z [info     ] 2023-10-02 23:12:58,212 | INFO     | tap-github           | Added 'dependencies' as child stream to 'repositories' cmd_type=elb consumer=False name=tap-github producer=True stdio=stderr string_id=tap-github
2023-10-03T06:12:58.213095Z [info     ] 2023-10-02 23:12:58,212 | INFO     | tap-github           | Added 'dependents' as child stream to 'repositories' cmd_type=elb consumer=False name=tap-github producer=True stdio=stderr string_id=tap-github
2023-10-03T06:12:58.213363Z [info     ] 2023-10-02 23:12:58,212 | INFO     | tap-github           | Added 'events' as child stream to 'repositories' cmd_type=elb consumer=False name=tap-github producer=True stdio=stderr string_id=tap-github
2023-10-03T06:12:58.213538Z [info     ] 2023-10-02 23:12:58,212 | INFO     | tap-github           | Added 'issue_comments' as child stream to 'repositories' cmd_type=elb consumer=False name=tap-github producer=True stdio=stderr string_id=tap-github
2023-10-03T06:12:58.213673Z [info     ] 2023-10-02 23:12:58,212 | INFO     | tap-github           | Added 'issue_events' as child stream to 'repositories' cmd_type=elb consumer=False name=tap-github producer=True stdio=stderr string_id=tap-github
2023-10-03T06:12:58.213805Z [info     ] 2023-10-02 23:12:58,212 | INFO     | tap-github           | Added 'issues' as child stream to 'repositories' cmd_type=elb consumer=False name=tap-github producer=True stdio=stderr string_id=tap-github
2023-10-03T06:12:58.213935Z [info     ] 2023-10-02 23:12:58,212 | INFO     | tap-github           | Added 'labels' as child stream to 'repositories' cmd_type=elb consumer=False name=tap-github producer=True stdio=stderr string_id=tap-github
2023-10-03T06:12:58.214078Z [info     ] 2023-10-02 23:12:58,212 | INFO     | tap-github           | Added 'languages' as child stream to 'repositories' cmd_type=elb consumer=False name=tap-github producer=True stdio=stderr string_id=tap-github
2023-10-03T06:12:58.214211Z [info     ] 2023-10-02 23:12:58,212 | INFO     | tap-github           | Added 'milestones' as child stream to 'repositories' cmd_type=elb consumer=False name=tap-github producer=True stdio=stderr string_id=tap-github
2023-10-03T06:12:58.214340Z [info     ] 2023-10-02 23:12:58,212 | INFO     | tap-github           | Added 'project_cards' as child stream to 'project_columns' cmd_type=elb consumer=False name=tap-github producer=True stdio=stderr string_id=tap-github
2023-10-03T06:12:58.214471Z [info     ] 2023-10-02 23:12:58,212 | INFO     | tap-github           | Added 'project_columns' as child stream to 'projects' cmd_type=elb consumer=False name=tap-github producer=True stdio=stderr string_id=tap-github
2023-10-03T06:12:58.214658Z [info     ] 2023-10-02 23:12:58,212 | INFO     | tap-github           | Added 'projects' as child stream to 'repositories' cmd_type=elb consumer=False name=tap-github producer=True stdio=stderr string_id=tap-github
2023-10-03T06:12:58.214804Z [info     ] 2023-10-02 23:12:58,212 | INFO     | tap-github           | Added 'pull_request_commits' as child stream to 'pull_requests' cmd_type=elb consumer=False name=tap-github producer=True stdio=stderr string_id=tap-github
2023-10-03T06:12:58.214969Z [info     ] 2023-10-02 23:12:58,212 | INFO     | tap-github           | Added 'pull_requests' as child stream to 'repositories' cmd_type=elb consumer=False name=tap-github producer=True stdio=stderr string_id=tap-github
2023-10-03T06:12:58.215150Z [info     ] 2023-10-02 23:12:58,212 | INFO     | tap-github           | Added 'readme_html' as child stream to 'repositories' cmd_type=elb consumer=False name=tap-github producer=True stdio=stderr string_id=tap-github
2023-10-03T06:12:58.215373Z [info     ] 2023-10-02 23:12:58,212 | INFO     | tap-github           | Added 'readme' as child stream to 'repositories' cmd_type=elb consumer=False name=tap-github producer=True stdio=stderr string_id=tap-github
2023-10-03T06:12:58.215600Z [info     ] 2023-10-02 23:12:58,212 | INFO     | tap-github           | Added 'releases' as child stream to 'repositories' cmd_type=elb consumer=False name=tap-github producer=True stdio=stderr string_id=tap-github
2023-10-03T06:12:58.215802Z [info     ] 2023-10-02 23:12:58,212 | INFO     | tap-github           | Added 'extra_metrics' as child stream to 'repositories' cmd_type=elb consumer=False name=tap-github producer=True stdio=stderr string_id=tap-github
2023-10-03T06:12:58.216007Z [info     ] 2023-10-02 23:12:58,212 | INFO     | tap-github           | Added 'review_comments' as child stream to 'repositories' cmd_type=elb consumer=False name=tap-github producer=True stdio=stderr string_id=tap-github
2023-10-03T06:12:58.216214Z [info     ] 2023-10-02 23:12:58,213 | INFO     | tap-github           | Added 'reviews' as child stream to 'pull_requests' cmd_type=elb consumer=False name=tap-github producer=True stdio=stderr string_id=tap-github
2023-10-03T06:12:58.216443Z [info     ] 2023-10-02 23:12:58,213 | INFO     | tap-github           | Added 'stargazers' as child stream to 'repositories' cmd_type=elb consumer=False name=tap-github producer=True stdio=stderr string_id=tap-github
2023-10-03T06:12:58.216678Z [info     ] 2023-10-02 23:12:58,213 | INFO     | tap-github           | Added 'stargazers_rest' as child stream to 'repositories' cmd_type=elb consumer=False name=tap-github producer=True stdio=stderr string_id=tap-github
2023-10-03T06:12:58.216884Z [info     ] 2023-10-02 23:12:58,213 | INFO     | tap-github           | Added 'stats_contributors' as child stream to 'repositories' cmd_type=elb consumer=False name=tap-github producer=True stdio=stderr string_id=tap-github
2023-10-03T06:12:58.217068Z [info     ] 2023-10-02 23:12:58,213 | INFO     | tap-github           | Added 'traffic_clones' as child stream to 'repositories' cmd_type=elb consumer=False name=tap-github producer=True stdio=stderr string_id=tap-github
2023-10-03T06:12:58.217290Z [info     ] 2023-10-02 23:12:58,213 | INFO     | tap-github           | Added 'traffic_pageviews' as child stream to 'repositories' cmd_type=elb consumer=False name=tap-github producer=True stdio=stderr string_id=tap-github
2023-10-03T06:12:58.217494Z [info     ] 2023-10-02 23:12:58,213 | INFO     | tap-github           | Added 'traffic_referral_paths' as child stream to 'repositories' cmd_type=elb consumer=False name=tap-github producer=True stdio=stderr string_id=tap-github
2023-10-03T06:12:58.217758Z [info     ] 2023-10-02 23:12:58,213 | INFO     | tap-github           | Added 'traffic_referrers' as child stream to 'repositories' cmd_type=elb consumer=False name=tap-github producer=True stdio=stderr string_id=tap-github
2023-10-03T06:12:58.217979Z [info     ] 2023-10-02 23:12:58,213 | INFO     | tap-github           | Added 'workflow_run_jobs' as child stream to 'workflow_runs' cmd_type=elb consumer=False name=tap-github producer=True stdio=stderr string_id=tap-github
2023-10-03T06:12:58.218139Z [info     ] 2023-10-02 23:12:58,213 | INFO     | tap-github           | Added 'workflow_runs' as child stream to 'repositories' cmd_type=elb consumer=False name=tap-github producer=True stdio=stderr string_id=tap-github
2023-10-03T06:12:58.218270Z [info     ] 2023-10-02 23:12:58,213 | INFO     | tap-github           | Added 'workflows' as child stream to 'repositories' cmd_type=elb consumer=False name=tap-github producer=True stdio=stderr string_id=tap-github
2023-10-03T06:12:58.218431Z [info     ] 2023-10-02 23:12:58,214 | WARNING  | tap-github           | Stream descendent 'commits' is selected and its parent 'repositories' does not use inclusive replication keys. Forcing full table replication for 'repositories'. cmd_type=elb consumer=False name=tap-github producer=True stdio=stderr string_id=tap-github
2023-10-03T06:12:58.218703Z [info     ] 2023-10-02 23:12:58,216 | INFO     | tap-github           | Skipping deselected stream 'anonymous_contributors'. cmd_type=elb consumer=False name=tap-github producer=True stdio=stderr string_id=tap-github
2023-10-03T06:12:58.218853Z [info     ] 2023-10-02 23:12:58,216 | INFO     | tap-github           | Skipping deselected stream 'assignees'. cmd_type=elb consumer=False name=tap-github producer=True stdio=stderr string_id=tap-github
2023-10-03T06:12:58.219006Z [info     ] 2023-10-02 23:12:58,216 | INFO     | tap-github           | Skipping deselected stream 'collaborators'. cmd_type=elb consumer=False name=tap-github producer=True stdio=stderr string_id=tap-github
2023-10-03T06:12:58.219172Z [info     ] 2023-10-02 23:12:58,216 | INFO     | tap-github           | Skipping deselected stream 'commit_comments'. cmd_type=elb consumer=False name=tap-github producer=True stdio=stderr string_id=tap-github
2023-10-03T06:12:58.219332Z [info     ] 2023-10-02 23:12:58,216 | INFO     | tap-github           | Skipping deselected stream 'community_profile'. cmd_type=elb consumer=False name=tap-github producer=True stdio=stderr string_id=tap-github
2023-10-03T06:12:58.219492Z [info     ] 2023-10-02 23:12:58,216 | INFO     | tap-github           | Skipping deselected stream 'contributors'. cmd_type=elb consumer=False name=tap-github producer=True stdio=stderr string_id=tap-github
2023-10-03T06:12:58.219638Z [info     ] 2023-10-02 23:12:58,216 | INFO     | tap-github           | Skipping deselected stream 'dependencies'. cmd_type=elb consumer=False name=tap-github producer=True stdio=stderr string_id=tap-github
2023-10-03T06:12:58.219766Z [info     ] 2023-10-02 23:12:58,216 | INFO     | tap-github           | Skipping deselected stream 'dependents'. cmd_type=elb consumer=False name=tap-github producer=True stdio=stderr string_id=tap-github
2023-10-03T06:12:58.219959Z [info     ] 2023-10-02 23:12:58,216 | INFO     | tap-github           | Skipping deselected stream 'events'. cmd_type=elb consumer=False name=tap-github producer=True stdio=stderr string_id=tap-github
2023-10-03T06:12:58.220127Z [info     ] 2023-10-02 23:12:58,216 | INFO     | tap-github           | Skipping deselected stream 'extra_metrics'. cmd_type=elb consumer=False name=tap-github producer=True stdio=stderr string_id=tap-github
2023-10-03T06:12:58.220245Z [info     ] 2023-10-02 23:12:58,217 | INFO     | tap-github           | Skipping deselected stream 'issue_comments'. cmd_type=elb consumer=False name=tap-github producer=True stdio=stderr string_id=tap-github
2023-10-03T06:12:58.220359Z [info     ] 2023-10-02 23:12:58,217 | INFO     | tap-github           | Skipping deselected stream 'issue_events'. cmd_type=elb consumer=False name=tap-github producer=True stdio=stderr string_id=tap-github
2023-10-03T06:12:58.220507Z [info     ] 2023-10-02 23:12:58,217 | INFO     | tap-github           | Skipping deselected stream 'issues'. cmd_type=elb consumer=False name=tap-github producer=True stdio=stderr string_id=tap-github
2023-10-03T06:12:58.220621Z [info     ] 2023-10-02 23:12:58,217 | INFO     | tap-github           | Skipping deselected stream 'labels'. cmd_type=elb consumer=False name=tap-github producer=True stdio=stderr string_id=tap-github
2023-10-03T06:12:58.220736Z [info     ] 2023-10-02 23:12:58,217 | INFO     | tap-github           | Skipping deselected stream 'languages'. cmd_type=elb consumer=False name=tap-github producer=True stdio=stderr string_id=tap-github
2023-10-03T06:12:58.220906Z [info     ] 2023-10-02 23:12:58,217 | INFO     | tap-github           | Skipping deselected stream 'milestones'. cmd_type=elb consumer=False name=tap-github producer=True stdio=stderr string_id=tap-github
2023-10-03T06:12:58.221057Z [info     ] 2023-10-02 23:12:58,217 | INFO     | tap-github           | Skipping deselected stream 'project_cards'. cmd_type=elb consumer=False name=tap-github producer=True stdio=stderr string_id=tap-github
2023-10-03T06:12:58.221228Z [info     ] 2023-10-02 23:12:58,217 | INFO     | tap-github           | Skipping deselected stream 'project_columns'. cmd_type=elb consumer=False name=tap-github producer=True stdio=stderr string_id=tap-github
2023-10-03T06:12:58.221363Z [info     ] 2023-10-02 23:12:58,217 | INFO     | tap-github           | Skipping deselected stream 'projects'. cmd_type=elb consumer=False name=tap-github producer=True stdio=stderr string_id=tap-github
2023-10-03T06:12:58.221495Z [info     ] 2023-10-02 23:12:58,217 | INFO     | tap-github           | Skipping deselected stream 'pull_request_commits'. cmd_type=elb consumer=False name=tap-github producer=True stdio=stderr string_id=tap-github
2023-10-03T06:12:58.221639Z [info     ] 2023-10-02 23:12:58,217 | INFO     | tap-github           | Skipping deselected stream 'pull_requests'. cmd_type=elb consumer=False name=tap-github producer=True stdio=stderr string_id=tap-github
2023-10-03T06:12:58.221816Z [info     ] 2023-10-02 23:12:58,217 | INFO     | tap-github           | Skipping deselected stream 'readme'. cmd_type=elb consumer=False name=tap-github producer=True stdio=stderr string_id=tap-github
2023-10-03T06:12:58.222030Z [info     ] 2023-10-02 23:12:58,217 | INFO     | tap-github           | Skipping deselected stream 'readme_html'. cmd_type=elb consumer=False name=tap-github producer=True stdio=stderr string_id=tap-github
2023-10-03T06:12:58.222218Z [info     ] 2023-10-02 23:12:58,217 | INFO     | tap-github           | Skipping deselected stream 'releases'. cmd_type=elb consumer=False name=tap-github producer=True stdio=stderr string_id=tap-github
2023-10-03T06:12:58.222380Z [info     ] 2023-10-02 23:12:58,218 | INFO     | tap-github           | Beginning full_table sync of 'repositories'... cmd_type=elb consumer=False name=tap-github producer=True stdio=stderr string_id=tap-github
2023-10-03T06:12:58.222542Z [info     ] 2023-10-02 23:12:58,218 | INFO     | tap-github           | Filtering repository list of 1 repositories cmd_type=elb consumer=False name=tap-github producer=True stdio=stderr string_id=tap-github
2023-10-03T06:12:58.571902Z [info     ] 2023-10-02 23:12:58,571 | INFO     | tap-github           | Tap will run with 1 auth tokens cmd_type=elb consumer=False name=tap-github producer=True stdio=stderr string_id=tap-github
2023-10-03T06:12:58.942404Z [info     ] 2023-10-02 23:12:58,941 | INFO     | singer_sdk.metrics   | METRIC: {"type": "timer", "metric": "http_request_duration", "value": 0.364532, "tags": {"stream": "tempStream", "endpoint": "", "http_status_code": 200, "status": "succeeded"}} cmd_type=elb consumer=False name=tap-github producer=True stdio=stderr string_id=tap-github
2023-10-03T06:12:59.011612Z [info     ] 2023-10-02 23:12:59,011 | INFO     | singer_sdk.metrics   | METRIC: {"type": "counter", "metric": "http_request_count", "value": 1, "tags": {"stream": "tempStream", "endpoint": "", "context": {}}} cmd_type=elb consumer=False name=tap-github producer=True stdio=stderr string_id=tap-github
2023-10-03T06:12:59.011919Z [info     ] 2023-10-02 23:12:59,011 | INFO     | tap-github           | Running the tap on 1 repositories cmd_type=elb consumer=False name=tap-github producer=True stdio=stderr string_id=tap-github
2023-10-03T06:12:59.012574Z [info     ] 2023-10-02 23:12:59,012 | INFO     | tap-github           | Running the tap on 1 repositories cmd_type=elb consumer=False name=tap-github producer=True stdio=stderr string_id=tap-github
2023-10-03T06:12:59.356360Z [info     ] 2023-10-02 23:12:59,355 | INFO     | tap-github           | Tap will run with 1 auth tokens cmd_type=elb consumer=False name=tap-github producer=True stdio=stderr string_id=tap-github
2023-10-03T06:12:59.815704Z [info     ] 2023-10-02 23:12:59,815 | INFO     | singer_sdk.metrics   | METRIC: {"type": "timer", "metric": "http_request_duration", "value": 0.454334, "tags": {"stream": "repositories", "endpoint": "/repos/{org}/{repo}", "http_status_code": 200, "status": "succeeded", "context": {"org": "CorrelAid", "repo": "correlaid_website", "repo_id": 579987199}}} cmd_type=elb consumer=False name=tap-github producer=True stdio=stderr string_id=tap-github
2023-10-03T06:12:59.816060Z [info     ] 2023-10-02 23:12:59,815 | INFO     | tap-github           | Tap has custom mapper. Using 1 provided map(s). cmd_type=elb consumer=False name=tap-github producer=True stdio=stderr string_id=tap-github
2023-10-03T06:12:59.816249Z [info     ] 2023-10-02 23:12:59,815 | INFO     | tap-github           | Beginning incremental sync of 'commits' with context: {'org': 'CorrelAid', 'repo': 'correlaid_website', 'repo_id': 579987199}... cmd_type=elb consumer=False name=tap-github producer=True stdio=stderr string_id=tap-github
2023-10-03T06:12:59.816472Z [info     ] 2023-10-02 23:12:59,815 | INFO     | tap-github           | Tap has custom mapper. Using 1 provided map(s). cmd_type=elb consumer=False name=tap-github producer=True stdio=stderr string_id=tap-github
2023-10-03T06:13:00.189541Z [info     ] 2023-10-02 23:13:00,188 | INFO     | tap-github           | Tap will run with 1 auth tokens cmd_type=elb consumer=False name=tap-github producer=True stdio=stderr string_id=tap-github
2023-10-03T06:13:01.052755Z [info     ] 2023-10-02 23:13:01,051 | INFO     | singer_sdk.metrics   | METRIC: {"type": "timer", "metric": "http_request_duration", "value": 0.722919, "tags": {"stream": "commits", "endpoint": "/repos/{org}/{repo}/commits", "http_status_code": 200, "status": "succeeded", "context": {"org": "CorrelAid", "repo": "correlaid_website", "repo_id": 579987199}}} cmd_type=elb consumer=False name=tap-github producer=True stdio=stderr string_id=tap-github
2023-10-03T06:13:01.063123Z [info     ] 2023-10-02 23:13:01,062 | WARNING  | tap-github           | Properties ('comments_url', 'parents') were present in the 'commits' stream but not found in catalog schema. Ignoring. cmd_type=elb consumer=False name=tap-github producer=True stdio=stderr string_id=tap-github
2023-10-03T06:13:01.564535Z [info     ] 2023-10-02 23:13:01,563 | INFO     | singer_sdk.metrics   | METRIC: {"type": "timer", "metric": "http_request_duration", "value": 0.464702, "tags": {"stream": "commits", "endpoint": "/repos/{org}/{repo}/commits", "http_status_code": 200, "status": "succeeded", "context": {"org": "CorrelAid", "repo": "correlaid_website", "repo_id": 579987199}}} cmd_type=elb consumer=False name=tap-github producer=True stdio=stderr string_id=tap-github
2023-10-03T06:13:01.959963Z [info     ] 2023-10-02 23:13:01,958 | INFO     | singer_sdk.metrics   | METRIC: {"type": "timer", "metric": "http_request_duration", "value": 0.357914, "tags": {"stream": "commits", "endpoint": "/repos/{org}/{repo}/commits", "http_status_code": 200, "status": "succeeded", "context": {"org": "CorrelAid", "repo": "correlaid_website", "repo_id": 579987199}}} cmd_type=elb consumer=False name=tap-github producer=True stdio=stderr string_id=tap-github
2023-10-03T06:13:02.388749Z [info     ] 2023-10-02 23:13:02,387 | INFO     | singer_sdk.metrics   | METRIC: {"type": "timer", "metric": "http_request_duration", "value": 0.380802, "tags": {"stream": "commits", "endpoint": "/repos/{org}/{repo}/commits", "http_status_code": 200, "status": "succeeded", "context": {"org": "CorrelAid", "repo": "correlaid_website", "repo_id": 579987199}}} cmd_type=elb consumer=False name=tap-github producer=True stdio=stderr string_id=tap-github
2023-10-03T06:13:02.760093Z [info     ] 2023-10-02 23:13:02,759 | INFO     | singer_sdk.metrics   | METRIC: {"type": "timer", "metric": "http_request_duration", "value": 0.32372, "tags": {"stream": "commits", "endpoint": "/repos/{org}/{repo}/commits", "http_status_code": 200, "status": "succeeded", "context": {"org": "CorrelAid", "repo": "correlaid_website", "repo_id": 579987199}}} cmd_type=elb consumer=False name=tap-github producer=True stdio=stderr string_id=tap-github
2023-10-03T06:13:03.175144Z [info     ] 2023-10-02 23:13:03,174 | INFO     | singer_sdk.metrics   | METRIC: {"type": "timer", "metric": "http_request_duration", "value": 0.368825, "tags": {"stream": "commits", "endpoint": "/repos/{org}/{repo}/commits", "http_status_code": 200, "status": "succeeded", "context": {"org": "CorrelAid", "repo": "correlaid_website", "repo_id": 579987199}}} cmd_type=elb consumer=False name=tap-github producer=True stdio=stderr string_id=tap-github
2023-10-03T06:13:03.596751Z [info     ] 2023-10-02 23:13:03,595 | INFO     | singer_sdk.metrics   | METRIC: {"type": "timer", "metric": "http_request_duration", "value": 0.372662, "tags": {"stream": "commits", "endpoint": "/repos/{org}/{repo}/commits", "http_status_code": 200, "status": "succeeded", "context": {"org": "CorrelAid", "repo": "correlaid_website", "repo_id": 579987199}}} cmd_type=elb consumer=False name=tap-github producer=True stdio=stderr string_id=tap-github
2023-10-03T06:13:03.888771Z [info     ] 2023-10-02 23:13:03,888 | INFO     | singer_sdk.metrics   | METRIC: {"type": "timer", "metric": "http_request_duration", "value": 0.247261, "tags": {"stream": "commits", "endpoint": "/repos/{org}/{repo}/commits", "http_status_code": 200, "status": "succeeded", "context": {"org": "CorrelAid", "repo": "correlaid_website", "repo_id": 579987199}}} cmd_type=elb consumer=False name=tap-github producer=True stdio=stderr string_id=tap-github
2023-10-03T06:13:03.922186Z [info     ] 2023-10-02 23:13:03,921 | INFO     | singer_sdk.metrics   | METRIC: {"type": "counter", "metric": "http_request_count", "value": 8, "tags": {"stream": "commits", "endpoint": "/repos/{org}/{repo}/commits", "context": {"org": "CorrelAid", "repo": "correlaid_website", "repo_id": 579987199}}} cmd_type=elb consumer=False name=tap-github producer=True stdio=stderr string_id=tap-github
2023-10-03T06:13:03.922850Z [info     ] 2023-10-02 23:13:03,922 | INFO     | singer_sdk.metrics   | METRIC: {"type": "timer", "metric": "sync_duration", "value": 4.105864763259888, "tags": {"stream": "commits", "context": {"org": "CorrelAid", "repo": "correlaid_website", "repo_id": 579987199}, "status": "succeeded"}} cmd_type=elb consumer=False name=tap-github producer=True stdio=stderr string_id=tap-github
2023-10-03T06:13:03.923149Z [info     ] 2023-10-02 23:13:03,922 | INFO     | singer_sdk.metrics   | METRIC: {"type": "counter", "metric": "record_count", "value": 776, "tags": {"stream": "commits", "context": {"org": "CorrelAid", "repo": "correlaid_website", "repo_id": 579987199}}} cmd_type=elb consumer=False name=tap-github producer=True stdio=stderr string_id=tap-github
2023-10-03T06:13:03.923565Z [info     ] 2023-10-02 23:13:03,923 | INFO     | singer_sdk.metrics   | METRIC: {"type": "counter", "metric": "http_request_count", "value": 1, "tags": {"stream": "repositories", "endpoint": "/repos/{org}/{repo}", "context": {"org": "CorrelAid", "repo": "correlaid_website", "repo_id": 579987199}}} cmd_type=elb consumer=False name=tap-github producer=True stdio=stderr string_id=tap-github
2023-10-03T06:13:03.923921Z [info     ] 2023-10-02 23:13:03,923 | INFO     | singer_sdk.metrics   | METRIC: {"type": "timer", "metric": "sync_duration", "value": 4.910982131958008, "tags": {"stream": "repositories", "context": {"org": "CorrelAid", "repo": "correlaid_website", "repo_id": 579987199}, "status": "succeeded"}} cmd_type=elb consumer=False name=tap-github producer=True stdio=stderr string_id=tap-github
2023-10-03T06:13:03.924195Z [info     ] 2023-10-02 23:13:03,923 | INFO     | singer_sdk.metrics   | METRIC: {"type": "counter", "metric": "record_count", "value": 0, "tags": {"stream": "repositories", "context": {"org": "CorrelAid", "repo": "correlaid_website", "repo_id": 579987199}}} cmd_type=elb consumer=False name=tap-github producer=True stdio=stderr string_id=tap-github
2023-10-03T06:13:03.939087Z [info     ] 2023-10-02 23:13:03,938 | INFO     | tap-github           | Filtering repository list of 1 repositories cmd_type=elb consumer=False name=tap-github producer=True stdio=stderr string_id=tap-github
2023-10-03T06:13:04.329549Z [info     ] 2023-10-02 23:13:04,329 | INFO     | tap-github           | Tap will run with 1 auth tokens cmd_type=elb consumer=False name=tap-github producer=True stdio=stderr string_id=tap-github
2023-10-03T06:13:04.750125Z [info     ] 2023-10-02 23:13:04,749 | INFO     | singer_sdk.metrics   | METRIC: {"type": "timer", "metric": "http_request_duration", "value": 0.417234, "tags": {"stream": "tempStream", "endpoint": "", "http_status_code": 200, "status": "succeeded"}} cmd_type=elb consumer=False name=tap-github producer=True stdio=stderr string_id=tap-github
2023-10-03T06:13:04.751542Z [info     ] 2023-10-02 23:13:04,750 | INFO     | singer_sdk.metrics   | METRIC: {"type": "counter", "metric": "http_request_count", "value": 1, "tags": {"stream": "tempStream", "endpoint": "", "context": {}}} cmd_type=elb consumer=False name=tap-github producer=True stdio=stderr string_id=tap-github
2023-10-03T06:13:04.752479Z [info     ] 2023-10-02 23:13:04,751 | INFO     | tap-github           | Running the tap on 1 repositories cmd_type=elb consumer=False name=tap-github producer=True stdio=stderr string_id=tap-github
2023-10-03T06:13:04.755671Z [info     ] 2023-10-02 23:13:04,754 | INFO     | tap-github           | Running the tap on 1 repositories cmd_type=elb consumer=False name=tap-github producer=True stdio=stderr string_id=tap-github
2023-10-03T06:13:04.758098Z [info     ] 2023-10-02 23:13:04,757 | INFO     | tap-github           | Skipping deselected stream 'review_comments'. cmd_type=elb consumer=False name=tap-github producer=True stdio=stderr string_id=tap-github
2023-10-03T06:13:04.759321Z [info     ] 2023-10-02 23:13:04,757 | INFO     | tap-github           | Skipping deselected stream 'reviews'. cmd_type=elb consumer=False name=tap-github producer=True stdio=stderr string_id=tap-github
2023-10-03T06:13:04.760243Z [info     ] 2023-10-02 23:13:04,758 | INFO     | tap-github           | Skipping deselected stream 'stargazers'. cmd_type=elb consumer=False name=tap-github producer=True stdio=stderr string_id=tap-github
2023-10-03T06:13:04.761167Z [info     ] 2023-10-02 23:13:04,758 | INFO     | tap-github           | Skipping deselected stream 'stargazers_rest'. cmd_type=elb consumer=False name=tap-github producer=True stdio=stderr string_id=tap-github
2023-10-03T06:13:04.762358Z [info     ] 2023-10-02 23:13:04,759 | INFO     | tap-github           | Skipping deselected stream 'stats_contributors'. cmd_type=elb consumer=False name=tap-github producer=True stdio=stderr string_id=tap-github
2023-10-03T06:13:04.763349Z [info     ] 2023-10-02 23:13:04,759 | INFO     | tap-github           | Skipping deselected stream 'traffic_clones'. cmd_type=elb consumer=False name=tap-github producer=True stdio=stderr string_id=tap-github
2023-10-03T06:13:04.764224Z [info     ] 2023-10-02 23:13:04,759 | INFO     | tap-github           | Skipping deselected stream 'traffic_pageviews'. cmd_type=elb consumer=False name=tap-github producer=True stdio=stderr string_id=tap-github
2023-10-03T06:13:04.765047Z [info     ] 2023-10-02 23:13:04,760 | INFO     | tap-github           | Skipping deselected stream 'traffic_referral_paths'. cmd_type=elb consumer=False name=tap-github producer=True stdio=stderr string_id=tap-github
2023-10-03T06:13:04.765903Z [info     ] 2023-10-02 23:13:04,760 | INFO     | tap-github           | Skipping deselected stream 'traffic_referrers'. cmd_type=elb consumer=False name=tap-github producer=True stdio=stderr string_id=tap-github
2023-10-03T06:13:04.766751Z [info     ] 2023-10-02 23:13:04,760 | INFO     | tap-github           | Skipping deselected stream 'workflow_run_jobs'. cmd_type=elb consumer=False name=tap-github producer=True stdio=stderr string_id=tap-github
2023-10-03T06:13:04.767571Z [info     ] 2023-10-02 23:13:04,761 | INFO     | tap-github           | Skipping deselected stream 'workflow_runs'. cmd_type=elb consumer=False name=tap-github producer=True stdio=stderr string_id=tap-github
2023-10-03T06:13:04.768354Z [info     ] 2023-10-02 23:13:04,761 | INFO     | tap-github           | Skipping deselected stream 'workflows'. cmd_type=elb consumer=False name=tap-github producer=True stdio=stderr string_id=tap-github
2023-10-03T06:13:04.769388Z [info     ] 2023-10-02 23:13:04,762 | INFO     | tap-github           | Total Sync costs for stream commits: {'rest': 8, 'graphql': 0, 'search': 0} cmd_type=elb consumer=False name=tap-github producer=True stdio=stderr string_id=tap-github
2023-10-03T06:13:04.770350Z [info     ] 2023-10-02 23:13:04,762 | INFO     | tap-github           | Total Sync costs for stream repositories: {'rest': 1, 'graphql': 0, 'search': 0} cmd_type=elb consumer=False name=tap-github producer=True stdio=stderr string_id=tap-github
2023-10-03T06:13:04.895482Z [info     ] Incremental state has been updated at 2023-10-03 06:13:04.895267.
2023-10-03T06:13:04.902028Z [info     ] Block run completed.           block_type=ExtractLoadBlocks err=None set_number=0 success=True
