2023-10-03T17:56:12.428087Z [info     ] Performing full refresh, ignoring state left behind by any previous runs.
2023-10-03T17:56:12.964624Z [info     ] 2023-10-03 10:56:12,964 | WARNING  | tap-github           | The stream 'stargazers' might conflict with previous implementation. Looking for the older version? Use 'stargazers_rest'. cmd_type=elb consumer=False name=tap-github producer=True stdio=stderr string_id=tap-github
2023-10-03T17:56:12.965076Z [info     ] 2023-10-03 10:56:12,964 | WARNING  | tap-github           | The stream 'stargazers_rest' is deprecated. Please use the Graphql version instead: 'stargazers'. cmd_type=elb consumer=False name=tap-github producer=True stdio=stderr string_id=tap-github
2023-10-03T17:56:12.965353Z [info     ] 2023-10-03 10:56:12,965 | INFO     | tap-github           | Added 'anonymous_contributors' as child stream to 'repositories' cmd_type=elb consumer=False name=tap-github producer=True stdio=stderr string_id=tap-github
2023-10-03T17:56:12.965612Z [info     ] 2023-10-03 10:56:12,965 | INFO     | tap-github           | Added 'assignees' as child stream to 'repositories' cmd_type=elb consumer=False name=tap-github producer=True stdio=stderr string_id=tap-github
2023-10-03T17:56:12.965853Z [info     ] 2023-10-03 10:56:12,965 | INFO     | tap-github           | Added 'collaborators' as child stream to 'repositories' cmd_type=elb consumer=False name=tap-github producer=True stdio=stderr string_id=tap-github
2023-10-03T17:56:12.966042Z [info     ] 2023-10-03 10:56:12,965 | INFO     | tap-github           | Added 'commit_comments' as child stream to 'repositories' cmd_type=elb consumer=False name=tap-github producer=True stdio=stderr string_id=tap-github
2023-10-03T17:56:12.966237Z [info     ] 2023-10-03 10:56:12,965 | INFO     | tap-github           | Added 'commits' as child stream to 'repositories' cmd_type=elb consumer=False name=tap-github producer=True stdio=stderr string_id=tap-github
2023-10-03T17:56:12.966421Z [info     ] 2023-10-03 10:56:12,965 | INFO     | tap-github           | Added 'community_profile' as child stream to 'repositories' cmd_type=elb consumer=False name=tap-github producer=True stdio=stderr string_id=tap-github
2023-10-03T17:56:12.966609Z [info     ] 2023-10-03 10:56:12,965 | INFO     | tap-github           | Added 'contributors' as child stream to 'repositories' cmd_type=elb consumer=False name=tap-github producer=True stdio=stderr string_id=tap-github
2023-10-03T17:56:12.966823Z [info     ] 2023-10-03 10:56:12,965 | INFO     | tap-github           | Added 'dependencies' as child stream to 'repositories' cmd_type=elb consumer=False name=tap-github producer=True stdio=stderr string_id=tap-github
2023-10-03T17:56:12.966988Z [info     ] 2023-10-03 10:56:12,965 | INFO     | tap-github           | Added 'dependents' as child stream to 'repositories' cmd_type=elb consumer=False name=tap-github producer=True stdio=stderr string_id=tap-github
2023-10-03T17:56:12.967148Z [info     ] 2023-10-03 10:56:12,965 | INFO     | tap-github           | Added 'events' as child stream to 'repositories' cmd_type=elb consumer=False name=tap-github producer=True stdio=stderr string_id=tap-github
2023-10-03T17:56:12.967304Z [info     ] 2023-10-03 10:56:12,965 | INFO     | tap-github           | Added 'issue_comments' as child stream to 'repositories' cmd_type=elb consumer=False name=tap-github producer=True stdio=stderr string_id=tap-github
2023-10-03T17:56:12.967460Z [info     ] 2023-10-03 10:56:12,965 | INFO     | tap-github           | Added 'issue_events' as child stream to 'repositories' cmd_type=elb consumer=False name=tap-github producer=True stdio=stderr string_id=tap-github
2023-10-03T17:56:12.967617Z [info     ] 2023-10-03 10:56:12,965 | INFO     | tap-github           | Added 'issues' as child stream to 'repositories' cmd_type=elb consumer=False name=tap-github producer=True stdio=stderr string_id=tap-github
2023-10-03T17:56:12.967821Z [info     ] 2023-10-03 10:56:12,965 | INFO     | tap-github           | Added 'labels' as child stream to 'repositories' cmd_type=elb consumer=False name=tap-github producer=True stdio=stderr string_id=tap-github
2023-10-03T17:56:12.968012Z [info     ] 2023-10-03 10:56:12,965 | INFO     | tap-github           | Added 'languages' as child stream to 'repositories' cmd_type=elb consumer=False name=tap-github producer=True stdio=stderr string_id=tap-github
2023-10-03T17:56:12.968171Z [info     ] 2023-10-03 10:56:12,965 | INFO     | tap-github           | Added 'milestones' as child stream to 'repositories' cmd_type=elb consumer=False name=tap-github producer=True stdio=stderr string_id=tap-github
2023-10-03T17:56:12.968326Z [info     ] 2023-10-03 10:56:12,966 | INFO     | tap-github           | Added 'project_cards' as child stream to 'project_columns' cmd_type=elb consumer=False name=tap-github producer=True stdio=stderr string_id=tap-github
2023-10-03T17:56:12.968482Z [info     ] 2023-10-03 10:56:12,966 | INFO     | tap-github           | Added 'project_columns' as child stream to 'projects' cmd_type=elb consumer=False name=tap-github producer=True stdio=stderr string_id=tap-github
2023-10-03T17:56:12.968637Z [info     ] 2023-10-03 10:56:12,966 | INFO     | tap-github           | Added 'projects' as child stream to 'repositories' cmd_type=elb consumer=False name=tap-github producer=True stdio=stderr string_id=tap-github
2023-10-03T17:56:12.968791Z [info     ] 2023-10-03 10:56:12,966 | INFO     | tap-github           | Added 'pull_request_commits' as child stream to 'pull_requests' cmd_type=elb consumer=False name=tap-github producer=True stdio=stderr string_id=tap-github
2023-10-03T17:56:12.968946Z [info     ] 2023-10-03 10:56:12,966 | INFO     | tap-github           | Added 'pull_requests' as child stream to 'repositories' cmd_type=elb consumer=False name=tap-github producer=True stdio=stderr string_id=tap-github
2023-10-03T17:56:12.969101Z [info     ] 2023-10-03 10:56:12,966 | INFO     | tap-github           | Added 'readme_html' as child stream to 'repositories' cmd_type=elb consumer=False name=tap-github producer=True stdio=stderr string_id=tap-github
2023-10-03T17:56:12.969255Z [info     ] 2023-10-03 10:56:12,966 | INFO     | tap-github           | Added 'readme' as child stream to 'repositories' cmd_type=elb consumer=False name=tap-github producer=True stdio=stderr string_id=tap-github
2023-10-03T17:56:12.969410Z [info     ] 2023-10-03 10:56:12,966 | INFO     | tap-github           | Added 'releases' as child stream to 'repositories' cmd_type=elb consumer=False name=tap-github producer=True stdio=stderr string_id=tap-github
2023-10-03T17:56:12.969564Z [info     ] 2023-10-03 10:56:12,966 | INFO     | tap-github           | Added 'extra_metrics' as child stream to 'repositories' cmd_type=elb consumer=False name=tap-github producer=True stdio=stderr string_id=tap-github
2023-10-03T17:56:12.969719Z [info     ] 2023-10-03 10:56:12,966 | INFO     | tap-github           | Added 'review_comments' as child stream to 'repositories' cmd_type=elb consumer=False name=tap-github producer=True stdio=stderr string_id=tap-github
2023-10-03T17:56:12.969871Z [info     ] 2023-10-03 10:56:12,966 | INFO     | tap-github           | Added 'reviews' as child stream to 'pull_requests' cmd_type=elb consumer=False name=tap-github producer=True stdio=stderr string_id=tap-github
2023-10-03T17:56:12.970024Z [info     ] 2023-10-03 10:56:12,966 | INFO     | tap-github           | Added 'stargazers' as child stream to 'repositories' cmd_type=elb consumer=False name=tap-github producer=True stdio=stderr string_id=tap-github
2023-10-03T17:56:12.970177Z [info     ] 2023-10-03 10:56:12,966 | INFO     | tap-github           | Added 'stargazers_rest' as child stream to 'repositories' cmd_type=elb consumer=False name=tap-github producer=True stdio=stderr string_id=tap-github
2023-10-03T17:56:12.970329Z [info     ] 2023-10-03 10:56:12,966 | INFO     | tap-github           | Added 'stats_contributors' as child stream to 'repositories' cmd_type=elb consumer=False name=tap-github producer=True stdio=stderr string_id=tap-github
2023-10-03T17:56:12.970480Z [info     ] 2023-10-03 10:56:12,966 | INFO     | tap-github           | Added 'traffic_clones' as child stream to 'repositories' cmd_type=elb consumer=False name=tap-github producer=True stdio=stderr string_id=tap-github
2023-10-03T17:56:12.970643Z [info     ] 2023-10-03 10:56:12,966 | INFO     | tap-github           | Added 'traffic_pageviews' as child stream to 'repositories' cmd_type=elb consumer=False name=tap-github producer=True stdio=stderr string_id=tap-github
2023-10-03T17:56:12.970797Z [info     ] 2023-10-03 10:56:12,966 | INFO     | tap-github           | Added 'traffic_referral_paths' as child stream to 'repositories' cmd_type=elb consumer=False name=tap-github producer=True stdio=stderr string_id=tap-github
2023-10-03T17:56:12.970951Z [info     ] 2023-10-03 10:56:12,966 | INFO     | tap-github           | Added 'traffic_referrers' as child stream to 'repositories' cmd_type=elb consumer=False name=tap-github producer=True stdio=stderr string_id=tap-github
2023-10-03T17:56:12.971105Z [info     ] 2023-10-03 10:56:12,966 | INFO     | tap-github           | Added 'workflow_run_jobs' as child stream to 'workflow_runs' cmd_type=elb consumer=False name=tap-github producer=True stdio=stderr string_id=tap-github
2023-10-03T17:56:12.971328Z [info     ] 2023-10-03 10:56:12,966 | INFO     | tap-github           | Added 'workflow_runs' as child stream to 'repositories' cmd_type=elb consumer=False name=tap-github producer=True stdio=stderr string_id=tap-github
2023-10-03T17:56:12.971565Z [info     ] 2023-10-03 10:56:12,966 | INFO     | tap-github           | Added 'workflows' as child stream to 'repositories' cmd_type=elb consumer=False name=tap-github producer=True stdio=stderr string_id=tap-github
2023-10-03T17:56:12.971777Z [info     ] 2023-10-03 10:56:12,967 | WARNING  | tap-github           | Stream descendent 'commits' is selected and its parent 'repositories' does not use inclusive replication keys. Forcing full table replication for 'repositories'. cmd_type=elb consumer=False name=tap-github producer=True stdio=stderr string_id=tap-github
2023-10-03T17:56:12.971972Z [info     ] 2023-10-03 10:56:12,969 | INFO     | tap-github           | Skipping deselected stream 'anonymous_contributors'. cmd_type=elb consumer=False name=tap-github producer=True stdio=stderr string_id=tap-github
2023-10-03T17:56:12.972139Z [info     ] 2023-10-03 10:56:12,969 | INFO     | tap-github           | Skipping deselected stream 'assignees'. cmd_type=elb consumer=False name=tap-github producer=True stdio=stderr string_id=tap-github
2023-10-03T17:56:12.972306Z [info     ] 2023-10-03 10:56:12,969 | INFO     | tap-github           | Skipping deselected stream 'collaborators'. cmd_type=elb consumer=False name=tap-github producer=True stdio=stderr string_id=tap-github
2023-10-03T17:56:12.972472Z [info     ] 2023-10-03 10:56:12,969 | INFO     | tap-github           | Skipping deselected stream 'commit_comments'. cmd_type=elb consumer=False name=tap-github producer=True stdio=stderr string_id=tap-github
2023-10-03T17:56:12.972636Z [info     ] 2023-10-03 10:56:12,969 | INFO     | tap-github           | Skipping deselected stream 'community_profile'. cmd_type=elb consumer=False name=tap-github producer=True stdio=stderr string_id=tap-github
2023-10-03T17:56:12.972800Z [info     ] 2023-10-03 10:56:12,969 | INFO     | tap-github           | Skipping deselected stream 'contributors'. cmd_type=elb consumer=False name=tap-github producer=True stdio=stderr string_id=tap-github
2023-10-03T17:56:12.972964Z [info     ] 2023-10-03 10:56:12,969 | INFO     | tap-github           | Skipping deselected stream 'dependencies'. cmd_type=elb consumer=False name=tap-github producer=True stdio=stderr string_id=tap-github
2023-10-03T17:56:12.973128Z [info     ] 2023-10-03 10:56:12,969 | INFO     | tap-github           | Skipping deselected stream 'dependents'. cmd_type=elb consumer=False name=tap-github producer=True stdio=stderr string_id=tap-github
2023-10-03T17:56:12.973289Z [info     ] 2023-10-03 10:56:12,969 | INFO     | tap-github           | Skipping deselected stream 'events'. cmd_type=elb consumer=False name=tap-github producer=True stdio=stderr string_id=tap-github
2023-10-03T17:56:12.973511Z [info     ] 2023-10-03 10:56:12,969 | INFO     | tap-github           | Skipping deselected stream 'extra_metrics'. cmd_type=elb consumer=False name=tap-github producer=True stdio=stderr string_id=tap-github
2023-10-03T17:56:12.973721Z [info     ] 2023-10-03 10:56:12,969 | INFO     | tap-github           | Skipping deselected stream 'issue_comments'. cmd_type=elb consumer=False name=tap-github producer=True stdio=stderr string_id=tap-github
2023-10-03T17:56:12.973901Z [info     ] 2023-10-03 10:56:12,969 | INFO     | tap-github           | Skipping deselected stream 'issue_events'. cmd_type=elb consumer=False name=tap-github producer=True stdio=stderr string_id=tap-github
2023-10-03T17:56:12.974093Z [info     ] 2023-10-03 10:56:12,969 | INFO     | tap-github           | Skipping deselected stream 'issues'. cmd_type=elb consumer=False name=tap-github producer=True stdio=stderr string_id=tap-github
2023-10-03T17:56:12.974316Z [info     ] 2023-10-03 10:56:12,969 | INFO     | tap-github           | Skipping deselected stream 'labels'. cmd_type=elb consumer=False name=tap-github producer=True stdio=stderr string_id=tap-github
2023-10-03T17:56:12.974537Z [info     ] 2023-10-03 10:56:12,969 | INFO     | tap-github           | Skipping deselected stream 'languages'. cmd_type=elb consumer=False name=tap-github producer=True stdio=stderr string_id=tap-github
2023-10-03T17:56:12.974723Z [info     ] 2023-10-03 10:56:12,969 | INFO     | tap-github           | Skipping deselected stream 'milestones'. cmd_type=elb consumer=False name=tap-github producer=True stdio=stderr string_id=tap-github
2023-10-03T17:56:12.974902Z [info     ] 2023-10-03 10:56:12,969 | INFO     | tap-github           | Skipping deselected stream 'project_cards'. cmd_type=elb consumer=False name=tap-github producer=True stdio=stderr string_id=tap-github
2023-10-03T17:56:12.975074Z [info     ] 2023-10-03 10:56:12,969 | INFO     | tap-github           | Skipping deselected stream 'project_columns'. cmd_type=elb consumer=False name=tap-github producer=True stdio=stderr string_id=tap-github
2023-10-03T17:56:12.975239Z [info     ] 2023-10-03 10:56:12,969 | INFO     | tap-github           | Skipping deselected stream 'projects'. cmd_type=elb consumer=False name=tap-github producer=True stdio=stderr string_id=tap-github
2023-10-03T17:56:12.975431Z [info     ] 2023-10-03 10:56:12,969 | INFO     | tap-github           | Skipping deselected stream 'pull_request_commits'. cmd_type=elb consumer=False name=tap-github producer=True stdio=stderr string_id=tap-github
2023-10-03T17:56:12.975620Z [info     ] 2023-10-03 10:56:12,969 | INFO     | tap-github           | Skipping deselected stream 'pull_requests'. cmd_type=elb consumer=False name=tap-github producer=True stdio=stderr string_id=tap-github
2023-10-03T17:56:12.975835Z [info     ] 2023-10-03 10:56:12,969 | INFO     | tap-github           | Skipping deselected stream 'readme'. cmd_type=elb consumer=False name=tap-github producer=True stdio=stderr string_id=tap-github
2023-10-03T17:56:12.975998Z [info     ] 2023-10-03 10:56:12,970 | INFO     | tap-github           | Skipping deselected stream 'readme_html'. cmd_type=elb consumer=False name=tap-github producer=True stdio=stderr string_id=tap-github
2023-10-03T17:56:12.976159Z [info     ] 2023-10-03 10:56:12,970 | INFO     | tap-github           | Skipping deselected stream 'releases'. cmd_type=elb consumer=False name=tap-github producer=True stdio=stderr string_id=tap-github
2023-10-03T17:56:12.976320Z [info     ] 2023-10-03 10:56:12,970 | INFO     | tap-github           | Beginning full_table sync of 'repositories'... cmd_type=elb consumer=False name=tap-github producer=True stdio=stderr string_id=tap-github
2023-10-03T17:56:12.976492Z [info     ] 2023-10-03 10:56:12,970 | INFO     | tap-github           | Filtering repository list of 1 repositories cmd_type=elb consumer=False name=tap-github producer=True stdio=stderr string_id=tap-github
2023-10-03T17:56:13.060401Z [info     ] 2023-10-03 10:56:13,060 | INFO     | target-postgres      | Target 'target-postgres' is listening for input from tap. cmd_type=elb consumer=True name=target-postgres producer=False stdio=stderr string_id=target-postgres
2023-10-03T17:56:13.673196Z [info     ] 2023-10-03 10:56:13,672 | INFO     | tap-github           | Tap will run with 1 auth tokens cmd_type=elb consumer=False name=tap-github producer=True stdio=stderr string_id=tap-github
2023-10-03T17:56:14.173546Z [info     ] 2023-10-03 10:56:14,172 | INFO     | singer_sdk.metrics   | METRIC: {"type": "timer", "metric": "http_request_duration", "value": 0.495232, "tags": {"stream": "tempStream", "endpoint": "", "http_status_code": 200, "status": "succeeded"}} cmd_type=elb consumer=False name=tap-github producer=True stdio=stderr string_id=tap-github
2023-10-03T17:56:14.224579Z [info     ] 2023-10-03 10:56:14,224 | INFO     | singer_sdk.metrics   | METRIC: {"type": "counter", "metric": "http_request_count", "value": 1, "tags": {"stream": "tempStream", "endpoint": "", "context": {}}} cmd_type=elb consumer=False name=tap-github producer=True stdio=stderr string_id=tap-github
2023-10-03T17:56:14.224904Z [info     ] 2023-10-03 10:56:14,224 | INFO     | tap-github           | Running the tap on 1 repositories cmd_type=elb consumer=False name=tap-github producer=True stdio=stderr string_id=tap-github
2023-10-03T17:56:14.225741Z [info     ] 2023-10-03 10:56:14,225 | INFO     | tap-github           | Running the tap on 1 repositories cmd_type=elb consumer=False name=tap-github producer=True stdio=stderr string_id=tap-github
2023-10-03T17:56:14.628811Z [info     ] 2023-10-03 10:56:14,628 | INFO     | tap-github           | Tap will run with 1 auth tokens cmd_type=elb consumer=False name=tap-github producer=True stdio=stderr string_id=tap-github
2023-10-03T17:56:15.155185Z [info     ] 2023-10-03 10:56:15,154 | INFO     | singer_sdk.metrics   | METRIC: {"type": "timer", "metric": "http_request_duration", "value": 0.521106, "tags": {"stream": "repositories", "endpoint": "/repos/{org}/{repo}", "http_status_code": 200, "status": "succeeded", "context": {"org": "CorrelAid", "repo": "correlaid_website", "repo_id": 579987199}}} cmd_type=elb consumer=False name=tap-github producer=True stdio=stderr string_id=tap-github
2023-10-03T17:56:15.156096Z [info     ] 2023-10-03 10:56:15,155 | INFO     | tap-github           | Tap has custom mapper. Using 1 provided map(s). cmd_type=elb consumer=False name=tap-github producer=True stdio=stderr string_id=tap-github
2023-10-03T17:56:15.156618Z [info     ] 2023-10-03 10:56:15,155 | INFO     | tap-github           | Beginning incremental sync of 'commits' with context: {'org': 'CorrelAid', 'repo': 'correlaid_website', 'repo_id': 579987199}... cmd_type=elb consumer=False name=tap-github producer=True stdio=stderr string_id=tap-github
2023-10-03T17:56:15.157244Z [info     ] 2023-10-03 10:56:15,156 | INFO     | tap-github           | Tap has custom mapper. Using 1 provided map(s). cmd_type=elb consumer=False name=tap-github producer=True stdio=stderr string_id=tap-github
2023-10-03T17:56:15.159521Z [info     ] 2023-10-03 10:56:15,159 | INFO     | target-postgres      | Initializing 'target-postgres' target sink... cmd_type=elb consumer=True name=target-postgres producer=False stdio=stderr string_id=target-postgres
2023-10-03T17:56:15.160750Z [info     ] 2023-10-03 10:56:15,160 | INFO     | target-postgres      | Initializing target sink for stream 'commits'... cmd_type=elb consumer=True name=target-postgres producer=False stdio=stderr string_id=target-postgres
2023-10-03T17:56:15.514123Z [info     ] 2023-10-03 10:56:15,513 | INFO     | tap-github           | Tap will run with 1 auth tokens cmd_type=elb consumer=False name=tap-github producer=True stdio=stderr string_id=tap-github
2023-10-03T17:56:16.474948Z [info     ] 2023-10-03 10:56:16,474 | INFO     | singer_sdk.metrics   | METRIC: {"type": "timer", "metric": "http_request_duration", "value": 0.597889, "tags": {"stream": "commits", "endpoint": "/repos/{org}/{repo}/commits", "http_status_code": 200, "status": "succeeded", "context": {"org": "CorrelAid", "repo": "correlaid_website", "repo_id": 579987199}}} cmd_type=elb consumer=False name=tap-github producer=True stdio=stderr string_id=tap-github
2023-10-03T17:56:16.486311Z [info     ] 2023-10-03 10:56:16,485 | WARNING  | tap-github           | Properties ('commit.url', 'commit.comment_count', 'comments_url', 'author.url', 'author.followers_url', 'author.following_url', 'author.gists_url', 'author.starred_url', 'author.subscriptions_url', 'author.organizations_url', 'author.repos_url', 'author.events_url', 'author.received_events_url', 'committer.url', 'committer.followers_url', 'committer.following_url', 'committer.gists_url', 'committer.starred_url', 'committer.subscriptions_url', 'committer.organizations_url', 'committer.repos_url', 'committer.events_url', 'committer.received_events_url', 'parents') were present in the 'commits' stream but not found in catalog schema. Ignoring. cmd_type=elb consumer=False name=tap-github producer=True stdio=stderr string_id=tap-github
2023-10-03T17:56:16.518659Z [info     ] 2023-10-03 10:56:16,518 | WARNING  | tap-github           | Properties ('commit.url', 'commit.comment_count', 'comments_url', 'parents') were present in the 'commits' stream but not found in catalog schema. Ignoring. cmd_type=elb consumer=False name=tap-github producer=True stdio=stderr string_id=tap-github
2023-10-03T17:56:16.831136Z [info     ] 2023-10-03 10:56:16,830 | INFO     | singer_sdk.metrics   | METRIC: {"type": "timer", "metric": "http_request_duration", "value": 0.279069, "tags": {"stream": "commits", "endpoint": "/repos/{org}/{repo}/commits", "http_status_code": 200, "status": "succeeded", "context": {"org": "CorrelAid", "repo": "correlaid_website", "repo_id": 579987199}}} cmd_type=elb consumer=False name=tap-github producer=True stdio=stderr string_id=tap-github
2023-10-03T17:56:17.153726Z [info     ] 2023-10-03 10:56:17,153 | INFO     | singer_sdk.metrics   | METRIC: {"type": "timer", "metric": "http_request_duration", "value": 0.262579, "tags": {"stream": "commits", "endpoint": "/repos/{org}/{repo}/commits", "http_status_code": 200, "status": "succeeded", "context": {"org": "CorrelAid", "repo": "correlaid_website", "repo_id": 579987199}}} cmd_type=elb consumer=False name=tap-github producer=True stdio=stderr string_id=tap-github
2023-10-03T17:56:17.573751Z [info     ] 2023-10-03 10:56:17,573 | INFO     | singer_sdk.metrics   | METRIC: {"type": "timer", "metric": "http_request_duration", "value": 0.360104, "tags": {"stream": "commits", "endpoint": "/repos/{org}/{repo}/commits", "http_status_code": 200, "status": "succeeded", "context": {"org": "CorrelAid", "repo": "correlaid_website", "repo_id": 579987199}}} cmd_type=elb consumer=False name=tap-github producer=True stdio=stderr string_id=tap-github
2023-10-03T17:56:17.898954Z [info     ] 2023-10-03 10:56:17,898 | INFO     | singer_sdk.metrics   | METRIC: {"type": "timer", "metric": "http_request_duration", "value": 0.279493, "tags": {"stream": "commits", "endpoint": "/repos/{org}/{repo}/commits", "http_status_code": 200, "status": "succeeded", "context": {"org": "CorrelAid", "repo": "correlaid_website", "repo_id": 579987199}}} cmd_type=elb consumer=False name=tap-github producer=True stdio=stderr string_id=tap-github
2023-10-03T17:56:18.242716Z [info     ] 2023-10-03 10:56:18,242 | INFO     | singer_sdk.metrics   | METRIC: {"type": "timer", "metric": "http_request_duration", "value": 0.277579, "tags": {"stream": "commits", "endpoint": "/repos/{org}/{repo}/commits", "http_status_code": 200, "status": "succeeded", "context": {"org": "CorrelAid", "repo": "correlaid_website", "repo_id": 579987199}}} cmd_type=elb consumer=False name=tap-github producer=True stdio=stderr string_id=tap-github
2023-10-03T17:56:18.581432Z [info     ] 2023-10-03 10:56:18,580 | INFO     | singer_sdk.metrics   | METRIC: {"type": "timer", "metric": "http_request_duration", "value": 0.278026, "tags": {"stream": "commits", "endpoint": "/repos/{org}/{repo}/commits", "http_status_code": 200, "status": "succeeded", "context": {"org": "CorrelAid", "repo": "correlaid_website", "repo_id": 579987199}}} cmd_type=elb consumer=False name=tap-github producer=True stdio=stderr string_id=tap-github
2023-10-03T17:56:18.882751Z [info     ] 2023-10-03 10:56:18,882 | INFO     | singer_sdk.metrics   | METRIC: {"type": "timer", "metric": "http_request_duration", "value": 0.248154, "tags": {"stream": "commits", "endpoint": "/repos/{org}/{repo}/commits", "http_status_code": 200, "status": "succeeded", "context": {"org": "CorrelAid", "repo": "correlaid_website", "repo_id": 579987199}}} cmd_type=elb consumer=False name=tap-github producer=True stdio=stderr string_id=tap-github
2023-10-03T17:56:18.904504Z [info     ] 2023-10-03 10:56:18,904 | INFO     | singer_sdk.metrics   | METRIC: {"type": "counter", "metric": "http_request_count", "value": 8, "tags": {"stream": "commits", "endpoint": "/repos/{org}/{repo}/commits", "context": {"org": "CorrelAid", "repo": "correlaid_website", "repo_id": 579987199}}} cmd_type=elb consumer=False name=tap-github producer=True stdio=stderr string_id=tap-github
2023-10-03T17:56:18.904874Z [info     ] 2023-10-03 10:56:18,904 | INFO     | singer_sdk.metrics   | METRIC: {"type": "timer", "metric": "sync_duration", "value": 3.74605131149292, "tags": {"stream": "commits", "context": {"org": "CorrelAid", "repo": "correlaid_website", "repo_id": 579987199}, "status": "succeeded"}} cmd_type=elb consumer=False name=tap-github producer=True stdio=stderr string_id=tap-github
2023-10-03T17:56:18.905087Z [info     ] 2023-10-03 10:56:18,904 | INFO     | singer_sdk.metrics   | METRIC: {"type": "counter", "metric": "record_count", "value": 776, "tags": {"stream": "commits", "context": {"org": "CorrelAid", "repo": "correlaid_website", "repo_id": 579987199}}} cmd_type=elb consumer=False name=tap-github producer=True stdio=stderr string_id=tap-github
2023-10-03T17:56:18.905415Z [info     ] 2023-10-03 10:56:18,905 | INFO     | singer_sdk.metrics   | METRIC: {"type": "counter", "metric": "http_request_count", "value": 1, "tags": {"stream": "repositories", "endpoint": "/repos/{org}/{repo}", "context": {"org": "CorrelAid", "repo": "correlaid_website", "repo_id": 579987199}}} cmd_type=elb consumer=False name=tap-github producer=True stdio=stderr string_id=tap-github
2023-10-03T17:56:18.905628Z [info     ] 2023-10-03 10:56:18,905 | INFO     | singer_sdk.metrics   | METRIC: {"type": "timer", "metric": "sync_duration", "value": 4.679533004760742, "tags": {"stream": "repositories", "context": {"org": "CorrelAid", "repo": "correlaid_website", "repo_id": 579987199}, "status": "succeeded"}} cmd_type=elb consumer=False name=tap-github producer=True stdio=stderr string_id=tap-github
2023-10-03T17:56:18.905887Z [info     ] 2023-10-03 10:56:18,905 | INFO     | singer_sdk.metrics   | METRIC: {"type": "counter", "metric": "record_count", "value": 0, "tags": {"stream": "repositories", "context": {"org": "CorrelAid", "repo": "correlaid_website", "repo_id": 579987199}}} cmd_type=elb consumer=False name=tap-github producer=True stdio=stderr string_id=tap-github
2023-10-03T17:56:18.915569Z [info     ] 2023-10-03 10:56:18,915 | INFO     | tap-github           | Filtering repository list of 1 repositories cmd_type=elb consumer=False name=tap-github producer=True stdio=stderr string_id=tap-github
2023-10-03T17:56:19.304776Z [info     ] 2023-10-03 10:56:19,304 | INFO     | tap-github           | Tap will run with 1 auth tokens cmd_type=elb consumer=False name=tap-github producer=True stdio=stderr string_id=tap-github
2023-10-03T17:56:19.795948Z [info     ] 2023-10-03 10:56:19,795 | INFO     | singer_sdk.metrics   | METRIC: {"type": "timer", "metric": "http_request_duration", "value": 0.485571, "tags": {"stream": "tempStream", "endpoint": "", "http_status_code": 200, "status": "succeeded"}} cmd_type=elb consumer=False name=tap-github producer=True stdio=stderr string_id=tap-github
2023-10-03T17:56:19.797087Z [info     ] 2023-10-03 10:56:19,796 | INFO     | singer_sdk.metrics   | METRIC: {"type": "counter", "metric": "http_request_count", "value": 1, "tags": {"stream": "tempStream", "endpoint": "", "context": {}}} cmd_type=elb consumer=False name=tap-github producer=True stdio=stderr string_id=tap-github
2023-10-03T17:56:19.798122Z [info     ] 2023-10-03 10:56:19,796 | INFO     | tap-github           | Running the tap on 1 repositories cmd_type=elb consumer=False name=tap-github producer=True stdio=stderr string_id=tap-github
2023-10-03T17:56:19.800239Z [info     ] 2023-10-03 10:56:19,798 | INFO     | tap-github           | Running the tap on 1 repositories cmd_type=elb consumer=False name=tap-github producer=True stdio=stderr string_id=tap-github
2023-10-03T17:56:19.801908Z [info     ] 2023-10-03 10:56:19,801 | INFO     | tap-github           | Skipping deselected stream 'review_comments'. cmd_type=elb consumer=False name=tap-github producer=True stdio=stderr string_id=tap-github
2023-10-03T17:56:19.802798Z [info     ] 2023-10-03 10:56:19,801 | INFO     | tap-github           | Skipping deselected stream 'reviews'. cmd_type=elb consumer=False name=tap-github producer=True stdio=stderr string_id=tap-github
2023-10-03T17:56:19.803626Z [info     ] 2023-10-03 10:56:19,802 | INFO     | tap-github           | Skipping deselected stream 'stargazers'. cmd_type=elb consumer=False name=tap-github producer=True stdio=stderr string_id=tap-github
2023-10-03T17:56:19.804456Z [info     ] 2023-10-03 10:56:19,802 | INFO     | tap-github           | Skipping deselected stream 'stargazers_rest'. cmd_type=elb consumer=False name=tap-github producer=True stdio=stderr string_id=tap-github
2023-10-03T17:56:19.805197Z [info     ] 2023-10-03 10:56:19,802 | INFO     | tap-github           | Skipping deselected stream 'stats_contributors'. cmd_type=elb consumer=False name=tap-github producer=True stdio=stderr string_id=tap-github
2023-10-03T17:56:19.806163Z [info     ] 2023-10-03 10:56:19,802 | INFO     | tap-github           | Skipping deselected stream 'traffic_clones'. cmd_type=elb consumer=False name=tap-github producer=True stdio=stderr string_id=tap-github
2023-10-03T17:56:19.806930Z [info     ] 2023-10-03 10:56:19,802 | INFO     | tap-github           | Skipping deselected stream 'traffic_pageviews'. cmd_type=elb consumer=False name=tap-github producer=True stdio=stderr string_id=tap-github
2023-10-03T17:56:19.807598Z [info     ] 2023-10-03 10:56:19,803 | INFO     | tap-github           | Skipping deselected stream 'traffic_referral_paths'. cmd_type=elb consumer=False name=tap-github producer=True stdio=stderr string_id=tap-github
2023-10-03T17:56:19.808412Z [info     ] 2023-10-03 10:56:19,803 | INFO     | tap-github           | Skipping deselected stream 'traffic_referrers'. cmd_type=elb consumer=False name=tap-github producer=True stdio=stderr string_id=tap-github
2023-10-03T17:56:19.809186Z [info     ] 2023-10-03 10:56:19,803 | INFO     | tap-github           | Skipping deselected stream 'workflow_run_jobs'. cmd_type=elb consumer=False name=tap-github producer=True stdio=stderr string_id=tap-github
2023-10-03T17:56:19.809938Z [info     ] 2023-10-03 10:56:19,803 | INFO     | tap-github           | Skipping deselected stream 'workflow_runs'. cmd_type=elb consumer=False name=tap-github producer=True stdio=stderr string_id=tap-github
2023-10-03T17:56:19.810682Z [info     ] 2023-10-03 10:56:19,803 | INFO     | tap-github           | Skipping deselected stream 'workflows'. cmd_type=elb consumer=False name=tap-github producer=True stdio=stderr string_id=tap-github
2023-10-03T17:56:19.811433Z [info     ] 2023-10-03 10:56:19,804 | INFO     | tap-github           | Total Sync costs for stream commits: {'rest': 8, 'graphql': 0, 'search': 0} cmd_type=elb consumer=False name=tap-github producer=True stdio=stderr string_id=tap-github
2023-10-03T17:56:19.812239Z [info     ] 2023-10-03 10:56:19,804 | INFO     | tap-github           | Total Sync costs for stream repositories: {'rest': 1, 'graphql': 0, 'search': 0} cmd_type=elb consumer=False name=tap-github producer=True stdio=stderr string_id=tap-github
2023-10-03T17:56:19.925273Z [info     ] 2023-10-03 10:56:19,925 | INFO     | target-postgres      | Target 'target-postgres' completed reading 818 lines of input (1 schemas, 776 records, 0 batch manifests, 41 state messages). cmd_type=elb consumer=True name=target-postgres producer=False stdio=stderr string_id=target-postgres
2023-10-03T17:56:20.091456Z [info     ] 2023-10-03 10:56:20,090 | INFO     | target-postgres      | Inserting with SQL: INSERT INTO "95edb66a_3da9_4414_b2b1_d24ffd99d8e6" (org, repo, repo_id, node_id, url, sha, html_url, commit_timestamp, commit, author, committer, _sdc_extracted_at, _sdc_received_at, _sdc_batched_at, _sdc_deleted_at, _sdc_sequence, _sdc_table_version, _sdc_sync_started_at) VALUES (:org, :repo, :repo_id, :node_id, :url, :sha, :html_url, :commit_timestamp, :commit, :author, :committer, :_sdc_extracted_at, :_sdc_received_at, :_sdc_batched_at, :_sdc_deleted_at, :_sdc_sequence, :_sdc_table_version, :_sdc_sync_started_at) cmd_type=elb consumer=True name=target-postgres producer=False stdio=stderr string_id=target-postgres
2023-10-03T17:56:20.250611Z [info     ] 2023-10-03 10:56:20,250 | INFO     | target-postgres      | Cleaning up commits cmd_type=elb consumer=True name=target-postgres producer=False stdio=stderr string_id=target-postgres
2023-10-03T17:56:20.250948Z [info     ] 2023-10-03 10:56:20,250 | INFO     | target-postgres      | Emitting completed target state {"bookmarks": {"tempStream": {}, "repositories": {"partitions": [{"context": {"org": "CorrelAid", "repo": "correlaid_website", "repo_id": 579987199}}]}, "commits": {"partitions": [{"context": {"org": "CorrelAid", "repo": "correlaid_website"}, "replication_key": "commit_timestamp", "replication_key_value": "2023-09-14T18:35:05Z"}]}, "anonymous_contributors": {}, "assignees": {}, "collaborators": {}, "commit_comments": {}, "community_profile": {}, "contributors": {}, "dependencies": {}, "dependents": {}, "events": {}, "issue_comments": {}, "issue_events": {}, "issues": {}, "labels": {}, "languages": {}, "milestones": {}, "project_cards": {}, "project_columns": {}, "projects": {}, "pull_request_commits": {}, "reviews": {}, "pull_requests": {}, "readme_html": {}, "readme": {}, "releases": {}, "extra_metrics": {}, "review_comments": {}, "stargazers": {}, "stargazers_rest": {}, "stats_contributors": {}, "traffic_clones": {}, "traffic_pageviews": {}, "traffic_referral_paths": {}, "traffic_referrers": {}, "workflow_run_jobs": {}, "workflow_runs": {}, "workflows": {}}} cmd_type=elb consumer=True name=target-postgres producer=False stdio=stderr string_id=target-postgres
2023-10-03T17:56:20.267792Z [info     ] Incremental state has been updated at 2023-10-03 17:56:20.267545.
2023-10-03T17:56:20.353351Z [info     ] Block run completed.           block_type=ExtractLoadBlocks err=None set_number=0 success=True
